ERROR - 2021-08-09 11:01:45 --> Column 'Jenis_tinta' cannot be null
CRITICAL - 2021-08-09 11:01:45 --> Column 'Jenis_tinta' cannot be null
#0 C:\xampp\htdocs\magang-tabel\system\Database\MySQLi\Connection.php(329): mysqli->query('INSERT INTO `ti...')
#1 C:\xampp\htdocs\magang-tabel\system\Database\BaseConnection.php(732): CodeIgniter\Database\MySQLi\Connection->execute('INSERT INTO `ti...')
#2 C:\xampp\htdocs\magang-tabel\system\Database\BaseConnection.php(647): CodeIgniter\Database\BaseConnection->simpleQuery('INSERT INTO `ti...')
#3 C:\xampp\htdocs\magang-tabel\system\Database\BaseBuilder.php(2277): CodeIgniter\Database\BaseConnection->query('INSERT INTO `ti...', Array, false)
#4 C:\xampp\htdocs\magang-tabel\app\Models\tintaModel.php(27): CodeIgniter\Database\BaseBuilder->insert(Array)
#5 C:\xampp\htdocs\magang-tabel\app\Controllers\Supplier.php(116): App\Models\tintaModel->saveTinta(Array)
#6 C:\xampp\htdocs\magang-tabel\system\CodeIgniter.php(928): App\Controllers\Supplier->savetinta()
#7 C:\xampp\htdocs\magang-tabel\system\CodeIgniter.php(436): CodeIgniter\CodeIgniter->runController(Object(App\Controllers\Supplier))
#8 C:\xampp\htdocs\magang-tabel\system\CodeIgniter.php(336): CodeIgniter\CodeIgniter->handleRequest(NULL, Object(Config\Cache), false)
#9 C:\xampp\htdocs\magang-tabel\public\index.php(37): CodeIgniter\CodeIgniter->run()
#10 C:\xampp\htdocs\magang-tabel\system\Commands\Server\rewrite.php(45): require_once('C:\\xampp\\htdocs...')
#11 {main}
ERROR - 2021-08-09 11:02:10 --> Column 'Jenis_tinta' cannot be null
CRITICAL - 2021-08-09 11:02:10 --> Column 'Jenis_tinta' cannot be null
#0 C:\xampp\htdocs\magang-tabel\system\Database\MySQLi\Connection.php(329): mysqli->query('INSERT INTO `ti...')
#1 C:\xampp\htdocs\magang-tabel\system\Database\BaseConnection.php(732): CodeIgniter\Database\MySQLi\Connection->execute('INSERT INTO `ti...')
#2 C:\xampp\htdocs\magang-tabel\system\Database\BaseConnection.php(647): CodeIgniter\Database\BaseConnection->simpleQuery('INSERT INTO `ti...')
#3 C:\xampp\htdocs\magang-tabel\system\Database\BaseBuilder.php(2277): CodeIgniter\Database\BaseConnection->query('INSERT INTO `ti...', Array, false)
#4 C:\xampp\htdocs\magang-tabel\app\Models\tintaModel.php(27): CodeIgniter\Database\BaseBuilder->insert(Array)
#5 C:\xampp\htdocs\magang-tabel\app\Controllers\Supplier.php(116): App\Models\tintaModel->saveTinta(Array)
#6 C:\xampp\htdocs\magang-tabel\system\CodeIgniter.php(928): App\Controllers\Supplier->savetinta()
#7 C:\xampp\htdocs\magang-tabel\system\CodeIgniter.php(436): CodeIgniter\CodeIgniter->runController(Object(App\Controllers\Supplier))
#8 C:\xampp\htdocs\magang-tabel\system\CodeIgniter.php(336): CodeIgniter\CodeIgniter->handleRequest(NULL, Object(Config\Cache), false)
#9 C:\xampp\htdocs\magang-tabel\public\index.php(37): CodeIgniter\CodeIgniter->run()
#10 C:\xampp\htdocs\magang-tabel\system\Commands\Server\rewrite.php(45): require_once('C:\\xampp\\htdocs...')
#11 {main}
ERROR - 2021-08-09 11:02:12 --> Column 'Jenis_tinta' cannot be null
CRITICAL - 2021-08-09 11:02:12 --> Column 'Jenis_tinta' cannot be null
#0 C:\xampp\htdocs\magang-tabel\system\Database\MySQLi\Connection.php(329): mysqli->query('INSERT INTO `ti...')
#1 C:\xampp\htdocs\magang-tabel\system\Database\BaseConnection.php(732): CodeIgniter\Database\MySQLi\Connection->execute('INSERT INTO `ti...')
#2 C:\xampp\htdocs\magang-tabel\system\Database\BaseConnection.php(647): CodeIgniter\Database\BaseConnection->simpleQuery('INSERT INTO `ti...')
#3 C:\xampp\htdocs\magang-tabel\system\Database\BaseBuilder.php(2277): CodeIgniter\Database\BaseConnection->query('INSERT INTO `ti...', Array, false)
#4 C:\xampp\htdocs\magang-tabel\app\Models\tintaModel.php(27): CodeIgniter\Database\BaseBuilder->insert(Array)
#5 C:\xampp\htdocs\magang-tabel\app\Controllers\Supplier.php(116): App\Models\tintaModel->saveTinta(Array)
#6 C:\xampp\htdocs\magang-tabel\system\CodeIgniter.php(928): App\Controllers\Supplier->savetinta()
#7 C:\xampp\htdocs\magang-tabel\system\CodeIgniter.php(436): CodeIgniter\CodeIgniter->runController(Object(App\Controllers\Supplier))
#8 C:\xampp\htdocs\magang-tabel\system\CodeIgniter.php(336): CodeIgniter\CodeIgniter->handleRequest(NULL, Object(Config\Cache), false)
#9 C:\xampp\htdocs\magang-tabel\public\index.php(37): CodeIgniter\CodeIgniter->run()
#10 C:\xampp\htdocs\magang-tabel\system\Commands\Server\rewrite.php(45): require_once('C:\\xampp\\htdocs...')
#11 {main}
CRITICAL - 2021-08-09 14:31:37 --> Undefined property: App\Controllers\Supplier::$product
#0 C:\xampp\htdocs\magang-tabel\app\Controllers\Supplier.php(105): CodeIgniter\Debug\Exceptions->errorHandler(2, 'Undefined prope...', 'C:\\xampp\\htdocs...', 105)
#1 C:\xampp\htdocs\magang-tabel\system\CodeIgniter.php(928): App\Controllers\Supplier->savetinta()
#2 C:\xampp\htdocs\magang-tabel\system\CodeIgniter.php(436): CodeIgniter\CodeIgniter->runController(Object(App\Controllers\Supplier))
#3 C:\xampp\htdocs\magang-tabel\system\CodeIgniter.php(336): CodeIgniter\CodeIgniter->handleRequest(NULL, Object(Config\Cache), false)
#4 C:\xampp\htdocs\magang-tabel\public\index.php(37): CodeIgniter\CodeIgniter->run()
#5 C:\xampp\htdocs\magang-tabel\system\Commands\Server\rewrite.php(45): require_once('C:\\xampp\\htdocs...')
#6 {main}
CRITICAL - 2021-08-09 14:32:52 --> Undefined property: App\Controllers\Supplier::$producttinta
#0 C:\xampp\htdocs\magang-tabel\app\Controllers\Supplier.php(105): CodeIgniter\Debug\Exceptions->errorHandler(2, 'Undefined prope...', 'C:\\xampp\\htdocs...', 105)
#1 C:\xampp\htdocs\magang-tabel\system\CodeIgniter.php(928): App\Controllers\Supplier->savetinta()
#2 C:\xampp\htdocs\magang-tabel\system\CodeIgniter.php(436): CodeIgniter\CodeIgniter->runController(Object(App\Controllers\Supplier))
#3 C:\xampp\htdocs\magang-tabel\system\CodeIgniter.php(336): CodeIgniter\CodeIgniter->handleRequest(NULL, Object(Config\Cache), false)
#4 C:\xampp\htdocs\magang-tabel\public\index.php(37): CodeIgniter\CodeIgniter->run()
#5 C:\xampp\htdocs\magang-tabel\system\Commands\Server\rewrite.php(45): require_once('C:\\xampp\\htdocs...')
#6 {main}
CRITICAL - 2021-08-09 14:32:55 --> Undefined property: App\Controllers\Supplier::$producttinta
#0 C:\xampp\htdocs\magang-tabel\app\Controllers\Supplier.php(105): CodeIgniter\Debug\Exceptions->errorHandler(2, 'Undefined prope...', 'C:\\xampp\\htdocs...', 105)
#1 C:\xampp\htdocs\magang-tabel\system\CodeIgniter.php(928): App\Controllers\Supplier->savetinta()
#2 C:\xampp\htdocs\magang-tabel\system\CodeIgniter.php(436): CodeIgniter\CodeIgniter->runController(Object(App\Controllers\Supplier))
#3 C:\xampp\htdocs\magang-tabel\system\CodeIgniter.php(336): CodeIgniter\CodeIgniter->handleRequest(NULL, Object(Config\Cache), false)
#4 C:\xampp\htdocs\magang-tabel\public\index.php(37): CodeIgniter\CodeIgniter->run()
#5 C:\xampp\htdocs\magang-tabel\system\Commands\Server\rewrite.php(45): require_once('C:\\xampp\\htdocs...')
#6 {main}
ERROR - 2021-08-09 14:33:09 --> Duplicate entry '0' for key 'PRIMARY'
CRITICAL - 2021-08-09 14:33:09 --> Duplicate entry '0' for key 'PRIMARY'
#0 C:\xampp\htdocs\magang-tabel\system\Database\MySQLi\Connection.php(329): mysqli->query('INSERT INTO `ti...')
#1 C:\xampp\htdocs\magang-tabel\system\Database\BaseConnection.php(732): CodeIgniter\Database\MySQLi\Connection->execute('INSERT INTO `ti...')
#2 C:\xampp\htdocs\magang-tabel\system\Database\BaseConnection.php(647): CodeIgniter\Database\BaseConnection->simpleQuery('INSERT INTO `ti...')
#3 C:\xampp\htdocs\magang-tabel\system\Database\BaseBuilder.php(2277): CodeIgniter\Database\BaseConnection->query('INSERT INTO `ti...', Array, false)
#4 C:\xampp\htdocs\magang-tabel\app\Models\tintaModel.php(27): CodeIgniter\Database\BaseBuilder->insert(Array)
#5 C:\xampp\htdocs\magang-tabel\app\Controllers\Supplier.php(119): App\Models\tintaModel->saveTinta(Array)
#6 C:\xampp\htdocs\magang-tabel\system\CodeIgniter.php(928): App\Controllers\Supplier->savetinta()
#7 C:\xampp\htdocs\magang-tabel\system\CodeIgniter.php(436): CodeIgniter\CodeIgniter->runController(Object(App\Controllers\Supplier))
#8 C:\xampp\htdocs\magang-tabel\system\CodeIgniter.php(336): CodeIgniter\CodeIgniter->handleRequest(NULL, Object(Config\Cache), false)
#9 C:\xampp\htdocs\magang-tabel\public\index.php(37): CodeIgniter\CodeIgniter->run()
#10 C:\xampp\htdocs\magang-tabel\system\Commands\Server\rewrite.php(45): require_once('C:\\xampp\\htdocs...')
#11 {main}
CRITICAL - 2021-08-09 14:33:15 --> preg_match_all(): Argument #2 ($subject) must be of type string, array given
#0 C:\xampp\htdocs\magang-tabel\vendor\tecnickcom\tcpdf\tcpdf.php(16351): preg_match_all('/<cssarray>([^\\...', Array, Array)
#1 C:\xampp\htdocs\magang-tabel\vendor\tecnickcom\tcpdf\tcpdf.php(17320): TCPDF->getHtmlDomArray(Array)
#2 C:\xampp\htdocs\magang-tabel\app\Controllers\Supplier.php(133): TCPDF->writeHTML(Array, true, false, true, false, '')
#3 C:\xampp\htdocs\magang-tabel\system\CodeIgniter.php(928): App\Controllers\Supplier->savetinta()
#4 C:\xampp\htdocs\magang-tabel\system\CodeIgniter.php(436): CodeIgniter\CodeIgniter->runController(Object(App\Controllers\Supplier))
#5 C:\xampp\htdocs\magang-tabel\system\CodeIgniter.php(336): CodeIgniter\CodeIgniter->handleRequest(NULL, Object(Config\Cache), false)
#6 C:\xampp\htdocs\magang-tabel\public\index.php(37): CodeIgniter\CodeIgniter->run()
#7 C:\xampp\htdocs\magang-tabel\system\Commands\Server\rewrite.php(45): require_once('C:\\xampp\\htdocs...')
#8 {main}
ERROR - 2021-08-09 14:37:32 --> Duplicate entry '51' for key 'PRIMARY'
CRITICAL - 2021-08-09 14:37:32 --> Duplicate entry '51' for key 'PRIMARY'
#0 C:\xampp\htdocs\magang-tabel\system\Database\MySQLi\Connection.php(329): mysqli->query('INSERT INTO `ti...')
#1 C:\xampp\htdocs\magang-tabel\system\Database\BaseConnection.php(732): CodeIgniter\Database\MySQLi\Connection->execute('INSERT INTO `ti...')
#2 C:\xampp\htdocs\magang-tabel\system\Database\BaseConnection.php(647): CodeIgniter\Database\BaseConnection->simpleQuery('INSERT INTO `ti...')
#3 C:\xampp\htdocs\magang-tabel\system\Database\BaseBuilder.php(2277): CodeIgniter\Database\BaseConnection->query('INSERT INTO `ti...', Array, false)
#4 C:\xampp\htdocs\magang-tabel\app\Models\tintaModel.php(27): CodeIgniter\Database\BaseBuilder->insert(Array)
#5 C:\xampp\htdocs\magang-tabel\app\Controllers\Supplier.php(119): App\Models\tintaModel->saveTinta(Array)
#6 C:\xampp\htdocs\magang-tabel\system\CodeIgniter.php(928): App\Controllers\Supplier->savetinta()
#7 C:\xampp\htdocs\magang-tabel\system\CodeIgniter.php(436): CodeIgniter\CodeIgniter->runController(Object(App\Controllers\Supplier))
#8 C:\xampp\htdocs\magang-tabel\system\CodeIgniter.php(336): CodeIgniter\CodeIgniter->handleRequest(NULL, Object(Config\Cache), false)
#9 C:\xampp\htdocs\magang-tabel\public\index.php(37): CodeIgniter\CodeIgniter->run()
#10 C:\xampp\htdocs\magang-tabel\system\Commands\Server\rewrite.php(45): require_once('C:\\xampp\\htdocs...')
#11 {main}
CRITICAL - 2021-08-09 14:37:58 --> preg_match_all(): Argument #2 ($subject) must be of type string, array given
#0 C:\xampp\htdocs\magang-tabel\vendor\tecnickcom\tcpdf\tcpdf.php(16351): preg_match_all('/<cssarray>([^\\...', Array, Array)
#1 C:\xampp\htdocs\magang-tabel\vendor\tecnickcom\tcpdf\tcpdf.php(17320): TCPDF->getHtmlDomArray(Array)
#2 C:\xampp\htdocs\magang-tabel\app\Controllers\Supplier.php(113): TCPDF->writeHTML(Array, true, false, true, false, '')
#3 C:\xampp\htdocs\magang-tabel\system\CodeIgniter.php(928): App\Controllers\Supplier->Tinta()
#4 C:\xampp\htdocs\magang-tabel\system\CodeIgniter.php(436): CodeIgniter\CodeIgniter->runController(Object(App\Controllers\Supplier))
#5 C:\xampp\htdocs\magang-tabel\system\CodeIgniter.php(336): CodeIgniter\CodeIgniter->handleRequest(NULL, Object(Config\Cache), false)
#6 C:\xampp\htdocs\magang-tabel\public\index.php(37): CodeIgniter\CodeIgniter->run()
#7 C:\xampp\htdocs\magang-tabel\system\Commands\Server\rewrite.php(45): require_once('C:\\xampp\\htdocs...')
#8 {main}
CRITICAL - 2021-08-09 14:38:36 --> preg_match_all(): Argument #2 ($subject) must be of type string, array given
#0 C:\xampp\htdocs\magang-tabel\vendor\tecnickcom\tcpdf\tcpdf.php(16351): preg_match_all('/<cssarray>([^\\...', Array, Array)
#1 C:\xampp\htdocs\magang-tabel\vendor\tecnickcom\tcpdf\tcpdf.php(17320): TCPDF->getHtmlDomArray(Array)
#2 C:\xampp\htdocs\magang-tabel\app\Controllers\Supplier.php(113): TCPDF->writeHTML(Array, true, false, true, false, '')
#3 C:\xampp\htdocs\magang-tabel\system\CodeIgniter.php(928): App\Controllers\Supplier->Tinta()
#4 C:\xampp\htdocs\magang-tabel\system\CodeIgniter.php(436): CodeIgniter\CodeIgniter->runController(Object(App\Controllers\Supplier))
#5 C:\xampp\htdocs\magang-tabel\system\CodeIgniter.php(336): CodeIgniter\CodeIgniter->handleRequest(NULL, Object(Config\Cache), false)
#6 C:\xampp\htdocs\magang-tabel\public\index.php(37): CodeIgniter\CodeIgniter->run()
#7 C:\xampp\htdocs\magang-tabel\system\Commands\Server\rewrite.php(45): require_once('C:\\xampp\\htdocs...')
#8 {main}
CRITICAL - 2021-08-09 02:57:29 --> Undefined property: App\Controllers\Supplier::$load
#0 C:\xampp\htdocs\magang-tabel\app\Controllers\Supplier.php(23): CodeIgniter\Debug\Exceptions->errorHandler(2, 'Undefined prope...', 'C:\\xampp\\htdocs...', 23)
#1 C:\xampp\htdocs\magang-tabel\system\CodeIgniter.php(900): App\Controllers\Supplier->__construct()
#2 C:\xampp\htdocs\magang-tabel\system\CodeIgniter.php(426): CodeIgniter\CodeIgniter->createController()
#3 C:\xampp\htdocs\magang-tabel\system\CodeIgniter.php(336): CodeIgniter\CodeIgniter->handleRequest(NULL, Object(Config\Cache), false)
#4 C:\xampp\htdocs\magang-tabel\public\index.php(37): CodeIgniter\CodeIgniter->run()
#5 C:\xampp\htdocs\magang-tabel\system\Commands\Server\rewrite.php(45): require_once('C:\\xampp\\htdocs...')
#6 {main}
CRITICAL - 2021-08-09 02:59:54 --> Class "pdf" not found
#0 C:\xampp\htdocs\magang-tabel\system\CodeIgniter.php(900): App\Controllers\Supplier->__construct()
#1 C:\xampp\htdocs\magang-tabel\system\CodeIgniter.php(426): CodeIgniter\CodeIgniter->createController()
#2 C:\xampp\htdocs\magang-tabel\system\CodeIgniter.php(336): CodeIgniter\CodeIgniter->handleRequest(NULL, Object(Config\Cache), false)
#3 C:\xampp\htdocs\magang-tabel\public\index.php(37): CodeIgniter\CodeIgniter->run()
#4 C:\xampp\htdocs\magang-tabel\system\Commands\Server\rewrite.php(45): require_once('C:\\xampp\\htdocs...')
#5 {main}
CRITICAL - 2021-08-09 15:34:06 --> Undefined variable $pdf
#0 C:\xampp\htdocs\magang-tabel\app\Views\subbahan\kertas.php(88): CodeIgniter\Debug\Exceptions->errorHandler(2, 'Undefined varia...', 'C:\\xampp\\htdocs...', 88)
#1 C:\xampp\htdocs\magang-tabel\system\View\View.php(230): include('C:\\xampp\\htdocs...')
#2 C:\xampp\htdocs\magang-tabel\system\View\View.php(232): CodeIgniter\View\View->CodeIgniter\View\{closure}()
#3 C:\xampp\htdocs\magang-tabel\system\Common.php(1271): CodeIgniter\View\View->render('subbahan/Kertas', Array, true)
#4 C:\xampp\htdocs\magang-tabel\app\Controllers\Supplier.php(40): view('subbahan/Kertas', Array)
#5 C:\xampp\htdocs\magang-tabel\system\CodeIgniter.php(928): App\Controllers\Supplier->Kertas()
#6 C:\xampp\htdocs\magang-tabel\system\CodeIgniter.php(436): CodeIgniter\CodeIgniter->runController(Object(App\Controllers\Supplier))
#7 C:\xampp\htdocs\magang-tabel\system\CodeIgniter.php(336): CodeIgniter\CodeIgniter->handleRequest(NULL, Object(Config\Cache), false)
#8 C:\xampp\htdocs\magang-tabel\public\index.php(37): CodeIgniter\CodeIgniter->run()
#9 C:\xampp\htdocs\magang-tabel\system\Commands\Server\rewrite.php(45): require_once('C:\\xampp\\htdocs...')
#10 {main}
CRITICAL - 2021-08-09 15:38:12 --> Undefined property: App\Controllers\Supplier::$load
#0 C:\xampp\htdocs\magang-tabel\app\Controllers\Supplier.php(51): CodeIgniter\Debug\Exceptions->errorHandler(2, 'Undefined prope...', 'C:\\xampp\\htdocs...', 51)
#1 C:\xampp\htdocs\magang-tabel\system\CodeIgniter.php(928): App\Controllers\Supplier->pdf('1')
#2 C:\xampp\htdocs\magang-tabel\system\CodeIgniter.php(436): CodeIgniter\CodeIgniter->runController(Object(App\Controllers\Supplier))
#3 C:\xampp\htdocs\magang-tabel\system\CodeIgniter.php(336): CodeIgniter\CodeIgniter->handleRequest(NULL, Object(Config\Cache), false)
#4 C:\xampp\htdocs\magang-tabel\public\index.php(37): CodeIgniter\CodeIgniter->run()
#5 C:\xampp\htdocs\magang-tabel\system\Commands\Server\rewrite.php(45): require_once('C:\\xampp\\htdocs...')
#6 {main}
ERROR - 2021-08-09 15:39:48 --> Column 'Nama_krts' cannot be null
CRITICAL - 2021-08-09 15:39:48 --> Column 'Nama_krts' cannot be null
#0 C:\xampp\htdocs\magang-tabel\system\Database\MySQLi\Connection.php(329): mysqli->query('INSERT INTO `ke...')
#1 C:\xampp\htdocs\magang-tabel\system\Database\BaseConnection.php(732): CodeIgniter\Database\MySQLi\Connection->execute('INSERT INTO `ke...')
#2 C:\xampp\htdocs\magang-tabel\system\Database\BaseConnection.php(647): CodeIgniter\Database\BaseConnection->simpleQuery('INSERT INTO `ke...')
#3 C:\xampp\htdocs\magang-tabel\system\Database\BaseBuilder.php(2277): CodeIgniter\Database\BaseConnection->query('INSERT INTO `ke...', Array, false)
#4 C:\xampp\htdocs\magang-tabel\app\Models\kertasModel.php(17): CodeIgniter\Database\BaseBuilder->insert(Array)
#5 C:\xampp\htdocs\magang-tabel\app\Controllers\Supplier.php(73): App\Models\kertasModel->saveData(Array)
#6 C:\xampp\htdocs\magang-tabel\app\Controllers\Supplier.php(44): App\Controllers\Supplier->save()
#7 C:\xampp\htdocs\magang-tabel\system\CodeIgniter.php(928): App\Controllers\Supplier->pdf('1')
#8 C:\xampp\htdocs\magang-tabel\system\CodeIgniter.php(436): CodeIgniter\CodeIgniter->runController(Object(App\Controllers\Supplier))
#9 C:\xampp\htdocs\magang-tabel\system\CodeIgniter.php(336): CodeIgniter\CodeIgniter->handleRequest(NULL, Object(Config\Cache), false)
#10 C:\xampp\htdocs\magang-tabel\public\index.php(37): CodeIgniter\CodeIgniter->run()
#11 C:\xampp\htdocs\magang-tabel\system\Commands\Server\rewrite.php(45): require_once('C:\\xampp\\htdocs...')
#12 {main}
ERROR - 2021-08-09 15:43:11 --> Column 'Nama_krts' cannot be null
CRITICAL - 2021-08-09 15:43:11 --> Column 'Nama_krts' cannot be null
#0 C:\xampp\htdocs\magang-tabel\system\Database\MySQLi\Connection.php(329): mysqli->query('INSERT INTO `ke...')
#1 C:\xampp\htdocs\magang-tabel\system\Database\BaseConnection.php(732): CodeIgniter\Database\MySQLi\Connection->execute('INSERT INTO `ke...')
#2 C:\xampp\htdocs\magang-tabel\system\Database\BaseConnection.php(647): CodeIgniter\Database\BaseConnection->simpleQuery('INSERT INTO `ke...')
#3 C:\xampp\htdocs\magang-tabel\system\Database\BaseBuilder.php(2277): CodeIgniter\Database\BaseConnection->query('INSERT INTO `ke...', Array, false)
#4 C:\xampp\htdocs\magang-tabel\app\Models\kertasModel.php(17): CodeIgniter\Database\BaseBuilder->insert(Array)
#5 C:\xampp\htdocs\magang-tabel\app\Controllers\Supplier.php(73): App\Models\kertasModel->saveData(Array)
#6 C:\xampp\htdocs\magang-tabel\app\Controllers\Supplier.php(44): App\Controllers\Supplier->save()
#7 C:\xampp\htdocs\magang-tabel\system\CodeIgniter.php(928): App\Controllers\Supplier->pdf('1')
#8 C:\xampp\htdocs\magang-tabel\system\CodeIgniter.php(436): CodeIgniter\CodeIgniter->runController(Object(App\Controllers\Supplier))
#9 C:\xampp\htdocs\magang-tabel\system\CodeIgniter.php(336): CodeIgniter\CodeIgniter->handleRequest(NULL, Object(Config\Cache), false)
#10 C:\xampp\htdocs\magang-tabel\public\index.php(37): CodeIgniter\CodeIgniter->run()
#11 C:\xampp\htdocs\magang-tabel\system\Commands\Server\rewrite.php(45): require_once('C:\\xampp\\htdocs...')
#12 {main}
ERROR - 2021-08-09 15:45:39 --> Column 'Nama_krts' cannot be null
CRITICAL - 2021-08-09 15:45:39 --> Column 'Nama_krts' cannot be null
#0 C:\xampp\htdocs\magang-tabel\system\Database\MySQLi\Connection.php(329): mysqli->query('INSERT INTO `ke...')
#1 C:\xampp\htdocs\magang-tabel\system\Database\BaseConnection.php(732): CodeIgniter\Database\MySQLi\Connection->execute('INSERT INTO `ke...')
#2 C:\xampp\htdocs\magang-tabel\system\Database\BaseConnection.php(647): CodeIgniter\Database\BaseConnection->simpleQuery('INSERT INTO `ke...')
#3 C:\xampp\htdocs\magang-tabel\system\Database\BaseBuilder.php(2277): CodeIgniter\Database\BaseConnection->query('INSERT INTO `ke...', Array, false)
#4 C:\xampp\htdocs\magang-tabel\app\Models\kertasModel.php(17): CodeIgniter\Database\BaseBuilder->insert(Array)
#5 C:\xampp\htdocs\magang-tabel\app\Controllers\Supplier.php(73): App\Models\kertasModel->saveData(Array)
#6 C:\xampp\htdocs\magang-tabel\app\Controllers\Supplier.php(44): App\Controllers\Supplier->save()
#7 C:\xampp\htdocs\magang-tabel\system\CodeIgniter.php(928): App\Controllers\Supplier->pdf('1')
#8 C:\xampp\htdocs\magang-tabel\system\CodeIgniter.php(436): CodeIgniter\CodeIgniter->runController(Object(App\Controllers\Supplier))
#9 C:\xampp\htdocs\magang-tabel\system\CodeIgniter.php(336): CodeIgniter\CodeIgniter->handleRequest(NULL, Object(Config\Cache), false)
#10 C:\xampp\htdocs\magang-tabel\public\index.php(37): CodeIgniter\CodeIgniter->run()
#11 C:\xampp\htdocs\magang-tabel\system\Commands\Server\rewrite.php(45): require_once('C:\\xampp\\htdocs...')
#12 {main}
ERROR - 2021-08-09 15:46:03 --> Column 'Nama_krts' cannot be null
CRITICAL - 2021-08-09 15:46:03 --> Column 'Nama_krts' cannot be null
#0 C:\xampp\htdocs\magang-tabel\system\Database\MySQLi\Connection.php(329): mysqli->query('INSERT INTO `ke...')
#1 C:\xampp\htdocs\magang-tabel\system\Database\BaseConnection.php(732): CodeIgniter\Database\MySQLi\Connection->execute('INSERT INTO `ke...')
#2 C:\xampp\htdocs\magang-tabel\system\Database\BaseConnection.php(647): CodeIgniter\Database\BaseConnection->simpleQuery('INSERT INTO `ke...')
#3 C:\xampp\htdocs\magang-tabel\system\Database\BaseBuilder.php(2277): CodeIgniter\Database\BaseConnection->query('INSERT INTO `ke...', Array, false)
#4 C:\xampp\htdocs\magang-tabel\app\Models\kertasModel.php(17): CodeIgniter\Database\BaseBuilder->insert(Array)
#5 C:\xampp\htdocs\magang-tabel\app\Controllers\Supplier.php(73): App\Models\kertasModel->saveData(Array)
#6 C:\xampp\htdocs\magang-tabel\app\Controllers\Supplier.php(44): App\Controllers\Supplier->save()
#7 C:\xampp\htdocs\magang-tabel\system\CodeIgniter.php(928): App\Controllers\Supplier->pdf('1')
#8 C:\xampp\htdocs\magang-tabel\system\CodeIgniter.php(436): CodeIgniter\CodeIgniter->runController(Object(App\Controllers\Supplier))
#9 C:\xampp\htdocs\magang-tabel\system\CodeIgniter.php(336): CodeIgniter\CodeIgniter->handleRequest(NULL, Object(Config\Cache), false)
#10 C:\xampp\htdocs\magang-tabel\public\index.php(37): CodeIgniter\CodeIgniter->run()
#11 C:\xampp\htdocs\magang-tabel\system\Commands\Server\rewrite.php(45): require_once('C:\\xampp\\htdocs...')
#12 {main}
ERROR - 2021-08-09 15:47:26 --> Column 'Nama_krts' cannot be null
CRITICAL - 2021-08-09 15:47:26 --> Column 'Nama_krts' cannot be null
#0 C:\xampp\htdocs\magang-tabel\system\Database\MySQLi\Connection.php(329): mysqli->query('INSERT INTO `ke...')
#1 C:\xampp\htdocs\magang-tabel\system\Database\BaseConnection.php(732): CodeIgniter\Database\MySQLi\Connection->execute('INSERT INTO `ke...')
#2 C:\xampp\htdocs\magang-tabel\system\Database\BaseConnection.php(647): CodeIgniter\Database\BaseConnection->simpleQuery('INSERT INTO `ke...')
#3 C:\xampp\htdocs\magang-tabel\system\Database\BaseBuilder.php(2277): CodeIgniter\Database\BaseConnection->query('INSERT INTO `ke...', Array, false)
#4 C:\xampp\htdocs\magang-tabel\app\Models\kertasModel.php(17): CodeIgniter\Database\BaseBuilder->insert(Array)
#5 C:\xampp\htdocs\magang-tabel\app\Controllers\Supplier.php(73): App\Models\kertasModel->saveData(Array)
#6 C:\xampp\htdocs\magang-tabel\app\Controllers\Supplier.php(44): App\Controllers\Supplier->save()
#7 C:\xampp\htdocs\magang-tabel\system\CodeIgniter.php(928): App\Controllers\Supplier->pdf('1')
#8 C:\xampp\htdocs\magang-tabel\system\CodeIgniter.php(436): CodeIgniter\CodeIgniter->runController(Object(App\Controllers\Supplier))
#9 C:\xampp\htdocs\magang-tabel\system\CodeIgniter.php(336): CodeIgniter\CodeIgniter->handleRequest(NULL, Object(Config\Cache), false)
#10 C:\xampp\htdocs\magang-tabel\public\index.php(37): CodeIgniter\CodeIgniter->run()
#11 C:\xampp\htdocs\magang-tabel\system\Commands\Server\rewrite.php(45): require_once('C:\\xampp\\htdocs...')
#12 {main}
ERROR - 2021-08-09 15:48:21 --> Column 'Nama_krts' cannot be null
CRITICAL - 2021-08-09 15:48:21 --> Column 'Nama_krts' cannot be null
#0 C:\xampp\htdocs\magang-tabel\system\Database\MySQLi\Connection.php(329): mysqli->query('INSERT INTO `ke...')
#1 C:\xampp\htdocs\magang-tabel\system\Database\BaseConnection.php(732): CodeIgniter\Database\MySQLi\Connection->execute('INSERT INTO `ke...')
#2 C:\xampp\htdocs\magang-tabel\system\Database\BaseConnection.php(647): CodeIgniter\Database\BaseConnection->simpleQuery('INSERT INTO `ke...')
#3 C:\xampp\htdocs\magang-tabel\system\Database\BaseBuilder.php(2277): CodeIgniter\Database\BaseConnection->query('INSERT INTO `ke...', Array, false)
#4 C:\xampp\htdocs\magang-tabel\app\Models\kertasModel.php(17): CodeIgniter\Database\BaseBuilder->insert(Array)
#5 C:\xampp\htdocs\magang-tabel\app\Controllers\Supplier.php(73): App\Models\kertasModel->saveData(Array)
#6 C:\xampp\htdocs\magang-tabel\app\Controllers\Supplier.php(44): App\Controllers\Supplier->save()
#7 C:\xampp\htdocs\magang-tabel\system\CodeIgniter.php(928): App\Controllers\Supplier->pdf('1')
#8 C:\xampp\htdocs\magang-tabel\system\CodeIgniter.php(436): CodeIgniter\CodeIgniter->runController(Object(App\Controllers\Supplier))
#9 C:\xampp\htdocs\magang-tabel\system\CodeIgniter.php(336): CodeIgniter\CodeIgniter->handleRequest(NULL, Object(Config\Cache), false)
#10 C:\xampp\htdocs\magang-tabel\public\index.php(37): CodeIgniter\CodeIgniter->run()
#11 C:\xampp\htdocs\magang-tabel\system\Commands\Server\rewrite.php(45): require_once('C:\\xampp\\htdocs...')
#12 {main}
