CRITICAL - 2021-07-28 23:13:43 --> foreach() argument must be of type array|object, string given
#0 C:\xampp\htdocs\magang-main\app\Views\subbahan\kertas.php(33): CodeIgniter\Debug\Exceptions->errorHandler(2, 'foreach() argum...', 'C:\\xampp\\htdocs...', 33)
#1 C:\xampp\htdocs\magang-main\system\View\View.php(230): include('C:\\xampp\\htdocs...')
#2 C:\xampp\htdocs\magang-main\system\View\View.php(232): CodeIgniter\View\View->CodeIgniter\View\{closure}()
#3 C:\xampp\htdocs\magang-main\system\Common.php(1271): CodeIgniter\View\View->render('subbahan/Kertas', Array, true)
#4 C:\xampp\htdocs\magang-main\app\Controllers\Supplier.php(25): view('subbahan/Kertas', Array)
#5 C:\xampp\htdocs\magang-main\system\CodeIgniter.php(928): App\Controllers\Supplier->Kertas()
#6 C:\xampp\htdocs\magang-main\system\CodeIgniter.php(436): CodeIgniter\CodeIgniter->runController(Object(App\Controllers\Supplier))
#7 C:\xampp\htdocs\magang-main\system\CodeIgniter.php(336): CodeIgniter\CodeIgniter->handleRequest(NULL, Object(Config\Cache), false)
#8 C:\xampp\htdocs\magang-main\public\index.php(37): CodeIgniter\CodeIgniter->run()
#9 C:\xampp\htdocs\magang-main\system\Commands\Server\rewrite.php(45): require_once('C:\\xampp\\htdocs...')
#10 {main}
CRITICAL - 2021-07-28 23:13:46 --> foreach() argument must be of type array|object, string given
#0 C:\xampp\htdocs\magang-main\app\Views\subbahan\kertas.php(33): CodeIgniter\Debug\Exceptions->errorHandler(2, 'foreach() argum...', 'C:\\xampp\\htdocs...', 33)
#1 C:\xampp\htdocs\magang-main\system\View\View.php(230): include('C:\\xampp\\htdocs...')
#2 C:\xampp\htdocs\magang-main\system\View\View.php(232): CodeIgniter\View\View->CodeIgniter\View\{closure}()
#3 C:\xampp\htdocs\magang-main\system\Common.php(1271): CodeIgniter\View\View->render('subbahan/Kertas', Array, true)
#4 C:\xampp\htdocs\magang-main\app\Controllers\Supplier.php(25): view('subbahan/Kertas', Array)
#5 C:\xampp\htdocs\magang-main\system\CodeIgniter.php(928): App\Controllers\Supplier->Kertas()
#6 C:\xampp\htdocs\magang-main\system\CodeIgniter.php(436): CodeIgniter\CodeIgniter->runController(Object(App\Controllers\Supplier))
#7 C:\xampp\htdocs\magang-main\system\CodeIgniter.php(336): CodeIgniter\CodeIgniter->handleRequest(NULL, Object(Config\Cache), false)
#8 C:\xampp\htdocs\magang-main\public\index.php(37): CodeIgniter\CodeIgniter->run()
#9 C:\xampp\htdocs\magang-main\system\Commands\Server\rewrite.php(45): require_once('C:\\xampp\\htdocs...')
#10 {main}
CRITICAL - 2021-07-28 23:13:47 --> foreach() argument must be of type array|object, string given
#0 C:\xampp\htdocs\magang-main\app\Views\subbahan\kertas.php(33): CodeIgniter\Debug\Exceptions->errorHandler(2, 'foreach() argum...', 'C:\\xampp\\htdocs...', 33)
#1 C:\xampp\htdocs\magang-main\system\View\View.php(230): include('C:\\xampp\\htdocs...')
#2 C:\xampp\htdocs\magang-main\system\View\View.php(232): CodeIgniter\View\View->CodeIgniter\View\{closure}()
#3 C:\xampp\htdocs\magang-main\system\Common.php(1271): CodeIgniter\View\View->render('subbahan/Kertas', Array, true)
#4 C:\xampp\htdocs\magang-main\app\Controllers\Supplier.php(25): view('subbahan/Kertas', Array)
#5 C:\xampp\htdocs\magang-main\system\CodeIgniter.php(928): App\Controllers\Supplier->Kertas()
#6 C:\xampp\htdocs\magang-main\system\CodeIgniter.php(436): CodeIgniter\CodeIgniter->runController(Object(App\Controllers\Supplier))
#7 C:\xampp\htdocs\magang-main\system\CodeIgniter.php(336): CodeIgniter\CodeIgniter->handleRequest(NULL, Object(Config\Cache), false)
#8 C:\xampp\htdocs\magang-main\public\index.php(37): CodeIgniter\CodeIgniter->run()
#9 C:\xampp\htdocs\magang-main\system\Commands\Server\rewrite.php(45): require_once('C:\\xampp\\htdocs...')
#10 {main}
CRITICAL - 2021-07-28 23:13:47 --> foreach() argument must be of type array|object, string given
#0 C:\xampp\htdocs\magang-main\app\Views\subbahan\kertas.php(33): CodeIgniter\Debug\Exceptions->errorHandler(2, 'foreach() argum...', 'C:\\xampp\\htdocs...', 33)
#1 C:\xampp\htdocs\magang-main\system\View\View.php(230): include('C:\\xampp\\htdocs...')
#2 C:\xampp\htdocs\magang-main\system\View\View.php(232): CodeIgniter\View\View->CodeIgniter\View\{closure}()
#3 C:\xampp\htdocs\magang-main\system\Common.php(1271): CodeIgniter\View\View->render('subbahan/Kertas', Array, true)
#4 C:\xampp\htdocs\magang-main\app\Controllers\Supplier.php(25): view('subbahan/Kertas', Array)
#5 C:\xampp\htdocs\magang-main\system\CodeIgniter.php(928): App\Controllers\Supplier->Kertas()
#6 C:\xampp\htdocs\magang-main\system\CodeIgniter.php(436): CodeIgniter\CodeIgniter->runController(Object(App\Controllers\Supplier))
#7 C:\xampp\htdocs\magang-main\system\CodeIgniter.php(336): CodeIgniter\CodeIgniter->handleRequest(NULL, Object(Config\Cache), false)
#8 C:\xampp\htdocs\magang-main\public\index.php(37): CodeIgniter\CodeIgniter->run()
#9 C:\xampp\htdocs\magang-main\system\Commands\Server\rewrite.php(45): require_once('C:\\xampp\\htdocs...')
#10 {main}
CRITICAL - 2021-07-28 23:13:47 --> foreach() argument must be of type array|object, string given
#0 C:\xampp\htdocs\magang-main\app\Views\subbahan\kertas.php(33): CodeIgniter\Debug\Exceptions->errorHandler(2, 'foreach() argum...', 'C:\\xampp\\htdocs...', 33)
#1 C:\xampp\htdocs\magang-main\system\View\View.php(230): include('C:\\xampp\\htdocs...')
#2 C:\xampp\htdocs\magang-main\system\View\View.php(232): CodeIgniter\View\View->CodeIgniter\View\{closure}()
#3 C:\xampp\htdocs\magang-main\system\Common.php(1271): CodeIgniter\View\View->render('subbahan/Kertas', Array, true)
#4 C:\xampp\htdocs\magang-main\app\Controllers\Supplier.php(25): view('subbahan/Kertas', Array)
#5 C:\xampp\htdocs\magang-main\system\CodeIgniter.php(928): App\Controllers\Supplier->Kertas()
#6 C:\xampp\htdocs\magang-main\system\CodeIgniter.php(436): CodeIgniter\CodeIgniter->runController(Object(App\Controllers\Supplier))
#7 C:\xampp\htdocs\magang-main\system\CodeIgniter.php(336): CodeIgniter\CodeIgniter->handleRequest(NULL, Object(Config\Cache), false)
#8 C:\xampp\htdocs\magang-main\public\index.php(37): CodeIgniter\CodeIgniter->run()
#9 C:\xampp\htdocs\magang-main\system\Commands\Server\rewrite.php(45): require_once('C:\\xampp\\htdocs...')
#10 {main}
CRITICAL - 2021-07-28 23:13:54 --> foreach() argument must be of type array|object, string given
#0 C:\xampp\htdocs\magang-main\app\Views\subbahan\kertas.php(33): CodeIgniter\Debug\Exceptions->errorHandler(2, 'foreach() argum...', 'C:\\xampp\\htdocs...', 33)
#1 C:\xampp\htdocs\magang-main\system\View\View.php(230): include('C:\\xampp\\htdocs...')
#2 C:\xampp\htdocs\magang-main\system\View\View.php(232): CodeIgniter\View\View->CodeIgniter\View\{closure}()
#3 C:\xampp\htdocs\magang-main\system\Common.php(1271): CodeIgniter\View\View->render('subbahan/Kertas', Array, true)
#4 C:\xampp\htdocs\magang-main\app\Controllers\Supplier.php(25): view('subbahan/Kertas', Array)
#5 C:\xampp\htdocs\magang-main\system\CodeIgniter.php(928): App\Controllers\Supplier->Kertas()
#6 C:\xampp\htdocs\magang-main\system\CodeIgniter.php(436): CodeIgniter\CodeIgniter->runController(Object(App\Controllers\Supplier))
#7 C:\xampp\htdocs\magang-main\system\CodeIgniter.php(336): CodeIgniter\CodeIgniter->handleRequest(NULL, Object(Config\Cache), false)
#8 C:\xampp\htdocs\magang-main\public\index.php(37): CodeIgniter\CodeIgniter->run()
#9 C:\xampp\htdocs\magang-main\system\Commands\Server\rewrite.php(45): require_once('C:\\xampp\\htdocs...')
#10 {main}
CRITICAL - 2021-07-28 23:14:45 --> foreach() argument must be of type array|object, string given
#0 C:\xampp\htdocs\magang-main\app\Views\subbahan\kertas.php(33): CodeIgniter\Debug\Exceptions->errorHandler(2, 'foreach() argum...', 'C:\\xampp\\htdocs...', 33)
#1 C:\xampp\htdocs\magang-main\system\View\View.php(230): include('C:\\xampp\\htdocs...')
#2 C:\xampp\htdocs\magang-main\system\View\View.php(232): CodeIgniter\View\View->CodeIgniter\View\{closure}()
#3 C:\xampp\htdocs\magang-main\system\Common.php(1271): CodeIgniter\View\View->render('subbahan/Kertas', Array, true)
#4 C:\xampp\htdocs\magang-main\app\Controllers\Supplier.php(25): view('subbahan/Kertas', Array)
#5 C:\xampp\htdocs\magang-main\system\CodeIgniter.php(928): App\Controllers\Supplier->Kertas()
#6 C:\xampp\htdocs\magang-main\system\CodeIgniter.php(436): CodeIgniter\CodeIgniter->runController(Object(App\Controllers\Supplier))
#7 C:\xampp\htdocs\magang-main\system\CodeIgniter.php(336): CodeIgniter\CodeIgniter->handleRequest(NULL, Object(Config\Cache), false)
#8 C:\xampp\htdocs\magang-main\public\index.php(37): CodeIgniter\CodeIgniter->run()
#9 C:\xampp\htdocs\magang-main\system\Commands\Server\rewrite.php(45): require_once('C:\\xampp\\htdocs...')
#10 {main}
CRITICAL - 2021-07-28 23:14:45 --> foreach() argument must be of type array|object, string given
#0 C:\xampp\htdocs\magang-main\app\Views\subbahan\kertas.php(33): CodeIgniter\Debug\Exceptions->errorHandler(2, 'foreach() argum...', 'C:\\xampp\\htdocs...', 33)
#1 C:\xampp\htdocs\magang-main\system\View\View.php(230): include('C:\\xampp\\htdocs...')
#2 C:\xampp\htdocs\magang-main\system\View\View.php(232): CodeIgniter\View\View->CodeIgniter\View\{closure}()
#3 C:\xampp\htdocs\magang-main\system\Common.php(1271): CodeIgniter\View\View->render('subbahan/Kertas', Array, true)
#4 C:\xampp\htdocs\magang-main\app\Controllers\Supplier.php(25): view('subbahan/Kertas', Array)
#5 C:\xampp\htdocs\magang-main\system\CodeIgniter.php(928): App\Controllers\Supplier->Kertas()
#6 C:\xampp\htdocs\magang-main\system\CodeIgniter.php(436): CodeIgniter\CodeIgniter->runController(Object(App\Controllers\Supplier))
#7 C:\xampp\htdocs\magang-main\system\CodeIgniter.php(336): CodeIgniter\CodeIgniter->handleRequest(NULL, Object(Config\Cache), false)
#8 C:\xampp\htdocs\magang-main\public\index.php(37): CodeIgniter\CodeIgniter->run()
#9 C:\xampp\htdocs\magang-main\system\Commands\Server\rewrite.php(45): require_once('C:\\xampp\\htdocs...')
#10 {main}
CRITICAL - 2021-07-28 23:16:25 --> foreach() argument must be of type array|object, string given
#0 C:\xampp\htdocs\magang-main\app\Views\subbahan\kertas.php(33): CodeIgniter\Debug\Exceptions->errorHandler(2, 'foreach() argum...', 'C:\\xampp\\htdocs...', 33)
#1 C:\xampp\htdocs\magang-main\system\View\View.php(230): include('C:\\xampp\\htdocs...')
#2 C:\xampp\htdocs\magang-main\system\View\View.php(232): CodeIgniter\View\View->CodeIgniter\View\{closure}()
#3 C:\xampp\htdocs\magang-main\system\Common.php(1271): CodeIgniter\View\View->render('subbahan/Kertas', Array, true)
#4 C:\xampp\htdocs\magang-main\app\Controllers\Supplier.php(25): view('subbahan/Kertas', Array)
#5 C:\xampp\htdocs\magang-main\system\CodeIgniter.php(928): App\Controllers\Supplier->Kertas()
#6 C:\xampp\htdocs\magang-main\system\CodeIgniter.php(436): CodeIgniter\CodeIgniter->runController(Object(App\Controllers\Supplier))
#7 C:\xampp\htdocs\magang-main\system\CodeIgniter.php(336): CodeIgniter\CodeIgniter->handleRequest(NULL, Object(Config\Cache), false)
#8 C:\xampp\htdocs\magang-main\public\index.php(37): CodeIgniter\CodeIgniter->run()
#9 C:\xampp\htdocs\magang-main\system\Commands\Server\rewrite.php(45): require_once('C:\\xampp\\htdocs...')
#10 {main}
CRITICAL - 2021-07-28 23:21:04 --> foreach() argument must be of type array|object, string given
#0 C:\xampp\htdocs\magang-main\app\Views\subbahan\kertas.php(33): CodeIgniter\Debug\Exceptions->errorHandler(2, 'foreach() argum...', 'C:\\xampp\\htdocs...', 33)
#1 C:\xampp\htdocs\magang-main\system\View\View.php(230): include('C:\\xampp\\htdocs...')
#2 C:\xampp\htdocs\magang-main\system\View\View.php(232): CodeIgniter\View\View->CodeIgniter\View\{closure}()
#3 C:\xampp\htdocs\magang-main\system\Common.php(1271): CodeIgniter\View\View->render('subbahan/Kertas', Array, true)
#4 C:\xampp\htdocs\magang-main\app\Controllers\Supplier.php(25): view('subbahan/Kertas', Array)
#5 C:\xampp\htdocs\magang-main\system\CodeIgniter.php(928): App\Controllers\Supplier->Kertas()
#6 C:\xampp\htdocs\magang-main\system\CodeIgniter.php(436): CodeIgniter\CodeIgniter->runController(Object(App\Controllers\Supplier))
#7 C:\xampp\htdocs\magang-main\system\CodeIgniter.php(336): CodeIgniter\CodeIgniter->handleRequest(NULL, Object(Config\Cache), false)
#8 C:\xampp\htdocs\magang-main\public\index.php(37): CodeIgniter\CodeIgniter->run()
#9 C:\xampp\htdocs\magang-main\system\Commands\Server\rewrite.php(45): require_once('C:\\xampp\\htdocs...')
#10 {main}
CRITICAL - 2021-07-28 23:24:30 --> foreach() argument must be of type array|object, string given
#0 C:\xampp\htdocs\magang-main\app\Views\subbahan\kertas.php(33): CodeIgniter\Debug\Exceptions->errorHandler(2, 'foreach() argum...', 'C:\\xampp\\htdocs...', 33)
#1 C:\xampp\htdocs\magang-main\system\View\View.php(230): include('C:\\xampp\\htdocs...')
#2 C:\xampp\htdocs\magang-main\system\View\View.php(232): CodeIgniter\View\View->CodeIgniter\View\{closure}()
#3 C:\xampp\htdocs\magang-main\system\Common.php(1271): CodeIgniter\View\View->render('subbahan/Kertas', Array, true)
#4 C:\xampp\htdocs\magang-main\app\Controllers\Supplier.php(25): view('subbahan/Kertas', Array)
#5 C:\xampp\htdocs\magang-main\system\CodeIgniter.php(928): App\Controllers\Supplier->Kertas()
#6 C:\xampp\htdocs\magang-main\system\CodeIgniter.php(436): CodeIgniter\CodeIgniter->runController(Object(App\Controllers\Supplier))
#7 C:\xampp\htdocs\magang-main\system\CodeIgniter.php(336): CodeIgniter\CodeIgniter->handleRequest(NULL, Object(Config\Cache), false)
#8 C:\xampp\htdocs\magang-main\public\index.php(37): CodeIgniter\CodeIgniter->run()
#9 C:\xampp\htdocs\magang-main\system\Commands\Server\rewrite.php(45): require_once('C:\\xampp\\htdocs...')
#10 {main}
CRITICAL - 2021-07-28 23:27:43 --> foreach() argument must be of type array|object, string given
#0 C:\xampp\htdocs\magang-main\app\Views\subbahan\kertas.php(33): CodeIgniter\Debug\Exceptions->errorHandler(2, 'foreach() argum...', 'C:\\xampp\\htdocs...', 33)
#1 C:\xampp\htdocs\magang-main\system\View\View.php(230): include('C:\\xampp\\htdocs...')
#2 C:\xampp\htdocs\magang-main\system\View\View.php(232): CodeIgniter\View\View->CodeIgniter\View\{closure}()
#3 C:\xampp\htdocs\magang-main\system\Common.php(1271): CodeIgniter\View\View->render('subbahan/Kertas', Array, true)
#4 C:\xampp\htdocs\magang-main\app\Controllers\Supplier.php(25): view('subbahan/Kertas', Array)
#5 C:\xampp\htdocs\magang-main\system\CodeIgniter.php(928): App\Controllers\Supplier->Kertas()
#6 C:\xampp\htdocs\magang-main\system\CodeIgniter.php(436): CodeIgniter\CodeIgniter->runController(Object(App\Controllers\Supplier))
#7 C:\xampp\htdocs\magang-main\system\CodeIgniter.php(336): CodeIgniter\CodeIgniter->handleRequest(NULL, Object(Config\Cache), false)
#8 C:\xampp\htdocs\magang-main\public\index.php(37): CodeIgniter\CodeIgniter->run()
#9 C:\xampp\htdocs\magang-main\system\Commands\Server\rewrite.php(45): require_once('C:\\xampp\\htdocs...')
#10 {main}
CRITICAL - 2021-07-28 23:29:33 --> foreach() argument must be of type array|object, string given
#0 C:\xampp\htdocs\magang-main\app\Views\subbahan\kertas.php(33): CodeIgniter\Debug\Exceptions->errorHandler(2, 'foreach() argum...', 'C:\\xampp\\htdocs...', 33)
#1 C:\xampp\htdocs\magang-main\system\View\View.php(230): include('C:\\xampp\\htdocs...')
#2 C:\xampp\htdocs\magang-main\system\View\View.php(232): CodeIgniter\View\View->CodeIgniter\View\{closure}()
#3 C:\xampp\htdocs\magang-main\system\Common.php(1271): CodeIgniter\View\View->render('subbahan/Kertas', Array, true)
#4 C:\xampp\htdocs\magang-main\app\Controllers\Supplier.php(24): view('subbahan/Kertas', Array)
#5 C:\xampp\htdocs\magang-main\system\CodeIgniter.php(928): App\Controllers\Supplier->Kertas()
#6 C:\xampp\htdocs\magang-main\system\CodeIgniter.php(436): CodeIgniter\CodeIgniter->runController(Object(App\Controllers\Supplier))
#7 C:\xampp\htdocs\magang-main\system\CodeIgniter.php(336): CodeIgniter\CodeIgniter->handleRequest(NULL, Object(Config\Cache), false)
#8 C:\xampp\htdocs\magang-main\public\index.php(37): CodeIgniter\CodeIgniter->run()
#9 C:\xampp\htdocs\magang-main\system\Commands\Server\rewrite.php(45): require_once('C:\\xampp\\htdocs...')
#10 {main}
CRITICAL - 2021-07-28 23:36:25 --> foreach() argument must be of type array|object, string given
#0 C:\xampp\htdocs\magang-main\app\Views\subbahan\kertas.php(34): CodeIgniter\Debug\Exceptions->errorHandler(2, 'foreach() argum...', 'C:\\xampp\\htdocs...', 34)
#1 C:\xampp\htdocs\magang-main\system\View\View.php(230): include('C:\\xampp\\htdocs...')
#2 C:\xampp\htdocs\magang-main\system\View\View.php(232): CodeIgniter\View\View->CodeIgniter\View\{closure}()
#3 C:\xampp\htdocs\magang-main\system\Common.php(1271): CodeIgniter\View\View->render('subbahan/Kertas', Array, true)
#4 C:\xampp\htdocs\magang-main\app\Controllers\Supplier.php(24): view('subbahan/Kertas', Array)
#5 C:\xampp\htdocs\magang-main\system\CodeIgniter.php(928): App\Controllers\Supplier->Kertas()
#6 C:\xampp\htdocs\magang-main\system\CodeIgniter.php(436): CodeIgniter\CodeIgniter->runController(Object(App\Controllers\Supplier))
#7 C:\xampp\htdocs\magang-main\system\CodeIgniter.php(336): CodeIgniter\CodeIgniter->handleRequest(NULL, Object(Config\Cache), false)
#8 C:\xampp\htdocs\magang-main\public\index.php(37): CodeIgniter\CodeIgniter->run()
#9 C:\xampp\htdocs\magang-main\system\Commands\Server\rewrite.php(45): require_once('C:\\xampp\\htdocs...')
#10 {main}
CRITICAL - 2021-07-28 23:36:45 --> foreach() argument must be of type array|object, string given
#0 C:\xampp\htdocs\magang-main\app\Views\subbahan\kertas.php(34): CodeIgniter\Debug\Exceptions->errorHandler(2, 'foreach() argum...', 'C:\\xampp\\htdocs...', 34)
#1 C:\xampp\htdocs\magang-main\system\View\View.php(230): include('C:\\xampp\\htdocs...')
#2 C:\xampp\htdocs\magang-main\system\View\View.php(232): CodeIgniter\View\View->CodeIgniter\View\{closure}()
#3 C:\xampp\htdocs\magang-main\system\Common.php(1271): CodeIgniter\View\View->render('subbahan/Kertas', Array, true)
#4 C:\xampp\htdocs\magang-main\app\Controllers\Supplier.php(24): view('subbahan/Kertas', Array)
#5 C:\xampp\htdocs\magang-main\system\CodeIgniter.php(928): App\Controllers\Supplier->Kertas()
#6 C:\xampp\htdocs\magang-main\system\CodeIgniter.php(436): CodeIgniter\CodeIgniter->runController(Object(App\Controllers\Supplier))
#7 C:\xampp\htdocs\magang-main\system\CodeIgniter.php(336): CodeIgniter\CodeIgniter->handleRequest(NULL, Object(Config\Cache), false)
#8 C:\xampp\htdocs\magang-main\public\index.php(37): CodeIgniter\CodeIgniter->run()
#9 C:\xampp\htdocs\magang-main\system\Commands\Server\rewrite.php(45): require_once('C:\\xampp\\htdocs...')
#10 {main}
CRITICAL - 2021-07-28 23:36:54 --> foreach() argument must be of type array|object, string given
#0 C:\xampp\htdocs\magang-main\app\Views\subbahan\kertas.php(34): CodeIgniter\Debug\Exceptions->errorHandler(2, 'foreach() argum...', 'C:\\xampp\\htdocs...', 34)
#1 C:\xampp\htdocs\magang-main\system\View\View.php(230): include('C:\\xampp\\htdocs...')
#2 C:\xampp\htdocs\magang-main\system\View\View.php(232): CodeIgniter\View\View->CodeIgniter\View\{closure}()
#3 C:\xampp\htdocs\magang-main\system\Common.php(1271): CodeIgniter\View\View->render('subbahan/Kertas', Array, true)
#4 C:\xampp\htdocs\magang-main\app\Controllers\Supplier.php(24): view('subbahan/Kertas', Array)
#5 C:\xampp\htdocs\magang-main\system\CodeIgniter.php(928): App\Controllers\Supplier->Kertas()
#6 C:\xampp\htdocs\magang-main\system\CodeIgniter.php(436): CodeIgniter\CodeIgniter->runController(Object(App\Controllers\Supplier))
#7 C:\xampp\htdocs\magang-main\system\CodeIgniter.php(336): CodeIgniter\CodeIgniter->handleRequest(NULL, Object(Config\Cache), false)
#8 C:\xampp\htdocs\magang-main\public\index.php(37): CodeIgniter\CodeIgniter->run()
#9 C:\xampp\htdocs\magang-main\system\Commands\Server\rewrite.php(45): require_once('C:\\xampp\\htdocs...')
#10 {main}
CRITICAL - 2021-07-28 23:36:54 --> foreach() argument must be of type array|object, string given
#0 C:\xampp\htdocs\magang-main\app\Views\subbahan\kertas.php(34): CodeIgniter\Debug\Exceptions->errorHandler(2, 'foreach() argum...', 'C:\\xampp\\htdocs...', 34)
#1 C:\xampp\htdocs\magang-main\system\View\View.php(230): include('C:\\xampp\\htdocs...')
#2 C:\xampp\htdocs\magang-main\system\View\View.php(232): CodeIgniter\View\View->CodeIgniter\View\{closure}()
#3 C:\xampp\htdocs\magang-main\system\Common.php(1271): CodeIgniter\View\View->render('subbahan/Kertas', Array, true)
#4 C:\xampp\htdocs\magang-main\app\Controllers\Supplier.php(24): view('subbahan/Kertas', Array)
#5 C:\xampp\htdocs\magang-main\system\CodeIgniter.php(928): App\Controllers\Supplier->Kertas()
#6 C:\xampp\htdocs\magang-main\system\CodeIgniter.php(436): CodeIgniter\CodeIgniter->runController(Object(App\Controllers\Supplier))
#7 C:\xampp\htdocs\magang-main\system\CodeIgniter.php(336): CodeIgniter\CodeIgniter->handleRequest(NULL, Object(Config\Cache), false)
#8 C:\xampp\htdocs\magang-main\public\index.php(37): CodeIgniter\CodeIgniter->run()
#9 C:\xampp\htdocs\magang-main\system\Commands\Server\rewrite.php(45): require_once('C:\\xampp\\htdocs...')
#10 {main}
CRITICAL - 2021-07-28 23:37:03 --> foreach() argument must be of type array|object, string given
#0 C:\xampp\htdocs\magang-main\app\Views\subbahan\kertas.php(34): CodeIgniter\Debug\Exceptions->errorHandler(2, 'foreach() argum...', 'C:\\xampp\\htdocs...', 34)
#1 C:\xampp\htdocs\magang-main\system\View\View.php(230): include('C:\\xampp\\htdocs...')
#2 C:\xampp\htdocs\magang-main\system\View\View.php(232): CodeIgniter\View\View->CodeIgniter\View\{closure}()
#3 C:\xampp\htdocs\magang-main\system\Common.php(1271): CodeIgniter\View\View->render('subbahan/Kertas', Array, true)
#4 C:\xampp\htdocs\magang-main\app\Controllers\Supplier.php(24): view('subbahan/Kertas', Array)
#5 C:\xampp\htdocs\magang-main\system\CodeIgniter.php(928): App\Controllers\Supplier->Kertas()
#6 C:\xampp\htdocs\magang-main\system\CodeIgniter.php(436): CodeIgniter\CodeIgniter->runController(Object(App\Controllers\Supplier))
#7 C:\xampp\htdocs\magang-main\system\CodeIgniter.php(336): CodeIgniter\CodeIgniter->handleRequest(NULL, Object(Config\Cache), false)
#8 C:\xampp\htdocs\magang-main\public\index.php(37): CodeIgniter\CodeIgniter->run()
#9 C:\xampp\htdocs\magang-main\system\Commands\Server\rewrite.php(45): require_once('C:\\xampp\\htdocs...')
#10 {main}
CRITICAL - 2021-07-28 23:38:39 --> foreach() argument must be of type array|object, string given
#0 C:\xampp\htdocs\magang-main\app\Views\subbahan\kertas.php(34): CodeIgniter\Debug\Exceptions->errorHandler(2, 'foreach() argum...', 'C:\\xampp\\htdocs...', 34)
#1 C:\xampp\htdocs\magang-main\system\View\View.php(230): include('C:\\xampp\\htdocs...')
#2 C:\xampp\htdocs\magang-main\system\View\View.php(232): CodeIgniter\View\View->CodeIgniter\View\{closure}()
#3 C:\xampp\htdocs\magang-main\system\Common.php(1271): CodeIgniter\View\View->render('subbahan/Kertas', Array, true)
#4 C:\xampp\htdocs\magang-main\app\Controllers\Supplier.php(24): view('subbahan/Kertas', Array)
#5 C:\xampp\htdocs\magang-main\system\CodeIgniter.php(928): App\Controllers\Supplier->Kertas()
#6 C:\xampp\htdocs\magang-main\system\CodeIgniter.php(436): CodeIgniter\CodeIgniter->runController(Object(App\Controllers\Supplier))
#7 C:\xampp\htdocs\magang-main\system\CodeIgniter.php(336): CodeIgniter\CodeIgniter->handleRequest(NULL, Object(Config\Cache), false)
#8 C:\xampp\htdocs\magang-main\public\index.php(37): CodeIgniter\CodeIgniter->run()
#9 C:\xampp\htdocs\magang-main\system\Commands\Server\rewrite.php(45): require_once('C:\\xampp\\htdocs...')
#10 {main}
CRITICAL - 2021-07-28 23:39:16 --> foreach() argument must be of type array|object, string given
#0 C:\xampp\htdocs\magang-main\app\Views\subbahan\kertas.php(34): CodeIgniter\Debug\Exceptions->errorHandler(2, 'foreach() argum...', 'C:\\xampp\\htdocs...', 34)
#1 C:\xampp\htdocs\magang-main\system\View\View.php(230): include('C:\\xampp\\htdocs...')
#2 C:\xampp\htdocs\magang-main\system\View\View.php(232): CodeIgniter\View\View->CodeIgniter\View\{closure}()
#3 C:\xampp\htdocs\magang-main\system\Common.php(1271): CodeIgniter\View\View->render('subbahan/Kertas', Array, true)
#4 C:\xampp\htdocs\magang-main\app\Controllers\Supplier.php(24): view('subbahan/Kertas', Array)
#5 C:\xampp\htdocs\magang-main\system\CodeIgniter.php(928): App\Controllers\Supplier->Kertas()
#6 C:\xampp\htdocs\magang-main\system\CodeIgniter.php(436): CodeIgniter\CodeIgniter->runController(Object(App\Controllers\Supplier))
#7 C:\xampp\htdocs\magang-main\system\CodeIgniter.php(336): CodeIgniter\CodeIgniter->handleRequest(NULL, Object(Config\Cache), false)
#8 C:\xampp\htdocs\magang-main\public\index.php(37): CodeIgniter\CodeIgniter->run()
#9 C:\xampp\htdocs\magang-main\system\Commands\Server\rewrite.php(45): require_once('C:\\xampp\\htdocs...')
#10 {main}
CRITICAL - 2021-07-28 23:40:40 --> foreach() argument must be of type array|object, string given
#0 C:\xampp\htdocs\magang-main\app\Views\subbahan\kertas.php(34): CodeIgniter\Debug\Exceptions->errorHandler(2, 'foreach() argum...', 'C:\\xampp\\htdocs...', 34)
#1 C:\xampp\htdocs\magang-main\system\View\View.php(230): include('C:\\xampp\\htdocs...')
#2 C:\xampp\htdocs\magang-main\system\View\View.php(232): CodeIgniter\View\View->CodeIgniter\View\{closure}()
#3 C:\xampp\htdocs\magang-main\system\Common.php(1271): CodeIgniter\View\View->render('subbahan/Kertas', Array, true)
#4 C:\xampp\htdocs\magang-main\app\Controllers\Supplier.php(24): view('subbahan/Kertas', Array)
#5 C:\xampp\htdocs\magang-main\system\CodeIgniter.php(928): App\Controllers\Supplier->Kertas()
#6 C:\xampp\htdocs\magang-main\system\CodeIgniter.php(436): CodeIgniter\CodeIgniter->runController(Object(App\Controllers\Supplier))
#7 C:\xampp\htdocs\magang-main\system\CodeIgniter.php(336): CodeIgniter\CodeIgniter->handleRequest(NULL, Object(Config\Cache), false)
#8 C:\xampp\htdocs\magang-main\public\index.php(37): CodeIgniter\CodeIgniter->run()
#9 C:\xampp\htdocs\magang-main\system\Commands\Server\rewrite.php(45): require_once('C:\\xampp\\htdocs...')
#10 {main}
CRITICAL - 2021-07-28 23:40:54 --> foreach() argument must be of type array|object, string given
#0 C:\xampp\htdocs\magang-main\app\Views\subbahan\kertas.php(34): CodeIgniter\Debug\Exceptions->errorHandler(2, 'foreach() argum...', 'C:\\xampp\\htdocs...', 34)
#1 C:\xampp\htdocs\magang-main\system\View\View.php(230): include('C:\\xampp\\htdocs...')
#2 C:\xampp\htdocs\magang-main\system\View\View.php(232): CodeIgniter\View\View->CodeIgniter\View\{closure}()
#3 C:\xampp\htdocs\magang-main\system\Common.php(1271): CodeIgniter\View\View->render('subbahan/Kertas', Array, true)
#4 C:\xampp\htdocs\magang-main\app\Controllers\Supplier.php(24): view('subbahan/Kertas', Array)
#5 C:\xampp\htdocs\magang-main\system\CodeIgniter.php(928): App\Controllers\Supplier->Kertas()
#6 C:\xampp\htdocs\magang-main\system\CodeIgniter.php(436): CodeIgniter\CodeIgniter->runController(Object(App\Controllers\Supplier))
#7 C:\xampp\htdocs\magang-main\system\CodeIgniter.php(336): CodeIgniter\CodeIgniter->handleRequest(NULL, Object(Config\Cache), false)
#8 C:\xampp\htdocs\magang-main\public\index.php(37): CodeIgniter\CodeIgniter->run()
#9 C:\xampp\htdocs\magang-main\system\Commands\Server\rewrite.php(45): require_once('C:\\xampp\\htdocs...')
#10 {main}
CRITICAL - 2021-07-28 23:42:21 --> foreach() argument must be of type array|object, string given
#0 C:\xampp\htdocs\magang-main\app\Views\subbahan\kertas.php(34): CodeIgniter\Debug\Exceptions->errorHandler(2, 'foreach() argum...', 'C:\\xampp\\htdocs...', 34)
#1 C:\xampp\htdocs\magang-main\system\View\View.php(230): include('C:\\xampp\\htdocs...')
#2 C:\xampp\htdocs\magang-main\system\View\View.php(232): CodeIgniter\View\View->CodeIgniter\View\{closure}()
#3 C:\xampp\htdocs\magang-main\system\Common.php(1271): CodeIgniter\View\View->render('subbahan/Kertas', Array, true)
#4 C:\xampp\htdocs\magang-main\app\Controllers\Supplier.php(23): view('subbahan/Kertas', Array)
#5 C:\xampp\htdocs\magang-main\system\CodeIgniter.php(928): App\Controllers\Supplier->Kertas()
#6 C:\xampp\htdocs\magang-main\system\CodeIgniter.php(436): CodeIgniter\CodeIgniter->runController(Object(App\Controllers\Supplier))
#7 C:\xampp\htdocs\magang-main\system\CodeIgniter.php(336): CodeIgniter\CodeIgniter->handleRequest(NULL, Object(Config\Cache), false)
#8 C:\xampp\htdocs\magang-main\public\index.php(37): CodeIgniter\CodeIgniter->run()
#9 C:\xampp\htdocs\magang-main\system\Commands\Server\rewrite.php(45): require_once('C:\\xampp\\htdocs...')
#10 {main}
CRITICAL - 2021-07-28 23:42:29 --> foreach() argument must be of type array|object, string given
#0 C:\xampp\htdocs\magang-main\app\Views\subbahan\kertas.php(34): CodeIgniter\Debug\Exceptions->errorHandler(2, 'foreach() argum...', 'C:\\xampp\\htdocs...', 34)
#1 C:\xampp\htdocs\magang-main\system\View\View.php(230): include('C:\\xampp\\htdocs...')
#2 C:\xampp\htdocs\magang-main\system\View\View.php(232): CodeIgniter\View\View->CodeIgniter\View\{closure}()
#3 C:\xampp\htdocs\magang-main\system\Common.php(1271): CodeIgniter\View\View->render('subbahan/Kertas', Array, true)
#4 C:\xampp\htdocs\magang-main\app\Controllers\Supplier.php(23): view('subbahan/Kertas', Array)
#5 C:\xampp\htdocs\magang-main\system\CodeIgniter.php(928): App\Controllers\Supplier->Kertas()
#6 C:\xampp\htdocs\magang-main\system\CodeIgniter.php(436): CodeIgniter\CodeIgniter->runController(Object(App\Controllers\Supplier))
#7 C:\xampp\htdocs\magang-main\system\CodeIgniter.php(336): CodeIgniter\CodeIgniter->handleRequest(NULL, Object(Config\Cache), false)
#8 C:\xampp\htdocs\magang-main\public\index.php(37): CodeIgniter\CodeIgniter->run()
#9 C:\xampp\htdocs\magang-main\system\Commands\Server\rewrite.php(45): require_once('C:\\xampp\\htdocs...')
#10 {main}
CRITICAL - 2021-07-28 23:48:07 --> foreach() argument must be of type array|object, string given
#0 C:\xampp\htdocs\magang-main\app\Views\subbahan\kertas.php(33): CodeIgniter\Debug\Exceptions->errorHandler(2, 'foreach() argum...', 'C:\\xampp\\htdocs...', 33)
#1 C:\xampp\htdocs\magang-main\system\View\View.php(230): include('C:\\xampp\\htdocs...')
#2 C:\xampp\htdocs\magang-main\system\View\View.php(232): CodeIgniter\View\View->CodeIgniter\View\{closure}()
#3 C:\xampp\htdocs\magang-main\system\Common.php(1271): CodeIgniter\View\View->render('subbahan/Kertas', Array, true)
#4 C:\xampp\htdocs\magang-main\app\Controllers\Supplier.php(23): view('subbahan/Kertas', Array)
#5 C:\xampp\htdocs\magang-main\system\CodeIgniter.php(928): App\Controllers\Supplier->Kertas()
#6 C:\xampp\htdocs\magang-main\system\CodeIgniter.php(436): CodeIgniter\CodeIgniter->runController(Object(App\Controllers\Supplier))
#7 C:\xampp\htdocs\magang-main\system\CodeIgniter.php(336): CodeIgniter\CodeIgniter->handleRequest(NULL, Object(Config\Cache), false)
#8 C:\xampp\htdocs\magang-main\public\index.php(37): CodeIgniter\CodeIgniter->run()
#9 C:\xampp\htdocs\magang-main\system\Commands\Server\rewrite.php(45): require_once('C:\\xampp\\htdocs...')
#10 {main}
CRITICAL - 2021-07-28 23:54:54 --> Cannot access offset of type string on string
#0 C:\xampp\htdocs\magang-main\system\View\View.php(230): include()
#1 C:\xampp\htdocs\magang-main\system\View\View.php(232): CodeIgniter\View\View->CodeIgniter\View\{closure}()
#2 C:\xampp\htdocs\magang-main\system\Common.php(1271): CodeIgniter\View\View->render('subbahan/Kertas', Array, true)
#3 C:\xampp\htdocs\magang-main\app\Controllers\Supplier.php(23): view('subbahan/Kertas', Array)
#4 C:\xampp\htdocs\magang-main\system\CodeIgniter.php(928): App\Controllers\Supplier->Kertas()
#5 C:\xampp\htdocs\magang-main\system\CodeIgniter.php(436): CodeIgniter\CodeIgniter->runController(Object(App\Controllers\Supplier))
#6 C:\xampp\htdocs\magang-main\system\CodeIgniter.php(336): CodeIgniter\CodeIgniter->handleRequest(NULL, Object(Config\Cache), false)
#7 C:\xampp\htdocs\magang-main\public\index.php(37): CodeIgniter\CodeIgniter->run()
#8 C:\xampp\htdocs\magang-main\system\Commands\Server\rewrite.php(45): require_once('C:\\xampp\\htdocs...')
#9 {main}
CRITICAL - 2021-07-28 23:55:34 --> Cannot access offset of type string on string
#0 C:\xampp\htdocs\magang-main\system\View\View.php(230): include()
#1 C:\xampp\htdocs\magang-main\system\View\View.php(232): CodeIgniter\View\View->CodeIgniter\View\{closure}()
#2 C:\xampp\htdocs\magang-main\system\Common.php(1271): CodeIgniter\View\View->render('subbahan/Kertas', Array, true)
#3 C:\xampp\htdocs\magang-main\app\Controllers\Supplier.php(23): view('subbahan/Kertas', Array)
#4 C:\xampp\htdocs\magang-main\system\CodeIgniter.php(928): App\Controllers\Supplier->Kertas()
#5 C:\xampp\htdocs\magang-main\system\CodeIgniter.php(436): CodeIgniter\CodeIgniter->runController(Object(App\Controllers\Supplier))
#6 C:\xampp\htdocs\magang-main\system\CodeIgniter.php(336): CodeIgniter\CodeIgniter->handleRequest(NULL, Object(Config\Cache), false)
#7 C:\xampp\htdocs\magang-main\public\index.php(37): CodeIgniter\CodeIgniter->run()
#8 C:\xampp\htdocs\magang-main\system\Commands\Server\rewrite.php(45): require_once('C:\\xampp\\htdocs...')
#9 {main}
CRITICAL - 2021-07-28 23:55:48 --> Cannot access offset of type string on string
#0 C:\xampp\htdocs\magang-main\system\View\View.php(230): include()
#1 C:\xampp\htdocs\magang-main\system\View\View.php(232): CodeIgniter\View\View->CodeIgniter\View\{closure}()
#2 C:\xampp\htdocs\magang-main\system\Common.php(1271): CodeIgniter\View\View->render('subbahan/Kertas', Array, true)
#3 C:\xampp\htdocs\magang-main\app\Controllers\Supplier.php(23): view('subbahan/Kertas', Array)
#4 C:\xampp\htdocs\magang-main\system\CodeIgniter.php(928): App\Controllers\Supplier->Kertas()
#5 C:\xampp\htdocs\magang-main\system\CodeIgniter.php(436): CodeIgniter\CodeIgniter->runController(Object(App\Controllers\Supplier))
#6 C:\xampp\htdocs\magang-main\system\CodeIgniter.php(336): CodeIgniter\CodeIgniter->handleRequest(NULL, Object(Config\Cache), false)
#7 C:\xampp\htdocs\magang-main\public\index.php(37): CodeIgniter\CodeIgniter->run()
#8 C:\xampp\htdocs\magang-main\system\Commands\Server\rewrite.php(45): require_once('C:\\xampp\\htdocs...')
#9 {main}
CRITICAL - 2021-07-28 23:56:26 --> Cannot access offset of type string on string
#0 C:\xampp\htdocs\magang-main\system\View\View.php(230): include()
#1 C:\xampp\htdocs\magang-main\system\View\View.php(232): CodeIgniter\View\View->CodeIgniter\View\{closure}()
#2 C:\xampp\htdocs\magang-main\system\Common.php(1271): CodeIgniter\View\View->render('subbahan/Kertas', Array, true)
#3 C:\xampp\htdocs\magang-main\app\Controllers\Supplier.php(23): view('subbahan/Kertas', Array)
#4 C:\xampp\htdocs\magang-main\system\CodeIgniter.php(928): App\Controllers\Supplier->Kertas()
#5 C:\xampp\htdocs\magang-main\system\CodeIgniter.php(436): CodeIgniter\CodeIgniter->runController(Object(App\Controllers\Supplier))
#6 C:\xampp\htdocs\magang-main\system\CodeIgniter.php(336): CodeIgniter\CodeIgniter->handleRequest(NULL, Object(Config\Cache), false)
#7 C:\xampp\htdocs\magang-main\public\index.php(37): CodeIgniter\CodeIgniter->run()
#8 C:\xampp\htdocs\magang-main\system\Commands\Server\rewrite.php(45): require_once('C:\\xampp\\htdocs...')
#9 {main}
CRITICAL - 2021-07-28 23:57:44 --> Cannot access offset of type string on string
#0 C:\xampp\htdocs\magang-main\system\View\View.php(230): include()
#1 C:\xampp\htdocs\magang-main\system\View\View.php(232): CodeIgniter\View\View->CodeIgniter\View\{closure}()
#2 C:\xampp\htdocs\magang-main\system\Common.php(1271): CodeIgniter\View\View->render('subbahan/Kertas', Array, true)
#3 C:\xampp\htdocs\magang-main\app\Controllers\Supplier.php(23): view('subbahan/Kertas', Array)
#4 C:\xampp\htdocs\magang-main\system\CodeIgniter.php(928): App\Controllers\Supplier->Kertas()
#5 C:\xampp\htdocs\magang-main\system\CodeIgniter.php(436): CodeIgniter\CodeIgniter->runController(Object(App\Controllers\Supplier))
#6 C:\xampp\htdocs\magang-main\system\CodeIgniter.php(336): CodeIgniter\CodeIgniter->handleRequest(NULL, Object(Config\Cache), false)
#7 C:\xampp\htdocs\magang-main\public\index.php(37): CodeIgniter\CodeIgniter->run()
#8 C:\xampp\htdocs\magang-main\system\Commands\Server\rewrite.php(45): require_once('C:\\xampp\\htdocs...')
#9 {main}
CRITICAL - 2021-07-28 23:58:10 --> Cannot access offset of type string on string
#0 C:\xampp\htdocs\magang-main\system\View\View.php(230): include()
#1 C:\xampp\htdocs\magang-main\system\View\View.php(232): CodeIgniter\View\View->CodeIgniter\View\{closure}()
#2 C:\xampp\htdocs\magang-main\system\Common.php(1271): CodeIgniter\View\View->render('subbahan/Kertas', Array, true)
#3 C:\xampp\htdocs\magang-main\app\Controllers\Supplier.php(23): view('subbahan/Kertas', Array)
#4 C:\xampp\htdocs\magang-main\system\CodeIgniter.php(928): App\Controllers\Supplier->Kertas()
#5 C:\xampp\htdocs\magang-main\system\CodeIgniter.php(436): CodeIgniter\CodeIgniter->runController(Object(App\Controllers\Supplier))
#6 C:\xampp\htdocs\magang-main\system\CodeIgniter.php(336): CodeIgniter\CodeIgniter->handleRequest(NULL, Object(Config\Cache), false)
#7 C:\xampp\htdocs\magang-main\public\index.php(37): CodeIgniter\CodeIgniter->run()
#8 C:\xampp\htdocs\magang-main\system\Commands\Server\rewrite.php(45): require_once('C:\\xampp\\htdocs...')
#9 {main}
CRITICAL - 2021-07-28 23:59:07 --> Cannot access offset of type string on string
#0 C:\xampp\htdocs\magang-main\system\View\View.php(230): include()
#1 C:\xampp\htdocs\magang-main\system\View\View.php(232): CodeIgniter\View\View->CodeIgniter\View\{closure}()
#2 C:\xampp\htdocs\magang-main\system\Common.php(1271): CodeIgniter\View\View->render('subbahan/Kertas', Array, true)
#3 C:\xampp\htdocs\magang-main\app\Controllers\Supplier.php(23): view('subbahan/Kertas', Array)
#4 C:\xampp\htdocs\magang-main\system\CodeIgniter.php(928): App\Controllers\Supplier->Kertas()
#5 C:\xampp\htdocs\magang-main\system\CodeIgniter.php(436): CodeIgniter\CodeIgniter->runController(Object(App\Controllers\Supplier))
#6 C:\xampp\htdocs\magang-main\system\CodeIgniter.php(336): CodeIgniter\CodeIgniter->handleRequest(NULL, Object(Config\Cache), false)
#7 C:\xampp\htdocs\magang-main\public\index.php(37): CodeIgniter\CodeIgniter->run()
#8 C:\xampp\htdocs\magang-main\system\Commands\Server\rewrite.php(45): require_once('C:\\xampp\\htdocs...')
#9 {main}
