CRITICAL - 2021-08-07 11:36:45 --> Undefined variable $query
#0 C:\xampp\htdocs\magang-tabel\app\Views\Button\create.php(17): CodeIgniter\Debug\Exceptions->errorHandler(2, 'Undefined varia...', 'C:\\xampp\\htdocs...', 17)
#1 C:\xampp\htdocs\magang-tabel\system\View\View.php(230): include('C:\\xampp\\htdocs...')
#2 C:\xampp\htdocs\magang-tabel\system\View\View.php(232): CodeIgniter\View\View->CodeIgniter\View\{closure}()
#3 C:\xampp\htdocs\magang-tabel\system\Common.php(1271): CodeIgniter\View\View->render('button/create', Array, true)
#4 C:\xampp\htdocs\magang-tabel\app\Controllers\InputButton.php(40): view('button/create', Array)
#5 C:\xampp\htdocs\magang-tabel\system\CodeIgniter.php(928): App\Controllers\InputButton->create()
#6 C:\xampp\htdocs\magang-tabel\system\CodeIgniter.php(436): CodeIgniter\CodeIgniter->runController(Object(App\Controllers\InputButton))
#7 C:\xampp\htdocs\magang-tabel\system\CodeIgniter.php(336): CodeIgniter\CodeIgniter->handleRequest(NULL, Object(Config\Cache), false)
#8 C:\xampp\htdocs\magang-tabel\public\index.php(37): CodeIgniter\CodeIgniter->run()
#9 C:\xampp\htdocs\magang-tabel\system\Commands\Server\rewrite.php(45): require_once('C:\\xampp\\htdocs...')
#10 {main}
CRITICAL - 2021-08-07 01:04:32 --> Undefined property: App\Controllers\Supplier::$load
#0 C:\xampp\htdocs\magang-tabel\app\Controllers\Supplier.php(21): CodeIgniter\Debug\Exceptions->errorHandler(2, 'Undefined prope...', 'C:\\xampp\\htdocs...', 21)
#1 C:\xampp\htdocs\magang-tabel\system\CodeIgniter.php(900): App\Controllers\Supplier->__construct()
#2 C:\xampp\htdocs\magang-tabel\system\CodeIgniter.php(426): CodeIgniter\CodeIgniter->createController()
#3 C:\xampp\htdocs\magang-tabel\system\CodeIgniter.php(336): CodeIgniter\CodeIgniter->handleRequest(NULL, Object(Config\Cache), false)
#4 C:\xampp\htdocs\magang-tabel\public\index.php(37): CodeIgniter\CodeIgniter->run()
#5 C:\xampp\htdocs\magang-tabel\system\Commands\Server\rewrite.php(45): require_once('C:\\xampp\\htdocs...')
#6 {main}
CRITICAL - 2021-08-07 01:04:38 --> Undefined property: App\Controllers\Supplier::$load
#0 C:\xampp\htdocs\magang-tabel\app\Controllers\Supplier.php(21): CodeIgniter\Debug\Exceptions->errorHandler(2, 'Undefined prope...', 'C:\\xampp\\htdocs...', 21)
#1 C:\xampp\htdocs\magang-tabel\system\CodeIgniter.php(900): App\Controllers\Supplier->__construct()
#2 C:\xampp\htdocs\magang-tabel\system\CodeIgniter.php(426): CodeIgniter\CodeIgniter->createController()
#3 C:\xampp\htdocs\magang-tabel\system\CodeIgniter.php(336): CodeIgniter\CodeIgniter->handleRequest(NULL, Object(Config\Cache), false)
#4 C:\xampp\htdocs\magang-tabel\public\index.php(37): CodeIgniter\CodeIgniter->run()
#5 C:\xampp\htdocs\magang-tabel\system\Commands\Server\rewrite.php(45): require_once('C:\\xampp\\htdocs...')
#6 {main}
CRITICAL - 2021-08-07 01:04:45 --> Undefined property: App\Controllers\Supplier::$load
#0 C:\xampp\htdocs\magang-tabel\app\Controllers\Supplier.php(21): CodeIgniter\Debug\Exceptions->errorHandler(2, 'Undefined prope...', 'C:\\xampp\\htdocs...', 21)
#1 C:\xampp\htdocs\magang-tabel\system\CodeIgniter.php(900): App\Controllers\Supplier->__construct()
#2 C:\xampp\htdocs\magang-tabel\system\CodeIgniter.php(426): CodeIgniter\CodeIgniter->createController()
#3 C:\xampp\htdocs\magang-tabel\system\CodeIgniter.php(336): CodeIgniter\CodeIgniter->handleRequest(NULL, Object(Config\Cache), false)
#4 C:\xampp\htdocs\magang-tabel\public\index.php(37): CodeIgniter\CodeIgniter->run()
#5 C:\xampp\htdocs\magang-tabel\system\Commands\Server\rewrite.php(45): require_once('C:\\xampp\\htdocs...')
#6 {main}
CRITICAL - 2021-08-07 13:05:25 --> Undefined variable $query
#0 C:\xampp\htdocs\magang-tabel\app\Views\Button\create.php(17): CodeIgniter\Debug\Exceptions->errorHandler(2, 'Undefined varia...', 'C:\\xampp\\htdocs...', 17)
#1 C:\xampp\htdocs\magang-tabel\system\View\View.php(230): include('C:\\xampp\\htdocs...')
#2 C:\xampp\htdocs\magang-tabel\system\View\View.php(232): CodeIgniter\View\View->CodeIgniter\View\{closure}()
#3 C:\xampp\htdocs\magang-tabel\system\Common.php(1271): CodeIgniter\View\View->render('button/create', Array, true)
#4 C:\xampp\htdocs\magang-tabel\app\Controllers\InputButton.php(40): view('button/create', Array)
#5 C:\xampp\htdocs\magang-tabel\system\CodeIgniter.php(928): App\Controllers\InputButton->create()
#6 C:\xampp\htdocs\magang-tabel\system\CodeIgniter.php(436): CodeIgniter\CodeIgniter->runController(Object(App\Controllers\InputButton))
#7 C:\xampp\htdocs\magang-tabel\system\CodeIgniter.php(336): CodeIgniter\CodeIgniter->handleRequest(NULL, Object(Config\Cache), false)
#8 C:\xampp\htdocs\magang-tabel\public\index.php(37): CodeIgniter\CodeIgniter->run()
#9 C:\xampp\htdocs\magang-tabel\system\Commands\Server\rewrite.php(45): require_once('C:\\xampp\\htdocs...')
#10 {main}
CRITICAL - 2021-08-07 13:15:32 --> Undefined variable $id_kertas
#0 C:\xampp\htdocs\magang-tabel\app\Views\Button\create.php(17): CodeIgniter\Debug\Exceptions->errorHandler(2, 'Undefined varia...', 'C:\\xampp\\htdocs...', 17)
#1 C:\xampp\htdocs\magang-tabel\system\View\View.php(230): include('C:\\xampp\\htdocs...')
#2 C:\xampp\htdocs\magang-tabel\system\View\View.php(232): CodeIgniter\View\View->CodeIgniter\View\{closure}()
#3 C:\xampp\htdocs\magang-tabel\system\Common.php(1271): CodeIgniter\View\View->render('button/create', Array, true)
#4 C:\xampp\htdocs\magang-tabel\app\Controllers\InputButton.php(40): view('button/create', Array)
#5 C:\xampp\htdocs\magang-tabel\system\CodeIgniter.php(928): App\Controllers\InputButton->create()
#6 C:\xampp\htdocs\magang-tabel\system\CodeIgniter.php(436): CodeIgniter\CodeIgniter->runController(Object(App\Controllers\InputButton))
#7 C:\xampp\htdocs\magang-tabel\system\CodeIgniter.php(336): CodeIgniter\CodeIgniter->handleRequest(NULL, Object(Config\Cache), false)
#8 C:\xampp\htdocs\magang-tabel\public\index.php(37): CodeIgniter\CodeIgniter->run()
#9 C:\xampp\htdocs\magang-tabel\system\Commands\Server\rewrite.php(45): require_once('C:\\xampp\\htdocs...')
#10 {main}
CRITICAL - 2021-08-07 13:17:38 --> Undefined variable $k
#0 C:\xampp\htdocs\magang-tabel\app\Views\Button\create.php(17): CodeIgniter\Debug\Exceptions->errorHandler(2, 'Undefined varia...', 'C:\\xampp\\htdocs...', 17)
#1 C:\xampp\htdocs\magang-tabel\system\View\View.php(230): include('C:\\xampp\\htdocs...')
#2 C:\xampp\htdocs\magang-tabel\system\View\View.php(232): CodeIgniter\View\View->CodeIgniter\View\{closure}()
#3 C:\xampp\htdocs\magang-tabel\system\Common.php(1271): CodeIgniter\View\View->render('button/create', Array, true)
#4 C:\xampp\htdocs\magang-tabel\app\Controllers\InputButton.php(40): view('button/create', Array)
#5 C:\xampp\htdocs\magang-tabel\system\CodeIgniter.php(928): App\Controllers\InputButton->create()
#6 C:\xampp\htdocs\magang-tabel\system\CodeIgniter.php(436): CodeIgniter\CodeIgniter->runController(Object(App\Controllers\InputButton))
#7 C:\xampp\htdocs\magang-tabel\system\CodeIgniter.php(336): CodeIgniter\CodeIgniter->handleRequest(NULL, Object(Config\Cache), false)
#8 C:\xampp\htdocs\magang-tabel\public\index.php(37): CodeIgniter\CodeIgniter->run()
#9 C:\xampp\htdocs\magang-tabel\system\Commands\Server\rewrite.php(45): require_once('C:\\xampp\\htdocs...')
#10 {main}
CRITICAL - 2021-08-07 13:17:38 --> Undefined variable $k
#0 C:\xampp\htdocs\magang-tabel\app\Views\Button\create.php(17): CodeIgniter\Debug\Exceptions->errorHandler(2, 'Undefined varia...', 'C:\\xampp\\htdocs...', 17)
#1 C:\xampp\htdocs\magang-tabel\system\View\View.php(230): include('C:\\xampp\\htdocs...')
#2 C:\xampp\htdocs\magang-tabel\system\View\View.php(232): CodeIgniter\View\View->CodeIgniter\View\{closure}()
#3 C:\xampp\htdocs\magang-tabel\system\Common.php(1271): CodeIgniter\View\View->render('button/create', Array, true)
#4 C:\xampp\htdocs\magang-tabel\app\Controllers\InputButton.php(40): view('button/create', Array)
#5 C:\xampp\htdocs\magang-tabel\system\CodeIgniter.php(928): App\Controllers\InputButton->create()
#6 C:\xampp\htdocs\magang-tabel\system\CodeIgniter.php(436): CodeIgniter\CodeIgniter->runController(Object(App\Controllers\InputButton))
#7 C:\xampp\htdocs\magang-tabel\system\CodeIgniter.php(336): CodeIgniter\CodeIgniter->handleRequest(NULL, Object(Config\Cache), false)
#8 C:\xampp\htdocs\magang-tabel\public\index.php(37): CodeIgniter\CodeIgniter->run()
#9 C:\xampp\htdocs\magang-tabel\system\Commands\Server\rewrite.php(45): require_once('C:\\xampp\\htdocs...')
#10 {main}
CRITICAL - 2021-08-07 13:17:39 --> Undefined variable $k
#0 C:\xampp\htdocs\magang-tabel\app\Views\Button\create.php(17): CodeIgniter\Debug\Exceptions->errorHandler(2, 'Undefined varia...', 'C:\\xampp\\htdocs...', 17)
#1 C:\xampp\htdocs\magang-tabel\system\View\View.php(230): include('C:\\xampp\\htdocs...')
#2 C:\xampp\htdocs\magang-tabel\system\View\View.php(232): CodeIgniter\View\View->CodeIgniter\View\{closure}()
#3 C:\xampp\htdocs\magang-tabel\system\Common.php(1271): CodeIgniter\View\View->render('button/create', Array, true)
#4 C:\xampp\htdocs\magang-tabel\app\Controllers\InputButton.php(40): view('button/create', Array)
#5 C:\xampp\htdocs\magang-tabel\system\CodeIgniter.php(928): App\Controllers\InputButton->create()
#6 C:\xampp\htdocs\magang-tabel\system\CodeIgniter.php(436): CodeIgniter\CodeIgniter->runController(Object(App\Controllers\InputButton))
#7 C:\xampp\htdocs\magang-tabel\system\CodeIgniter.php(336): CodeIgniter\CodeIgniter->handleRequest(NULL, Object(Config\Cache), false)
#8 C:\xampp\htdocs\magang-tabel\public\index.php(37): CodeIgniter\CodeIgniter->run()
#9 C:\xampp\htdocs\magang-tabel\system\Commands\Server\rewrite.php(45): require_once('C:\\xampp\\htdocs...')
#10 {main}
CRITICAL - 2021-08-07 13:26:36 --> Undefined variable $k
#0 C:\xampp\htdocs\magang-tabel\app\Views\Button\create.php(17): CodeIgniter\Debug\Exceptions->errorHandler(2, 'Undefined varia...', 'C:\\xampp\\htdocs...', 17)
#1 C:\xampp\htdocs\magang-tabel\system\View\View.php(230): include('C:\\xampp\\htdocs...')
#2 C:\xampp\htdocs\magang-tabel\system\View\View.php(232): CodeIgniter\View\View->CodeIgniter\View\{closure}()
#3 C:\xampp\htdocs\magang-tabel\system\Common.php(1271): CodeIgniter\View\View->render('button/create', Array, true)
#4 C:\xampp\htdocs\magang-tabel\app\Controllers\InputButton.php(40): view('button/create', Array)
#5 C:\xampp\htdocs\magang-tabel\system\CodeIgniter.php(928): App\Controllers\InputButton->create()
#6 C:\xampp\htdocs\magang-tabel\system\CodeIgniter.php(436): CodeIgniter\CodeIgniter->runController(Object(App\Controllers\InputButton))
#7 C:\xampp\htdocs\magang-tabel\system\CodeIgniter.php(336): CodeIgniter\CodeIgniter->handleRequest(NULL, Object(Config\Cache), false)
#8 C:\xampp\htdocs\magang-tabel\public\index.php(37): CodeIgniter\CodeIgniter->run()
#9 C:\xampp\htdocs\magang-tabel\system\Commands\Server\rewrite.php(45): require_once('C:\\xampp\\htdocs...')
#10 {main}
CRITICAL - 2021-08-07 13:35:47 --> Undefined variable $id_kertas
#0 C:\xampp\htdocs\magang-tabel\app\Views\Button\create.php(17): CodeIgniter\Debug\Exceptions->errorHandler(2, 'Undefined varia...', 'C:\\xampp\\htdocs...', 17)
#1 C:\xampp\htdocs\magang-tabel\system\View\View.php(230): include('C:\\xampp\\htdocs...')
#2 C:\xampp\htdocs\magang-tabel\system\View\View.php(232): CodeIgniter\View\View->CodeIgniter\View\{closure}()
#3 C:\xampp\htdocs\magang-tabel\system\Common.php(1271): CodeIgniter\View\View->render('button/create', Array, true)
#4 C:\xampp\htdocs\magang-tabel\app\Controllers\InputButton.php(40): view('button/create', Array)
#5 C:\xampp\htdocs\magang-tabel\system\CodeIgniter.php(928): App\Controllers\InputButton->create()
#6 C:\xampp\htdocs\magang-tabel\system\CodeIgniter.php(436): CodeIgniter\CodeIgniter->runController(Object(App\Controllers\InputButton))
#7 C:\xampp\htdocs\magang-tabel\system\CodeIgniter.php(336): CodeIgniter\CodeIgniter->handleRequest(NULL, Object(Config\Cache), false)
#8 C:\xampp\htdocs\magang-tabel\public\index.php(37): CodeIgniter\CodeIgniter->run()
#9 C:\xampp\htdocs\magang-tabel\system\Commands\Server\rewrite.php(45): require_once('C:\\xampp\\htdocs...')
#10 {main}
CRITICAL - 2021-08-07 13:39:23 --> Undefined variable $id_kertas
#0 C:\xampp\htdocs\magang-tabel\app\Views\Button\create.php(17): CodeIgniter\Debug\Exceptions->errorHandler(2, 'Undefined varia...', 'C:\\xampp\\htdocs...', 17)
#1 C:\xampp\htdocs\magang-tabel\system\View\View.php(230): include('C:\\xampp\\htdocs...')
#2 C:\xampp\htdocs\magang-tabel\system\View\View.php(232): CodeIgniter\View\View->CodeIgniter\View\{closure}()
#3 C:\xampp\htdocs\magang-tabel\system\Common.php(1271): CodeIgniter\View\View->render('button/create', Array, true)
#4 C:\xampp\htdocs\magang-tabel\app\Controllers\InputButton.php(40): view('button/create', Array)
#5 C:\xampp\htdocs\magang-tabel\system\CodeIgniter.php(928): App\Controllers\InputButton->create()
#6 C:\xampp\htdocs\magang-tabel\system\CodeIgniter.php(436): CodeIgniter\CodeIgniter->runController(Object(App\Controllers\InputButton))
#7 C:\xampp\htdocs\magang-tabel\system\CodeIgniter.php(336): CodeIgniter\CodeIgniter->handleRequest(NULL, Object(Config\Cache), false)
#8 C:\xampp\htdocs\magang-tabel\public\index.php(37): CodeIgniter\CodeIgniter->run()
#9 C:\xampp\htdocs\magang-tabel\system\Commands\Server\rewrite.php(45): require_once('C:\\xampp\\htdocs...')
#10 {main}
CRITICAL - 2021-08-07 13:39:28 --> Undefined property: CodeIgniter\Database\MySQLi\Result::$id_kertas
#0 C:\xampp\htdocs\magang-tabel\app\Models\kertasModel.php(39): CodeIgniter\Debug\Exceptions->errorHandler(2, 'Undefined prope...', 'C:\\xampp\\htdocs...', 39)
#1 C:\xampp\htdocs\magang-tabel\app\Controllers\Supplier.php(40): App\Models\kertasModel->autocodekertas()
#2 C:\xampp\htdocs\magang-tabel\system\CodeIgniter.php(928): App\Controllers\Supplier->Kertas()
#3 C:\xampp\htdocs\magang-tabel\system\CodeIgniter.php(436): CodeIgniter\CodeIgniter->runController(Object(App\Controllers\Supplier))
#4 C:\xampp\htdocs\magang-tabel\system\CodeIgniter.php(336): CodeIgniter\CodeIgniter->handleRequest(NULL, Object(Config\Cache), false)
#5 C:\xampp\htdocs\magang-tabel\public\index.php(37): CodeIgniter\CodeIgniter->run()
#6 C:\xampp\htdocs\magang-tabel\system\Commands\Server\rewrite.php(45): require_once('C:\\xampp\\htdocs...')
#7 {main}
CRITICAL - 2021-08-07 13:39:32 --> Undefined property: CodeIgniter\Database\MySQLi\Result::$id_kertas
#0 C:\xampp\htdocs\magang-tabel\app\Models\kertasModel.php(39): CodeIgniter\Debug\Exceptions->errorHandler(2, 'Undefined prope...', 'C:\\xampp\\htdocs...', 39)
#1 C:\xampp\htdocs\magang-tabel\app\Controllers\Supplier.php(40): App\Models\kertasModel->autocodekertas()
#2 C:\xampp\htdocs\magang-tabel\system\CodeIgniter.php(928): App\Controllers\Supplier->Kertas()
#3 C:\xampp\htdocs\magang-tabel\system\CodeIgniter.php(436): CodeIgniter\CodeIgniter->runController(Object(App\Controllers\Supplier))
#4 C:\xampp\htdocs\magang-tabel\system\CodeIgniter.php(336): CodeIgniter\CodeIgniter->handleRequest(NULL, Object(Config\Cache), false)
#5 C:\xampp\htdocs\magang-tabel\public\index.php(37): CodeIgniter\CodeIgniter->run()
#6 C:\xampp\htdocs\magang-tabel\system\Commands\Server\rewrite.php(45): require_once('C:\\xampp\\htdocs...')
#7 {main}
CRITICAL - 2021-08-07 13:40:24 --> Undefined variable $id_kertas
#0 C:\xampp\htdocs\magang-tabel\app\Views\Button\create.php(17): CodeIgniter\Debug\Exceptions->errorHandler(2, 'Undefined varia...', 'C:\\xampp\\htdocs...', 17)
#1 C:\xampp\htdocs\magang-tabel\system\View\View.php(230): include('C:\\xampp\\htdocs...')
#2 C:\xampp\htdocs\magang-tabel\system\View\View.php(232): CodeIgniter\View\View->CodeIgniter\View\{closure}()
#3 C:\xampp\htdocs\magang-tabel\system\Common.php(1271): CodeIgniter\View\View->render('button/create', Array, true)
#4 C:\xampp\htdocs\magang-tabel\app\Controllers\InputButton.php(40): view('button/create', Array)
#5 C:\xampp\htdocs\magang-tabel\system\CodeIgniter.php(928): App\Controllers\InputButton->create()
#6 C:\xampp\htdocs\magang-tabel\system\CodeIgniter.php(436): CodeIgniter\CodeIgniter->runController(Object(App\Controllers\InputButton))
#7 C:\xampp\htdocs\magang-tabel\system\CodeIgniter.php(336): CodeIgniter\CodeIgniter->handleRequest(NULL, Object(Config\Cache), false)
#8 C:\xampp\htdocs\magang-tabel\public\index.php(37): CodeIgniter\CodeIgniter->run()
#9 C:\xampp\htdocs\magang-tabel\system\Commands\Server\rewrite.php(45): require_once('C:\\xampp\\htdocs...')
#10 {main}
CRITICAL - 2021-08-07 13:40:35 --> Undefined variable $id_kertas
#0 C:\xampp\htdocs\magang-tabel\app\Views\Button\create.php(17): CodeIgniter\Debug\Exceptions->errorHandler(2, 'Undefined varia...', 'C:\\xampp\\htdocs...', 17)
#1 C:\xampp\htdocs\magang-tabel\system\View\View.php(230): include('C:\\xampp\\htdocs...')
#2 C:\xampp\htdocs\magang-tabel\system\View\View.php(232): CodeIgniter\View\View->CodeIgniter\View\{closure}()
#3 C:\xampp\htdocs\magang-tabel\system\Common.php(1271): CodeIgniter\View\View->render('button/create', Array, true)
#4 C:\xampp\htdocs\magang-tabel\app\Controllers\InputButton.php(40): view('button/create', Array)
#5 C:\xampp\htdocs\magang-tabel\system\CodeIgniter.php(928): App\Controllers\InputButton->create()
#6 C:\xampp\htdocs\magang-tabel\system\CodeIgniter.php(436): CodeIgniter\CodeIgniter->runController(Object(App\Controllers\InputButton))
#7 C:\xampp\htdocs\magang-tabel\system\CodeIgniter.php(336): CodeIgniter\CodeIgniter->handleRequest(NULL, Object(Config\Cache), false)
#8 C:\xampp\htdocs\magang-tabel\public\index.php(37): CodeIgniter\CodeIgniter->run()
#9 C:\xampp\htdocs\magang-tabel\system\Commands\Server\rewrite.php(45): require_once('C:\\xampp\\htdocs...')
#10 {main}
CRITICAL - 2021-08-07 13:45:03 --> Too few arguments to function App\Controllers\Supplier::Kertas(), 0 passed in C:\xampp\htdocs\magang-tabel\system\CodeIgniter.php on line 928 and exactly 1 expected
#0 C:\xampp\htdocs\magang-tabel\system\CodeIgniter.php(928): App\Controllers\Supplier->Kertas()
#1 C:\xampp\htdocs\magang-tabel\system\CodeIgniter.php(436): CodeIgniter\CodeIgniter->runController(Object(App\Controllers\Supplier))
#2 C:\xampp\htdocs\magang-tabel\system\CodeIgniter.php(336): CodeIgniter\CodeIgniter->handleRequest(NULL, Object(Config\Cache), false)
#3 C:\xampp\htdocs\magang-tabel\public\index.php(37): CodeIgniter\CodeIgniter->run()
#4 C:\xampp\htdocs\magang-tabel\system\Commands\Server\rewrite.php(45): require_once('C:\\xampp\\htdocs...')
#5 {main}
CRITICAL - 2021-08-07 13:46:17 --> substr(): Argument #1 ($string) must be of type string, CodeIgniter\Database\MySQLi\Result given
#0 C:\xampp\htdocs\magang-tabel\app\Controllers\Supplier.php(29): substr(Object(CodeIgniter\Database\MySQLi\Result), 3, 4)
#1 C:\xampp\htdocs\magang-tabel\system\CodeIgniter.php(928): App\Controllers\Supplier->Kertas()
#2 C:\xampp\htdocs\magang-tabel\system\CodeIgniter.php(436): CodeIgniter\CodeIgniter->runController(Object(App\Controllers\Supplier))
#3 C:\xampp\htdocs\magang-tabel\system\CodeIgniter.php(336): CodeIgniter\CodeIgniter->handleRequest(NULL, Object(Config\Cache), false)
#4 C:\xampp\htdocs\magang-tabel\public\index.php(37): CodeIgniter\CodeIgniter->run()
#5 C:\xampp\htdocs\magang-tabel\system\Commands\Server\rewrite.php(45): require_once('C:\\xampp\\htdocs...')
#6 {main}
CRITICAL - 2021-08-07 13:49:21 --> substr(): Argument #1 ($string) must be of type string, CodeIgniter\Database\MySQLi\Result given
#0 C:\xampp\htdocs\magang-tabel\app\Controllers\Supplier.php(29): substr(Object(CodeIgniter\Database\MySQLi\Result), 3, 4)
#1 C:\xampp\htdocs\magang-tabel\system\CodeIgniter.php(928): App\Controllers\Supplier->Kertas()
#2 C:\xampp\htdocs\magang-tabel\system\CodeIgniter.php(436): CodeIgniter\CodeIgniter->runController(Object(App\Controllers\Supplier))
#3 C:\xampp\htdocs\magang-tabel\system\CodeIgniter.php(336): CodeIgniter\CodeIgniter->handleRequest(NULL, Object(Config\Cache), false)
#4 C:\xampp\htdocs\magang-tabel\public\index.php(37): CodeIgniter\CodeIgniter->run()
#5 C:\xampp\htdocs\magang-tabel\system\Commands\Server\rewrite.php(45): require_once('C:\\xampp\\htdocs...')
#6 {main}
CRITICAL - 2021-08-07 13:49:22 --> substr(): Argument #1 ($string) must be of type string, CodeIgniter\Database\MySQLi\Result given
#0 C:\xampp\htdocs\magang-tabel\app\Controllers\Supplier.php(29): substr(Object(CodeIgniter\Database\MySQLi\Result), 3, 4)
#1 C:\xampp\htdocs\magang-tabel\system\CodeIgniter.php(928): App\Controllers\Supplier->Kertas()
#2 C:\xampp\htdocs\magang-tabel\system\CodeIgniter.php(436): CodeIgniter\CodeIgniter->runController(Object(App\Controllers\Supplier))
#3 C:\xampp\htdocs\magang-tabel\system\CodeIgniter.php(336): CodeIgniter\CodeIgniter->handleRequest(NULL, Object(Config\Cache), false)
#4 C:\xampp\htdocs\magang-tabel\public\index.php(37): CodeIgniter\CodeIgniter->run()
#5 C:\xampp\htdocs\magang-tabel\system\Commands\Server\rewrite.php(45): require_once('C:\\xampp\\htdocs...')
#6 {main}
CRITICAL - 2021-08-07 13:49:22 --> substr(): Argument #1 ($string) must be of type string, CodeIgniter\Database\MySQLi\Result given
#0 C:\xampp\htdocs\magang-tabel\app\Controllers\Supplier.php(29): substr(Object(CodeIgniter\Database\MySQLi\Result), 3, 4)
#1 C:\xampp\htdocs\magang-tabel\system\CodeIgniter.php(928): App\Controllers\Supplier->Kertas()
#2 C:\xampp\htdocs\magang-tabel\system\CodeIgniter.php(436): CodeIgniter\CodeIgniter->runController(Object(App\Controllers\Supplier))
#3 C:\xampp\htdocs\magang-tabel\system\CodeIgniter.php(336): CodeIgniter\CodeIgniter->handleRequest(NULL, Object(Config\Cache), false)
#4 C:\xampp\htdocs\magang-tabel\public\index.php(37): CodeIgniter\CodeIgniter->run()
#5 C:\xampp\htdocs\magang-tabel\system\Commands\Server\rewrite.php(45): require_once('C:\\xampp\\htdocs...')
#6 {main}
CRITICAL - 2021-08-07 13:49:23 --> substr(): Argument #1 ($string) must be of type string, CodeIgniter\Database\MySQLi\Result given
#0 C:\xampp\htdocs\magang-tabel\app\Controllers\Supplier.php(29): substr(Object(CodeIgniter\Database\MySQLi\Result), 3, 4)
#1 C:\xampp\htdocs\magang-tabel\system\CodeIgniter.php(928): App\Controllers\Supplier->Kertas()
#2 C:\xampp\htdocs\magang-tabel\system\CodeIgniter.php(436): CodeIgniter\CodeIgniter->runController(Object(App\Controllers\Supplier))
#3 C:\xampp\htdocs\magang-tabel\system\CodeIgniter.php(336): CodeIgniter\CodeIgniter->handleRequest(NULL, Object(Config\Cache), false)
#4 C:\xampp\htdocs\magang-tabel\public\index.php(37): CodeIgniter\CodeIgniter->run()
#5 C:\xampp\htdocs\magang-tabel\system\Commands\Server\rewrite.php(45): require_once('C:\\xampp\\htdocs...')
#6 {main}
CRITICAL - 2021-08-07 13:50:30 --> substr(): Argument #1 ($string) must be of type string, CodeIgniter\Database\MySQLi\Result given
#0 C:\xampp\htdocs\magang-tabel\app\Controllers\Supplier.php(29): substr(Object(CodeIgniter\Database\MySQLi\Result), 3, 4)
#1 C:\xampp\htdocs\magang-tabel\system\CodeIgniter.php(928): App\Controllers\Supplier->Kertas()
#2 C:\xampp\htdocs\magang-tabel\system\CodeIgniter.php(436): CodeIgniter\CodeIgniter->runController(Object(App\Controllers\Supplier))
#3 C:\xampp\htdocs\magang-tabel\system\CodeIgniter.php(336): CodeIgniter\CodeIgniter->handleRequest(NULL, Object(Config\Cache), false)
#4 C:\xampp\htdocs\magang-tabel\public\index.php(37): CodeIgniter\CodeIgniter->run()
#5 C:\xampp\htdocs\magang-tabel\system\Commands\Server\rewrite.php(45): require_once('C:\\xampp\\htdocs...')
#6 {main}
CRITICAL - 2021-08-07 13:50:31 --> substr(): Argument #1 ($string) must be of type string, CodeIgniter\Database\MySQLi\Result given
#0 C:\xampp\htdocs\magang-tabel\app\Controllers\Supplier.php(29): substr(Object(CodeIgniter\Database\MySQLi\Result), 3, 4)
#1 C:\xampp\htdocs\magang-tabel\system\CodeIgniter.php(928): App\Controllers\Supplier->Kertas()
#2 C:\xampp\htdocs\magang-tabel\system\CodeIgniter.php(436): CodeIgniter\CodeIgniter->runController(Object(App\Controllers\Supplier))
#3 C:\xampp\htdocs\magang-tabel\system\CodeIgniter.php(336): CodeIgniter\CodeIgniter->handleRequest(NULL, Object(Config\Cache), false)
#4 C:\xampp\htdocs\magang-tabel\public\index.php(37): CodeIgniter\CodeIgniter->run()
#5 C:\xampp\htdocs\magang-tabel\system\Commands\Server\rewrite.php(45): require_once('C:\\xampp\\htdocs...')
#6 {main}
CRITICAL - 2021-08-07 13:52:18 --> Cannot use object of type CodeIgniter\Database\MySQLi\Result as array
#0 C:\xampp\htdocs\magang-tabel\system\CodeIgniter.php(928): App\Controllers\Supplier->Kertas()
#1 C:\xampp\htdocs\magang-tabel\system\CodeIgniter.php(436): CodeIgniter\CodeIgniter->runController(Object(App\Controllers\Supplier))
#2 C:\xampp\htdocs\magang-tabel\system\CodeIgniter.php(336): CodeIgniter\CodeIgniter->handleRequest(NULL, Object(Config\Cache), false)
#3 C:\xampp\htdocs\magang-tabel\public\index.php(37): CodeIgniter\CodeIgniter->run()
#4 C:\xampp\htdocs\magang-tabel\system\Commands\Server\rewrite.php(45): require_once('C:\\xampp\\htdocs...')
#5 {main}
CRITICAL - 2021-08-07 13:54:22 --> Cannot use object of type CodeIgniter\Database\MySQLi\Result as array
#0 C:\xampp\htdocs\magang-tabel\system\CodeIgniter.php(928): App\Controllers\Supplier->Kertas()
#1 C:\xampp\htdocs\magang-tabel\system\CodeIgniter.php(436): CodeIgniter\CodeIgniter->runController(Object(App\Controllers\Supplier))
#2 C:\xampp\htdocs\magang-tabel\system\CodeIgniter.php(336): CodeIgniter\CodeIgniter->handleRequest(NULL, Object(Config\Cache), false)
#3 C:\xampp\htdocs\magang-tabel\public\index.php(37): CodeIgniter\CodeIgniter->run()
#4 C:\xampp\htdocs\magang-tabel\system\Commands\Server\rewrite.php(45): require_once('C:\\xampp\\htdocs...')
#5 {main}
CRITICAL - 2021-08-07 13:54:22 --> Cannot use object of type CodeIgniter\Database\MySQLi\Result as array
#0 C:\xampp\htdocs\magang-tabel\system\CodeIgniter.php(928): App\Controllers\Supplier->Kertas()
#1 C:\xampp\htdocs\magang-tabel\system\CodeIgniter.php(436): CodeIgniter\CodeIgniter->runController(Object(App\Controllers\Supplier))
#2 C:\xampp\htdocs\magang-tabel\system\CodeIgniter.php(336): CodeIgniter\CodeIgniter->handleRequest(NULL, Object(Config\Cache), false)
#3 C:\xampp\htdocs\magang-tabel\public\index.php(37): CodeIgniter\CodeIgniter->run()
#4 C:\xampp\htdocs\magang-tabel\system\Commands\Server\rewrite.php(45): require_once('C:\\xampp\\htdocs...')
#5 {main}
CRITICAL - 2021-08-07 13:54:22 --> Cannot use object of type CodeIgniter\Database\MySQLi\Result as array
#0 C:\xampp\htdocs\magang-tabel\system\CodeIgniter.php(928): App\Controllers\Supplier->Kertas()
#1 C:\xampp\htdocs\magang-tabel\system\CodeIgniter.php(436): CodeIgniter\CodeIgniter->runController(Object(App\Controllers\Supplier))
#2 C:\xampp\htdocs\magang-tabel\system\CodeIgniter.php(336): CodeIgniter\CodeIgniter->handleRequest(NULL, Object(Config\Cache), false)
#3 C:\xampp\htdocs\magang-tabel\public\index.php(37): CodeIgniter\CodeIgniter->run()
#4 C:\xampp\htdocs\magang-tabel\system\Commands\Server\rewrite.php(45): require_once('C:\\xampp\\htdocs...')
#5 {main}
CRITICAL - 2021-08-07 13:54:23 --> Cannot use object of type CodeIgniter\Database\MySQLi\Result as array
#0 C:\xampp\htdocs\magang-tabel\system\CodeIgniter.php(928): App\Controllers\Supplier->Kertas()
#1 C:\xampp\htdocs\magang-tabel\system\CodeIgniter.php(436): CodeIgniter\CodeIgniter->runController(Object(App\Controllers\Supplier))
#2 C:\xampp\htdocs\magang-tabel\system\CodeIgniter.php(336): CodeIgniter\CodeIgniter->handleRequest(NULL, Object(Config\Cache), false)
#3 C:\xampp\htdocs\magang-tabel\public\index.php(37): CodeIgniter\CodeIgniter->run()
#4 C:\xampp\htdocs\magang-tabel\system\Commands\Server\rewrite.php(45): require_once('C:\\xampp\\htdocs...')
#5 {main}
CRITICAL - 2021-08-07 13:54:23 --> Cannot use object of type CodeIgniter\Database\MySQLi\Result as array
#0 C:\xampp\htdocs\magang-tabel\system\CodeIgniter.php(928): App\Controllers\Supplier->Kertas()
#1 C:\xampp\htdocs\magang-tabel\system\CodeIgniter.php(436): CodeIgniter\CodeIgniter->runController(Object(App\Controllers\Supplier))
#2 C:\xampp\htdocs\magang-tabel\system\CodeIgniter.php(336): CodeIgniter\CodeIgniter->handleRequest(NULL, Object(Config\Cache), false)
#3 C:\xampp\htdocs\magang-tabel\public\index.php(37): CodeIgniter\CodeIgniter->run()
#4 C:\xampp\htdocs\magang-tabel\system\Commands\Server\rewrite.php(45): require_once('C:\\xampp\\htdocs...')
#5 {main}
CRITICAL - 2021-08-07 13:54:23 --> Cannot use object of type CodeIgniter\Database\MySQLi\Result as array
#0 C:\xampp\htdocs\magang-tabel\system\CodeIgniter.php(928): App\Controllers\Supplier->Kertas()
#1 C:\xampp\htdocs\magang-tabel\system\CodeIgniter.php(436): CodeIgniter\CodeIgniter->runController(Object(App\Controllers\Supplier))
#2 C:\xampp\htdocs\magang-tabel\system\CodeIgniter.php(336): CodeIgniter\CodeIgniter->handleRequest(NULL, Object(Config\Cache), false)
#3 C:\xampp\htdocs\magang-tabel\public\index.php(37): CodeIgniter\CodeIgniter->run()
#4 C:\xampp\htdocs\magang-tabel\system\Commands\Server\rewrite.php(45): require_once('C:\\xampp\\htdocs...')
#5 {main}
CRITICAL - 2021-08-07 13:54:23 --> Cannot use object of type CodeIgniter\Database\MySQLi\Result as array
#0 C:\xampp\htdocs\magang-tabel\system\CodeIgniter.php(928): App\Controllers\Supplier->Kertas()
#1 C:\xampp\htdocs\magang-tabel\system\CodeIgniter.php(436): CodeIgniter\CodeIgniter->runController(Object(App\Controllers\Supplier))
#2 C:\xampp\htdocs\magang-tabel\system\CodeIgniter.php(336): CodeIgniter\CodeIgniter->handleRequest(NULL, Object(Config\Cache), false)
#3 C:\xampp\htdocs\magang-tabel\public\index.php(37): CodeIgniter\CodeIgniter->run()
#4 C:\xampp\htdocs\magang-tabel\system\Commands\Server\rewrite.php(45): require_once('C:\\xampp\\htdocs...')
#5 {main}
CRITICAL - 2021-08-07 13:54:38 --> substr(): Argument #1 ($string) must be of type string, CodeIgniter\Database\MySQLi\Result given
#0 C:\xampp\htdocs\magang-tabel\app\Controllers\Supplier.php(29): substr(Object(CodeIgniter\Database\MySQLi\Result), 3, false)
#1 C:\xampp\htdocs\magang-tabel\system\CodeIgniter.php(928): App\Controllers\Supplier->Kertas()
#2 C:\xampp\htdocs\magang-tabel\system\CodeIgniter.php(436): CodeIgniter\CodeIgniter->runController(Object(App\Controllers\Supplier))
#3 C:\xampp\htdocs\magang-tabel\system\CodeIgniter.php(336): CodeIgniter\CodeIgniter->handleRequest(NULL, Object(Config\Cache), false)
#4 C:\xampp\htdocs\magang-tabel\public\index.php(37): CodeIgniter\CodeIgniter->run()
#5 C:\xampp\htdocs\magang-tabel\system\Commands\Server\rewrite.php(45): require_once('C:\\xampp\\htdocs...')
#6 {main}
CRITICAL - 2021-08-07 13:55:35 --> substr(): Argument #1 ($string) must be of type string, CodeIgniter\Database\MySQLi\Result given
#0 C:\xampp\htdocs\magang-tabel\app\Controllers\Supplier.php(29): substr(Object(CodeIgniter\Database\MySQLi\Result), 3, 4)
#1 C:\xampp\htdocs\magang-tabel\system\CodeIgniter.php(928): App\Controllers\Supplier->Kertas()
#2 C:\xampp\htdocs\magang-tabel\system\CodeIgniter.php(436): CodeIgniter\CodeIgniter->runController(Object(App\Controllers\Supplier))
#3 C:\xampp\htdocs\magang-tabel\system\CodeIgniter.php(336): CodeIgniter\CodeIgniter->handleRequest(NULL, Object(Config\Cache), false)
#4 C:\xampp\htdocs\magang-tabel\public\index.php(37): CodeIgniter\CodeIgniter->run()
#5 C:\xampp\htdocs\magang-tabel\system\Commands\Server\rewrite.php(45): require_once('C:\\xampp\\htdocs...')
#6 {main}
CRITICAL - 2021-08-07 13:55:56 --> substr(): Argument #1 ($string) must be of type string, CodeIgniter\Database\MySQLi\Result given
#0 C:\xampp\htdocs\magang-tabel\app\Controllers\Supplier.php(29): substr(Object(CodeIgniter\Database\MySQLi\Result), 3, 4)
#1 C:\xampp\htdocs\magang-tabel\system\CodeIgniter.php(928): App\Controllers\Supplier->Kertas()
#2 C:\xampp\htdocs\magang-tabel\system\CodeIgniter.php(436): CodeIgniter\CodeIgniter->runController(Object(App\Controllers\Supplier))
#3 C:\xampp\htdocs\magang-tabel\system\CodeIgniter.php(336): CodeIgniter\CodeIgniter->handleRequest(NULL, Object(Config\Cache), false)
#4 C:\xampp\htdocs\magang-tabel\public\index.php(37): CodeIgniter\CodeIgniter->run()
#5 C:\xampp\htdocs\magang-tabel\system\Commands\Server\rewrite.php(45): require_once('C:\\xampp\\htdocs...')
#6 {main}
CRITICAL - 2021-08-07 13:59:48 --> substr(): Argument #1 ($string) must be of type string, CodeIgniter\Database\MySQLi\Result given
#0 C:\xampp\htdocs\magang-tabel\app\Controllers\Supplier.php(29): substr(Object(CodeIgniter\Database\MySQLi\Result), 3, 4)
#1 C:\xampp\htdocs\magang-tabel\system\CodeIgniter.php(928): App\Controllers\Supplier->Kertas()
#2 C:\xampp\htdocs\magang-tabel\system\CodeIgniter.php(436): CodeIgniter\CodeIgniter->runController(Object(App\Controllers\Supplier))
#3 C:\xampp\htdocs\magang-tabel\system\CodeIgniter.php(336): CodeIgniter\CodeIgniter->handleRequest(NULL, Object(Config\Cache), false)
#4 C:\xampp\htdocs\magang-tabel\public\index.php(37): CodeIgniter\CodeIgniter->run()
#5 C:\xampp\htdocs\magang-tabel\system\Commands\Server\rewrite.php(45): require_once('C:\\xampp\\htdocs...')
#6 {main}
CRITICAL - 2021-08-07 14:02:58 --> sprintf(): Argument #1 ($format) must be of type string, CodeIgniter\Database\MySQLi\Result given
#0 C:\xampp\htdocs\magang-tabel\app\Controllers\Supplier.php(29): sprintf(Object(CodeIgniter\Database\MySQLi\Result), 3, 4)
#1 C:\xampp\htdocs\magang-tabel\system\CodeIgniter.php(928): App\Controllers\Supplier->Kertas()
#2 C:\xampp\htdocs\magang-tabel\system\CodeIgniter.php(436): CodeIgniter\CodeIgniter->runController(Object(App\Controllers\Supplier))
#3 C:\xampp\htdocs\magang-tabel\system\CodeIgniter.php(336): CodeIgniter\CodeIgniter->handleRequest(NULL, Object(Config\Cache), false)
#4 C:\xampp\htdocs\magang-tabel\public\index.php(37): CodeIgniter\CodeIgniter->run()
#5 C:\xampp\htdocs\magang-tabel\system\Commands\Server\rewrite.php(45): require_once('C:\\xampp\\htdocs...')
#6 {main}
CRITICAL - 2021-08-07 14:06:44 --> sprintf(): Argument #1 ($format) must be of type string, CodeIgniter\Database\MySQLi\Result given
#0 C:\xampp\htdocs\magang-tabel\app\Controllers\Supplier.php(29): sprintf(Object(CodeIgniter\Database\MySQLi\Result), 3, 4)
#1 C:\xampp\htdocs\magang-tabel\system\CodeIgniter.php(928): App\Controllers\Supplier->Kertas()
#2 C:\xampp\htdocs\magang-tabel\system\CodeIgniter.php(436): CodeIgniter\CodeIgniter->runController(Object(App\Controllers\Supplier))
#3 C:\xampp\htdocs\magang-tabel\system\CodeIgniter.php(336): CodeIgniter\CodeIgniter->handleRequest(NULL, Object(Config\Cache), false)
#4 C:\xampp\htdocs\magang-tabel\public\index.php(37): CodeIgniter\CodeIgniter->run()
#5 C:\xampp\htdocs\magang-tabel\system\Commands\Server\rewrite.php(45): require_once('C:\\xampp\\htdocs...')
#6 {main}
CRITICAL - 2021-08-07 14:24:11 --> Undefined variable $id_kertas
#0 C:\xampp\htdocs\magang-tabel\app\Views\Button\create.php(17): CodeIgniter\Debug\Exceptions->errorHandler(2, 'Undefined varia...', 'C:\\xampp\\htdocs...', 17)
#1 C:\xampp\htdocs\magang-tabel\system\View\View.php(230): include('C:\\xampp\\htdocs...')
#2 C:\xampp\htdocs\magang-tabel\system\View\View.php(232): CodeIgniter\View\View->CodeIgniter\View\{closure}()
#3 C:\xampp\htdocs\magang-tabel\system\Common.php(1271): CodeIgniter\View\View->render('button/create', Array, true)
#4 C:\xampp\htdocs\magang-tabel\app\Controllers\InputButton.php(40): view('button/create', Array)
#5 C:\xampp\htdocs\magang-tabel\system\CodeIgniter.php(928): App\Controllers\InputButton->create()
#6 C:\xampp\htdocs\magang-tabel\system\CodeIgniter.php(436): CodeIgniter\CodeIgniter->runController(Object(App\Controllers\InputButton))
#7 C:\xampp\htdocs\magang-tabel\system\CodeIgniter.php(336): CodeIgniter\CodeIgniter->handleRequest(NULL, Object(Config\Cache), false)
#8 C:\xampp\htdocs\magang-tabel\public\index.php(37): CodeIgniter\CodeIgniter->run()
#9 C:\xampp\htdocs\magang-tabel\system\Commands\Server\rewrite.php(45): require_once('C:\\xampp\\htdocs...')
#10 {main}
CRITICAL - 2021-08-07 14:34:23 --> syntax error, unexpected end of file
#0 C:\xampp\htdocs\magang-tabel\system\View\View.php(232): CodeIgniter\View\View->CodeIgniter\View\{closure}()
#1 C:\xampp\htdocs\magang-tabel\system\Common.php(1271): CodeIgniter\View\View->render('button/create', Array, true)
#2 C:\xampp\htdocs\magang-tabel\app\Controllers\InputButton.php(40): view('button/create', Array)
#3 C:\xampp\htdocs\magang-tabel\system\CodeIgniter.php(928): App\Controllers\InputButton->create()
#4 C:\xampp\htdocs\magang-tabel\system\CodeIgniter.php(436): CodeIgniter\CodeIgniter->runController(Object(App\Controllers\InputButton))
#5 C:\xampp\htdocs\magang-tabel\system\CodeIgniter.php(336): CodeIgniter\CodeIgniter->handleRequest(NULL, Object(Config\Cache), false)
#6 C:\xampp\htdocs\magang-tabel\public\index.php(37): CodeIgniter\CodeIgniter->run()
#7 C:\xampp\htdocs\magang-tabel\system\Commands\Server\rewrite.php(45): require_once('C:\\xampp\\htdocs...')
#8 {main}
CRITICAL - 2021-08-07 14:39:25 --> Undefined variable $kertas
#0 C:\xampp\htdocs\magang-tabel\app\Views\Button\create.php(18): CodeIgniter\Debug\Exceptions->errorHandler(2, 'Undefined varia...', 'C:\\xampp\\htdocs...', 18)
#1 C:\xampp\htdocs\magang-tabel\system\View\View.php(230): include('C:\\xampp\\htdocs...')
#2 C:\xampp\htdocs\magang-tabel\system\View\View.php(232): CodeIgniter\View\View->CodeIgniter\View\{closure}()
#3 C:\xampp\htdocs\magang-tabel\system\Common.php(1271): CodeIgniter\View\View->render('button/create', Array, true)
#4 C:\xampp\htdocs\magang-tabel\app\Controllers\InputButton.php(40): view('button/create', Array)
#5 C:\xampp\htdocs\magang-tabel\system\CodeIgniter.php(928): App\Controllers\InputButton->create()
#6 C:\xampp\htdocs\magang-tabel\system\CodeIgniter.php(436): CodeIgniter\CodeIgniter->runController(Object(App\Controllers\InputButton))
#7 C:\xampp\htdocs\magang-tabel\system\CodeIgniter.php(336): CodeIgniter\CodeIgniter->handleRequest(NULL, Object(Config\Cache), false)
#8 C:\xampp\htdocs\magang-tabel\public\index.php(37): CodeIgniter\CodeIgniter->run()
#9 C:\xampp\htdocs\magang-tabel\system\Commands\Server\rewrite.php(45): require_once('C:\\xampp\\htdocs...')
#10 {main}
CRITICAL - 2021-08-07 14:40:24 --> Undefined variable $kertas
#0 C:\xampp\htdocs\magang-tabel\app\Views\Button\create.php(18): CodeIgniter\Debug\Exceptions->errorHandler(2, 'Undefined varia...', 'C:\\xampp\\htdocs...', 18)
#1 C:\xampp\htdocs\magang-tabel\system\View\View.php(230): include('C:\\xampp\\htdocs...')
#2 C:\xampp\htdocs\magang-tabel\system\View\View.php(232): CodeIgniter\View\View->CodeIgniter\View\{closure}()
#3 C:\xampp\htdocs\magang-tabel\system\Common.php(1271): CodeIgniter\View\View->render('button/create', Array, true)
#4 C:\xampp\htdocs\magang-tabel\app\Controllers\InputButton.php(40): view('button/create', Array)
#5 C:\xampp\htdocs\magang-tabel\system\CodeIgniter.php(928): App\Controllers\InputButton->create()
#6 C:\xampp\htdocs\magang-tabel\system\CodeIgniter.php(436): CodeIgniter\CodeIgniter->runController(Object(App\Controllers\InputButton))
#7 C:\xampp\htdocs\magang-tabel\system\CodeIgniter.php(336): CodeIgniter\CodeIgniter->handleRequest(NULL, Object(Config\Cache), false)
#8 C:\xampp\htdocs\magang-tabel\public\index.php(37): CodeIgniter\CodeIgniter->run()
#9 C:\xampp\htdocs\magang-tabel\system\Commands\Server\rewrite.php(45): require_once('C:\\xampp\\htdocs...')
#10 {main}
CRITICAL - 2021-08-07 14:42:40 --> Undefined variable $kertas
#0 C:\xampp\htdocs\magang-tabel\app\Views\Button\create.php(18): CodeIgniter\Debug\Exceptions->errorHandler(2, 'Undefined varia...', 'C:\\xampp\\htdocs...', 18)
#1 C:\xampp\htdocs\magang-tabel\system\View\View.php(230): include('C:\\xampp\\htdocs...')
#2 C:\xampp\htdocs\magang-tabel\system\View\View.php(232): CodeIgniter\View\View->CodeIgniter\View\{closure}()
#3 C:\xampp\htdocs\magang-tabel\system\Common.php(1271): CodeIgniter\View\View->render('button/create', Array, true)
#4 C:\xampp\htdocs\magang-tabel\app\Controllers\InputButton.php(39): view('button/create', Array)
#5 C:\xampp\htdocs\magang-tabel\system\CodeIgniter.php(928): App\Controllers\InputButton->create()
#6 C:\xampp\htdocs\magang-tabel\system\CodeIgniter.php(436): CodeIgniter\CodeIgniter->runController(Object(App\Controllers\InputButton))
#7 C:\xampp\htdocs\magang-tabel\system\CodeIgniter.php(336): CodeIgniter\CodeIgniter->handleRequest(NULL, Object(Config\Cache), false)
#8 C:\xampp\htdocs\magang-tabel\public\index.php(37): CodeIgniter\CodeIgniter->run()
#9 C:\xampp\htdocs\magang-tabel\system\Commands\Server\rewrite.php(45): require_once('C:\\xampp\\htdocs...')
#10 {main}
CRITICAL - 2021-08-07 14:44:56 --> Undefined variable $kertas
#0 C:\xampp\htdocs\magang-tabel\app\Views\Button\create.php(18): CodeIgniter\Debug\Exceptions->errorHandler(2, 'Undefined varia...', 'C:\\xampp\\htdocs...', 18)
#1 C:\xampp\htdocs\magang-tabel\system\View\View.php(230): include('C:\\xampp\\htdocs...')
#2 C:\xampp\htdocs\magang-tabel\system\View\View.php(232): CodeIgniter\View\View->CodeIgniter\View\{closure}()
#3 C:\xampp\htdocs\magang-tabel\system\Common.php(1271): CodeIgniter\View\View->render('button/create', Array, true)
#4 C:\xampp\htdocs\magang-tabel\app\Controllers\InputButton.php(39): view('button/create', Array)
#5 C:\xampp\htdocs\magang-tabel\system\CodeIgniter.php(928): App\Controllers\InputButton->create()
#6 C:\xampp\htdocs\magang-tabel\system\CodeIgniter.php(436): CodeIgniter\CodeIgniter->runController(Object(App\Controllers\InputButton))
#7 C:\xampp\htdocs\magang-tabel\system\CodeIgniter.php(336): CodeIgniter\CodeIgniter->handleRequest(NULL, Object(Config\Cache), false)
#8 C:\xampp\htdocs\magang-tabel\public\index.php(37): CodeIgniter\CodeIgniter->run()
#9 C:\xampp\htdocs\magang-tabel\system\Commands\Server\rewrite.php(45): require_once('C:\\xampp\\htdocs...')
#10 {main}
CRITICAL - 2021-08-07 14:44:56 --> Undefined variable $kertas
#0 C:\xampp\htdocs\magang-tabel\app\Views\Button\create.php(18): CodeIgniter\Debug\Exceptions->errorHandler(2, 'Undefined varia...', 'C:\\xampp\\htdocs...', 18)
#1 C:\xampp\htdocs\magang-tabel\system\View\View.php(230): include('C:\\xampp\\htdocs...')
#2 C:\xampp\htdocs\magang-tabel\system\View\View.php(232): CodeIgniter\View\View->CodeIgniter\View\{closure}()
#3 C:\xampp\htdocs\magang-tabel\system\Common.php(1271): CodeIgniter\View\View->render('button/create', Array, true)
#4 C:\xampp\htdocs\magang-tabel\app\Controllers\InputButton.php(39): view('button/create', Array)
#5 C:\xampp\htdocs\magang-tabel\system\CodeIgniter.php(928): App\Controllers\InputButton->create()
#6 C:\xampp\htdocs\magang-tabel\system\CodeIgniter.php(436): CodeIgniter\CodeIgniter->runController(Object(App\Controllers\InputButton))
#7 C:\xampp\htdocs\magang-tabel\system\CodeIgniter.php(336): CodeIgniter\CodeIgniter->handleRequest(NULL, Object(Config\Cache), false)
#8 C:\xampp\htdocs\magang-tabel\public\index.php(37): CodeIgniter\CodeIgniter->run()
#9 C:\xampp\htdocs\magang-tabel\system\Commands\Server\rewrite.php(45): require_once('C:\\xampp\\htdocs...')
#10 {main}
CRITICAL - 2021-08-07 14:44:57 --> Undefined variable $kertas
#0 C:\xampp\htdocs\magang-tabel\app\Views\Button\create.php(18): CodeIgniter\Debug\Exceptions->errorHandler(2, 'Undefined varia...', 'C:\\xampp\\htdocs...', 18)
#1 C:\xampp\htdocs\magang-tabel\system\View\View.php(230): include('C:\\xampp\\htdocs...')
#2 C:\xampp\htdocs\magang-tabel\system\View\View.php(232): CodeIgniter\View\View->CodeIgniter\View\{closure}()
#3 C:\xampp\htdocs\magang-tabel\system\Common.php(1271): CodeIgniter\View\View->render('button/create', Array, true)
#4 C:\xampp\htdocs\magang-tabel\app\Controllers\InputButton.php(39): view('button/create', Array)
#5 C:\xampp\htdocs\magang-tabel\system\CodeIgniter.php(928): App\Controllers\InputButton->create()
#6 C:\xampp\htdocs\magang-tabel\system\CodeIgniter.php(436): CodeIgniter\CodeIgniter->runController(Object(App\Controllers\InputButton))
#7 C:\xampp\htdocs\magang-tabel\system\CodeIgniter.php(336): CodeIgniter\CodeIgniter->handleRequest(NULL, Object(Config\Cache), false)
#8 C:\xampp\htdocs\magang-tabel\public\index.php(37): CodeIgniter\CodeIgniter->run()
#9 C:\xampp\htdocs\magang-tabel\system\Commands\Server\rewrite.php(45): require_once('C:\\xampp\\htdocs...')
#10 {main}
CRITICAL - 2021-08-07 14:44:57 --> Undefined variable $kertas
#0 C:\xampp\htdocs\magang-tabel\app\Views\Button\create.php(18): CodeIgniter\Debug\Exceptions->errorHandler(2, 'Undefined varia...', 'C:\\xampp\\htdocs...', 18)
#1 C:\xampp\htdocs\magang-tabel\system\View\View.php(230): include('C:\\xampp\\htdocs...')
#2 C:\xampp\htdocs\magang-tabel\system\View\View.php(232): CodeIgniter\View\View->CodeIgniter\View\{closure}()
#3 C:\xampp\htdocs\magang-tabel\system\Common.php(1271): CodeIgniter\View\View->render('button/create', Array, true)
#4 C:\xampp\htdocs\magang-tabel\app\Controllers\InputButton.php(39): view('button/create', Array)
#5 C:\xampp\htdocs\magang-tabel\system\CodeIgniter.php(928): App\Controllers\InputButton->create()
#6 C:\xampp\htdocs\magang-tabel\system\CodeIgniter.php(436): CodeIgniter\CodeIgniter->runController(Object(App\Controllers\InputButton))
#7 C:\xampp\htdocs\magang-tabel\system\CodeIgniter.php(336): CodeIgniter\CodeIgniter->handleRequest(NULL, Object(Config\Cache), false)
#8 C:\xampp\htdocs\magang-tabel\public\index.php(37): CodeIgniter\CodeIgniter->run()
#9 C:\xampp\htdocs\magang-tabel\system\Commands\Server\rewrite.php(45): require_once('C:\\xampp\\htdocs...')
#10 {main}
CRITICAL - 2021-08-07 14:45:19 --> Undefined variable $kertas
#0 C:\xampp\htdocs\magang-tabel\app\Views\Button\create.php(18): CodeIgniter\Debug\Exceptions->errorHandler(2, 'Undefined varia...', 'C:\\xampp\\htdocs...', 18)
#1 C:\xampp\htdocs\magang-tabel\system\View\View.php(230): include('C:\\xampp\\htdocs...')
#2 C:\xampp\htdocs\magang-tabel\system\View\View.php(232): CodeIgniter\View\View->CodeIgniter\View\{closure}()
#3 C:\xampp\htdocs\magang-tabel\system\Common.php(1271): CodeIgniter\View\View->render('button/create', Array, true)
#4 C:\xampp\htdocs\magang-tabel\app\Controllers\InputButton.php(39): view('button/create', Array)
#5 C:\xampp\htdocs\magang-tabel\system\CodeIgniter.php(928): App\Controllers\InputButton->create()
#6 C:\xampp\htdocs\magang-tabel\system\CodeIgniter.php(436): CodeIgniter\CodeIgniter->runController(Object(App\Controllers\InputButton))
#7 C:\xampp\htdocs\magang-tabel\system\CodeIgniter.php(336): CodeIgniter\CodeIgniter->handleRequest(NULL, Object(Config\Cache), false)
#8 C:\xampp\htdocs\magang-tabel\public\index.php(37): CodeIgniter\CodeIgniter->run()
#9 C:\xampp\htdocs\magang-tabel\system\Commands\Server\rewrite.php(45): require_once('C:\\xampp\\htdocs...')
#10 {main}
CRITICAL - 2021-08-07 14:51:05 --> Undefined property: App\Controllers\InputButton::$kertasModel
#0 C:\xampp\htdocs\magang-tabel\app\Controllers\InputButton.php(36): CodeIgniter\Debug\Exceptions->errorHandler(2, 'Undefined prope...', 'C:\\xampp\\htdocs...', 36)
#1 C:\xampp\htdocs\magang-tabel\system\CodeIgniter.php(928): App\Controllers\InputButton->create()
#2 C:\xampp\htdocs\magang-tabel\system\CodeIgniter.php(436): CodeIgniter\CodeIgniter->runController(Object(App\Controllers\InputButton))
#3 C:\xampp\htdocs\magang-tabel\system\CodeIgniter.php(336): CodeIgniter\CodeIgniter->handleRequest(NULL, Object(Config\Cache), false)
#4 C:\xampp\htdocs\magang-tabel\public\index.php(37): CodeIgniter\CodeIgniter->run()
#5 C:\xampp\htdocs\magang-tabel\system\Commands\Server\rewrite.php(45): require_once('C:\\xampp\\htdocs...')
#6 {main}
CRITICAL - 2021-08-07 14:55:20 --> Undefined variable $kertas
#0 C:\xampp\htdocs\magang-tabel\app\Views\Button\create.php(18): CodeIgniter\Debug\Exceptions->errorHandler(2, 'Undefined varia...', 'C:\\xampp\\htdocs...', 18)
#1 C:\xampp\htdocs\magang-tabel\system\View\View.php(230): include('C:\\xampp\\htdocs...')
#2 C:\xampp\htdocs\magang-tabel\system\View\View.php(232): CodeIgniter\View\View->CodeIgniter\View\{closure}()
#3 C:\xampp\htdocs\magang-tabel\system\Common.php(1271): CodeIgniter\View\View->render('button/create', Array, true)
#4 C:\xampp\htdocs\magang-tabel\app\Controllers\InputButton.php(39): view('button/create', Array)
#5 C:\xampp\htdocs\magang-tabel\system\CodeIgniter.php(928): App\Controllers\InputButton->create()
#6 C:\xampp\htdocs\magang-tabel\system\CodeIgniter.php(436): CodeIgniter\CodeIgniter->runController(Object(App\Controllers\InputButton))
#7 C:\xampp\htdocs\magang-tabel\system\CodeIgniter.php(336): CodeIgniter\CodeIgniter->handleRequest(NULL, Object(Config\Cache), false)
#8 C:\xampp\htdocs\magang-tabel\public\index.php(37): CodeIgniter\CodeIgniter->run()
#9 C:\xampp\htdocs\magang-tabel\system\Commands\Server\rewrite.php(45): require_once('C:\\xampp\\htdocs...')
#10 {main}
CRITICAL - 2021-08-07 14:55:36 --> Undefined variable $kertas
#0 C:\xampp\htdocs\magang-tabel\app\Views\Button\create.php(18): CodeIgniter\Debug\Exceptions->errorHandler(2, 'Undefined varia...', 'C:\\xampp\\htdocs...', 18)
#1 C:\xampp\htdocs\magang-tabel\system\View\View.php(230): include('C:\\xampp\\htdocs...')
#2 C:\xampp\htdocs\magang-tabel\system\View\View.php(232): CodeIgniter\View\View->CodeIgniter\View\{closure}()
#3 C:\xampp\htdocs\magang-tabel\system\Common.php(1271): CodeIgniter\View\View->render('button/create', Array, true)
#4 C:\xampp\htdocs\magang-tabel\app\Controllers\InputButton.php(39): view('button/create', Array)
#5 C:\xampp\htdocs\magang-tabel\system\CodeIgniter.php(928): App\Controllers\InputButton->create()
#6 C:\xampp\htdocs\magang-tabel\system\CodeIgniter.php(436): CodeIgniter\CodeIgniter->runController(Object(App\Controllers\InputButton))
#7 C:\xampp\htdocs\magang-tabel\system\CodeIgniter.php(336): CodeIgniter\CodeIgniter->handleRequest(NULL, Object(Config\Cache), false)
#8 C:\xampp\htdocs\magang-tabel\public\index.php(37): CodeIgniter\CodeIgniter->run()
#9 C:\xampp\htdocs\magang-tabel\system\Commands\Server\rewrite.php(45): require_once('C:\\xampp\\htdocs...')
#10 {main}
CRITICAL - 2021-08-07 14:55:50 --> Undefined variable $kertas
#0 C:\xampp\htdocs\magang-tabel\app\Views\Button\create.php(18): CodeIgniter\Debug\Exceptions->errorHandler(2, 'Undefined varia...', 'C:\\xampp\\htdocs...', 18)
#1 C:\xampp\htdocs\magang-tabel\system\View\View.php(230): include('C:\\xampp\\htdocs...')
#2 C:\xampp\htdocs\magang-tabel\system\View\View.php(232): CodeIgniter\View\View->CodeIgniter\View\{closure}()
#3 C:\xampp\htdocs\magang-tabel\system\Common.php(1271): CodeIgniter\View\View->render('button/create', Array, true)
#4 C:\xampp\htdocs\magang-tabel\app\Controllers\InputButton.php(39): view('button/create', Array)
#5 C:\xampp\htdocs\magang-tabel\system\CodeIgniter.php(928): App\Controllers\InputButton->create()
#6 C:\xampp\htdocs\magang-tabel\system\CodeIgniter.php(436): CodeIgniter\CodeIgniter->runController(Object(App\Controllers\InputButton))
#7 C:\xampp\htdocs\magang-tabel\system\CodeIgniter.php(336): CodeIgniter\CodeIgniter->handleRequest(NULL, Object(Config\Cache), false)
#8 C:\xampp\htdocs\magang-tabel\public\index.php(37): CodeIgniter\CodeIgniter->run()
#9 C:\xampp\htdocs\magang-tabel\system\Commands\Server\rewrite.php(45): require_once('C:\\xampp\\htdocs...')
#10 {main}
CRITICAL - 2021-08-07 14:56:13 --> Undefined variable $kertas
#0 C:\xampp\htdocs\magang-tabel\app\Views\Button\create.php(18): CodeIgniter\Debug\Exceptions->errorHandler(2, 'Undefined varia...', 'C:\\xampp\\htdocs...', 18)
#1 C:\xampp\htdocs\magang-tabel\system\View\View.php(230): include('C:\\xampp\\htdocs...')
#2 C:\xampp\htdocs\magang-tabel\system\View\View.php(232): CodeIgniter\View\View->CodeIgniter\View\{closure}()
#3 C:\xampp\htdocs\magang-tabel\system\Common.php(1271): CodeIgniter\View\View->render('button/create', Array, true)
#4 C:\xampp\htdocs\magang-tabel\app\Controllers\InputButton.php(39): view('button/create', Array)
#5 C:\xampp\htdocs\magang-tabel\system\CodeIgniter.php(928): App\Controllers\InputButton->create()
#6 C:\xampp\htdocs\magang-tabel\system\CodeIgniter.php(436): CodeIgniter\CodeIgniter->runController(Object(App\Controllers\InputButton))
#7 C:\xampp\htdocs\magang-tabel\system\CodeIgniter.php(336): CodeIgniter\CodeIgniter->handleRequest(NULL, Object(Config\Cache), false)
#8 C:\xampp\htdocs\magang-tabel\public\index.php(37): CodeIgniter\CodeIgniter->run()
#9 C:\xampp\htdocs\magang-tabel\system\Commands\Server\rewrite.php(45): require_once('C:\\xampp\\htdocs...')
#10 {main}
CRITICAL - 2021-08-07 14:56:40 --> Undefined variable $tgl
#0 C:\xampp\htdocs\magang-tabel\app\Views\Button\create.php(20): CodeIgniter\Debug\Exceptions->errorHandler(2, 'Undefined varia...', 'C:\\xampp\\htdocs...', 20)
#1 C:\xampp\htdocs\magang-tabel\system\View\View.php(230): include('C:\\xampp\\htdocs...')
#2 C:\xampp\htdocs\magang-tabel\system\View\View.php(232): CodeIgniter\View\View->CodeIgniter\View\{closure}()
#3 C:\xampp\htdocs\magang-tabel\system\Common.php(1271): CodeIgniter\View\View->render('button/create', Array, true)
#4 C:\xampp\htdocs\magang-tabel\app\Controllers\InputButton.php(39): view('button/create', Array)
#5 C:\xampp\htdocs\magang-tabel\system\CodeIgniter.php(928): App\Controllers\InputButton->create()
#6 C:\xampp\htdocs\magang-tabel\system\CodeIgniter.php(436): CodeIgniter\CodeIgniter->runController(Object(App\Controllers\InputButton))
#7 C:\xampp\htdocs\magang-tabel\system\CodeIgniter.php(336): CodeIgniter\CodeIgniter->handleRequest(NULL, Object(Config\Cache), false)
#8 C:\xampp\htdocs\magang-tabel\public\index.php(37): CodeIgniter\CodeIgniter->run()
#9 C:\xampp\htdocs\magang-tabel\system\Commands\Server\rewrite.php(45): require_once('C:\\xampp\\htdocs...')
#10 {main}
