CRITICAL - 2021-07-29 00:07:14 --> foreach() argument must be of type array|object, string given
#0 C:\xampp\htdocs\magang-main\app\Views\subbahan\kertas.php(34): CodeIgniter\Debug\Exceptions->errorHandler(2, 'foreach() argum...', 'C:\\xampp\\htdocs...', 34)
#1 C:\xampp\htdocs\magang-main\system\View\View.php(230): include('C:\\xampp\\htdocs...')
#2 C:\xampp\htdocs\magang-main\system\View\View.php(232): CodeIgniter\View\View->CodeIgniter\View\{closure}()
#3 C:\xampp\htdocs\magang-main\system\Common.php(1271): CodeIgniter\View\View->render('subbahan/Kertas', Array, true)
#4 C:\xampp\htdocs\magang-main\app\Controllers\Supplier.php(23): view('subbahan/Kertas', Array)
#5 C:\xampp\htdocs\magang-main\system\CodeIgniter.php(928): App\Controllers\Supplier->Kertas()
#6 C:\xampp\htdocs\magang-main\system\CodeIgniter.php(436): CodeIgniter\CodeIgniter->runController(Object(App\Controllers\Supplier))
#7 C:\xampp\htdocs\magang-main\system\CodeIgniter.php(336): CodeIgniter\CodeIgniter->handleRequest(NULL, Object(Config\Cache), false)
#8 C:\xampp\htdocs\magang-main\public\index.php(37): CodeIgniter\CodeIgniter->run()
#9 C:\xampp\htdocs\magang-main\system\Commands\Server\rewrite.php(45): require_once('C:\\xampp\\htdocs...')
#10 {main}
CRITICAL - 2021-07-29 00:08:59 --> Undefined variable $k
#0 C:\xampp\htdocs\magang-main\app\Views\subbahan\kertas.php(37): CodeIgniter\Debug\Exceptions->errorHandler(2, 'Undefined varia...', 'C:\\xampp\\htdocs...', 37)
#1 C:\xampp\htdocs\magang-main\system\View\View.php(230): include('C:\\xampp\\htdocs...')
#2 C:\xampp\htdocs\magang-main\system\View\View.php(232): CodeIgniter\View\View->CodeIgniter\View\{closure}()
#3 C:\xampp\htdocs\magang-main\system\Common.php(1271): CodeIgniter\View\View->render('subbahan/Kertas', Array, true)
#4 C:\xampp\htdocs\magang-main\app\Controllers\Supplier.php(23): view('subbahan/Kertas', Array)
#5 C:\xampp\htdocs\magang-main\system\CodeIgniter.php(928): App\Controllers\Supplier->Kertas()
#6 C:\xampp\htdocs\magang-main\system\CodeIgniter.php(436): CodeIgniter\CodeIgniter->runController(Object(App\Controllers\Supplier))
#7 C:\xampp\htdocs\magang-main\system\CodeIgniter.php(336): CodeIgniter\CodeIgniter->handleRequest(NULL, Object(Config\Cache), false)
#8 C:\xampp\htdocs\magang-main\public\index.php(37): CodeIgniter\CodeIgniter->run()
#9 C:\xampp\htdocs\magang-main\system\Commands\Server\rewrite.php(45): require_once('C:\\xampp\\htdocs...')
#10 {main}
CRITICAL - 2021-07-29 00:10:14 --> syntax error, unexpected token "<"
#0 C:\xampp\htdocs\magang-main\system\View\View.php(232): CodeIgniter\View\View->CodeIgniter\View\{closure}()
#1 C:\xampp\htdocs\magang-main\system\Common.php(1271): CodeIgniter\View\View->render('subbahan/Kertas', Array, true)
#2 C:\xampp\htdocs\magang-main\app\Controllers\Supplier.php(23): view('subbahan/Kertas', Array)
#3 C:\xampp\htdocs\magang-main\system\CodeIgniter.php(928): App\Controllers\Supplier->Kertas()
#4 C:\xampp\htdocs\magang-main\system\CodeIgniter.php(436): CodeIgniter\CodeIgniter->runController(Object(App\Controllers\Supplier))
#5 C:\xampp\htdocs\magang-main\system\CodeIgniter.php(336): CodeIgniter\CodeIgniter->handleRequest(NULL, Object(Config\Cache), false)
#6 C:\xampp\htdocs\magang-main\public\index.php(37): CodeIgniter\CodeIgniter->run()
#7 C:\xampp\htdocs\magang-main\system\Commands\Server\rewrite.php(45): require_once('C:\\xampp\\htdocs...')
#8 {main}
CRITICAL - 2021-07-29 00:12:39 --> foreach() argument must be of type array|object, string given
#0 C:\xampp\htdocs\magang-main\app\Views\subbahan\kertas.php(34): CodeIgniter\Debug\Exceptions->errorHandler(2, 'foreach() argum...', 'C:\\xampp\\htdocs...', 34)
#1 C:\xampp\htdocs\magang-main\system\View\View.php(230): include('C:\\xampp\\htdocs...')
#2 C:\xampp\htdocs\magang-main\system\View\View.php(232): CodeIgniter\View\View->CodeIgniter\View\{closure}()
#3 C:\xampp\htdocs\magang-main\system\Common.php(1271): CodeIgniter\View\View->render('subbahan/Kertas', Array, true)
#4 C:\xampp\htdocs\magang-main\app\Controllers\Supplier.php(23): view('subbahan/Kertas', Array)
#5 C:\xampp\htdocs\magang-main\system\CodeIgniter.php(928): App\Controllers\Supplier->Kertas()
#6 C:\xampp\htdocs\magang-main\system\CodeIgniter.php(436): CodeIgniter\CodeIgniter->runController(Object(App\Controllers\Supplier))
#7 C:\xampp\htdocs\magang-main\system\CodeIgniter.php(336): CodeIgniter\CodeIgniter->handleRequest(NULL, Object(Config\Cache), false)
#8 C:\xampp\htdocs\magang-main\public\index.php(37): CodeIgniter\CodeIgniter->run()
#9 C:\xampp\htdocs\magang-main\system\Commands\Server\rewrite.php(45): require_once('C:\\xampp\\htdocs...')
#10 {main}
CRITICAL - 2021-07-29 01:12:01 --> Undefined variable $result
#0 C:\xampp\htdocs\magang-main\app\Views\subbahan\kertas.php(34): CodeIgniter\Debug\Exceptions->errorHandler(2, 'Undefined varia...', 'C:\\xampp\\htdocs...', 34)
#1 C:\xampp\htdocs\magang-main\system\View\View.php(230): include('C:\\xampp\\htdocs...')
#2 C:\xampp\htdocs\magang-main\system\View\View.php(232): CodeIgniter\View\View->CodeIgniter\View\{closure}()
#3 C:\xampp\htdocs\magang-main\system\Common.php(1271): CodeIgniter\View\View->render('subbahan/Kertas', Array, true)
#4 C:\xampp\htdocs\magang-main\app\Controllers\Supplier.php(24): view('subbahan/Kertas', Array)
#5 C:\xampp\htdocs\magang-main\system\CodeIgniter.php(928): App\Controllers\Supplier->Kertas()
#6 C:\xampp\htdocs\magang-main\system\CodeIgniter.php(436): CodeIgniter\CodeIgniter->runController(Object(App\Controllers\Supplier))
#7 C:\xampp\htdocs\magang-main\system\CodeIgniter.php(336): CodeIgniter\CodeIgniter->handleRequest(NULL, Object(Config\Cache), false)
#8 C:\xampp\htdocs\magang-main\public\index.php(37): CodeIgniter\CodeIgniter->run()
#9 C:\xampp\htdocs\magang-main\system\Commands\Server\rewrite.php(45): require_once('C:\\xampp\\htdocs...')
#10 {main}
CRITICAL - 2021-07-29 12:10:50 --> Invalid argument supplied for foreach()
#0 C:\xampp\htdocs\magang-main\app\Views\subbahan\kertas.php(35): CodeIgniter\Debug\Exceptions->errorHandler(2, 'Invalid argumen...', 'C:\\xampp\\htdocs...', 35, Array)
#1 C:\xampp\htdocs\magang-main\system\View\View.php(230): include('C:\\xampp\\htdocs...')
#2 C:\xampp\htdocs\magang-main\system\View\View.php(232): CodeIgniter\View\View->CodeIgniter\View\{closure}()
#3 C:\xampp\htdocs\magang-main\system\Common.php(1271): CodeIgniter\View\View->render('subbahan/Kertas', Array, true)
#4 C:\xampp\htdocs\magang-main\app\Controllers\Supplier.php(24): view('subbahan/Kertas', Array)
#5 C:\xampp\htdocs\magang-main\system\CodeIgniter.php(928): App\Controllers\Supplier->Kertas()
#6 C:\xampp\htdocs\magang-main\system\CodeIgniter.php(436): CodeIgniter\CodeIgniter->runController(Object(App\Controllers\Supplier))
#7 C:\xampp\htdocs\magang-main\system\CodeIgniter.php(336): CodeIgniter\CodeIgniter->handleRequest(NULL, Object(Config\Cache), false)
#8 C:\xampp\htdocs\magang-main\public\index.php(37): CodeIgniter\CodeIgniter->run()
#9 C:\xampp\htdocs\magang-main\system\Commands\Server\rewrite.php(45): require_once('C:\\xampp\\htdocs...')
#10 {main}
CRITICAL - 2021-07-29 12:12:13 --> Invalid argument supplied for foreach()
#0 C:\xampp\htdocs\magang-main\app\Views\subbahan\kertas.php(33): CodeIgniter\Debug\Exceptions->errorHandler(2, 'Invalid argumen...', 'C:\\xampp\\htdocs...', 33, Array)
#1 C:\xampp\htdocs\magang-main\system\View\View.php(230): include('C:\\xampp\\htdocs...')
#2 C:\xampp\htdocs\magang-main\system\View\View.php(232): CodeIgniter\View\View->CodeIgniter\View\{closure}()
#3 C:\xampp\htdocs\magang-main\system\Common.php(1271): CodeIgniter\View\View->render('subbahan/Kertas', Array, true)
#4 C:\xampp\htdocs\magang-main\app\Controllers\Supplier.php(24): view('subbahan/Kertas', Array)
#5 C:\xampp\htdocs\magang-main\system\CodeIgniter.php(928): App\Controllers\Supplier->Kertas()
#6 C:\xampp\htdocs\magang-main\system\CodeIgniter.php(436): CodeIgniter\CodeIgniter->runController(Object(App\Controllers\Supplier))
#7 C:\xampp\htdocs\magang-main\system\CodeIgniter.php(336): CodeIgniter\CodeIgniter->handleRequest(NULL, Object(Config\Cache), false)
#8 C:\xampp\htdocs\magang-main\public\index.php(37): CodeIgniter\CodeIgniter->run()
#9 C:\xampp\htdocs\magang-main\system\Commands\Server\rewrite.php(45): require_once('C:\\xampp\\htdocs...')
#10 {main}
CRITICAL - 2021-07-29 12:23:15 --> Invalid argument supplied for foreach()
#0 C:\xampp\htdocs\magang-main\app\Views\subbahan\kertas.php(33): CodeIgniter\Debug\Exceptions->errorHandler(2, 'Invalid argumen...', 'C:\\xampp\\htdocs...', 33, Array)
#1 C:\xampp\htdocs\magang-main\system\View\View.php(230): include('C:\\xampp\\htdocs...')
#2 C:\xampp\htdocs\magang-main\system\View\View.php(232): CodeIgniter\View\View->CodeIgniter\View\{closure}()
#3 C:\xampp\htdocs\magang-main\system\Common.php(1271): CodeIgniter\View\View->render('subbahan/Kertas', Array, true)
#4 C:\xampp\htdocs\magang-main\app\Controllers\Supplier.php(24): view('subbahan/Kertas', Array)
#5 C:\xampp\htdocs\magang-main\system\CodeIgniter.php(928): App\Controllers\Supplier->Kertas()
#6 C:\xampp\htdocs\magang-main\system\CodeIgniter.php(436): CodeIgniter\CodeIgniter->runController(Object(App\Controllers\Supplier))
#7 C:\xampp\htdocs\magang-main\system\CodeIgniter.php(336): CodeIgniter\CodeIgniter->handleRequest(NULL, Object(Config\Cache), false)
#8 C:\xampp\htdocs\magang-main\public\index.php(37): CodeIgniter\CodeIgniter->run()
#9 C:\xampp\htdocs\magang-main\system\Commands\Server\rewrite.php(45): require_once('C:\\xampp\\htdocs...')
#10 {main}
CRITICAL - 2021-07-29 12:24:04 --> Invalid argument supplied for foreach()
#0 C:\xampp\htdocs\magang-main\app\Views\subbahan\kertas.php(33): CodeIgniter\Debug\Exceptions->errorHandler(2, 'Invalid argumen...', 'C:\\xampp\\htdocs...', 33, Array)
#1 C:\xampp\htdocs\magang-main\system\View\View.php(230): include('C:\\xampp\\htdocs...')
#2 C:\xampp\htdocs\magang-main\system\View\View.php(232): CodeIgniter\View\View->CodeIgniter\View\{closure}()
#3 C:\xampp\htdocs\magang-main\system\Common.php(1271): CodeIgniter\View\View->render('subbahan/Kertas', Array, true)
#4 C:\xampp\htdocs\magang-main\app\Controllers\Supplier.php(24): view('subbahan/Kertas', Array)
#5 C:\xampp\htdocs\magang-main\system\CodeIgniter.php(928): App\Controllers\Supplier->Kertas()
#6 C:\xampp\htdocs\magang-main\system\CodeIgniter.php(436): CodeIgniter\CodeIgniter->runController(Object(App\Controllers\Supplier))
#7 C:\xampp\htdocs\magang-main\system\CodeIgniter.php(336): CodeIgniter\CodeIgniter->handleRequest(NULL, Object(Config\Cache), false)
#8 C:\xampp\htdocs\magang-main\public\index.php(37): CodeIgniter\CodeIgniter->run()
#9 C:\xampp\htdocs\magang-main\system\Commands\Server\rewrite.php(45): require_once('C:\\xampp\\htdocs...')
#10 {main}
CRITICAL - 2021-07-29 12:55:09 --> Invalid argument supplied for foreach()
#0 C:\xampp\htdocs\magang-main\app\Views\subbahan\kertas.php(33): CodeIgniter\Debug\Exceptions->errorHandler(2, 'Invalid argumen...', 'C:\\xampp\\htdocs...', 33, Array)
#1 C:\xampp\htdocs\magang-main\system\View\View.php(230): include('C:\\xampp\\htdocs...')
#2 C:\xampp\htdocs\magang-main\system\View\View.php(232): CodeIgniter\View\View->CodeIgniter\View\{closure}()
#3 C:\xampp\htdocs\magang-main\system\Common.php(1271): CodeIgniter\View\View->render('subbahan/Kertas', Array, true)
#4 C:\xampp\htdocs\magang-main\app\Controllers\Supplier.php(24): view('subbahan/Kertas', Array)
#5 C:\xampp\htdocs\magang-main\system\CodeIgniter.php(928): App\Controllers\Supplier->Kertas()
#6 C:\xampp\htdocs\magang-main\system\CodeIgniter.php(436): CodeIgniter\CodeIgniter->runController(Object(App\Controllers\Supplier))
#7 C:\xampp\htdocs\magang-main\system\CodeIgniter.php(336): CodeIgniter\CodeIgniter->handleRequest(NULL, Object(Config\Cache), false)
#8 C:\xampp\htdocs\magang-main\public\index.php(37): CodeIgniter\CodeIgniter->run()
#9 C:\xampp\htdocs\magang-main\system\Commands\Server\rewrite.php(45): require_once('C:\\xampp\\htdocs...')
#10 {main}
CRITICAL - 2021-07-29 13:04:50 --> Undefined variable: jumbo
#0 C:\xampp\htdocs\magang-main\app\Views\layout\template.php(22): CodeIgniter\Debug\Exceptions->errorHandler(8, 'Undefined varia...', 'C:\\xampp\\htdocs...', 22, Array)
#1 C:\xampp\htdocs\magang-main\system\View\View.php(230): include('C:\\xampp\\htdocs...')
#2 C:\xampp\htdocs\magang-main\system\View\View.php(232): CodeIgniter\View\View->CodeIgniter\View\{closure}()
#3 C:\xampp\htdocs\magang-main\system\View\View.php(246): CodeIgniter\View\View->render('layout/template', Array, true)
#4 C:\xampp\htdocs\magang-main\system\Common.php(1271): CodeIgniter\View\View->render('subbahan/Kertas', Array, true)
#5 C:\xampp\htdocs\magang-main\app\Controllers\Supplier.php(24): view('subbahan/Kertas', Array)
#6 C:\xampp\htdocs\magang-main\system\CodeIgniter.php(928): App\Controllers\Supplier->Kertas()
#7 C:\xampp\htdocs\magang-main\system\CodeIgniter.php(436): CodeIgniter\CodeIgniter->runController(Object(App\Controllers\Supplier))
#8 C:\xampp\htdocs\magang-main\system\CodeIgniter.php(336): CodeIgniter\CodeIgniter->handleRequest(NULL, Object(Config\Cache), false)
#9 C:\xampp\htdocs\magang-main\public\index.php(37): CodeIgniter\CodeIgniter->run()
#10 C:\xampp\htdocs\magang-main\system\Commands\Server\rewrite.php(45): require_once('C:\\xampp\\htdocs...')
#11 {main}
CRITICAL - 2021-07-29 13:05:43 --> Undefined variable: kertass
#0 C:\xampp\htdocs\magang-main\app\Views\subbahan\kertas.php(33): CodeIgniter\Debug\Exceptions->errorHandler(8, 'Undefined varia...', 'C:\\xampp\\htdocs...', 33, Array)
#1 C:\xampp\htdocs\magang-main\system\View\View.php(230): include('C:\\xampp\\htdocs...')
#2 C:\xampp\htdocs\magang-main\system\View\View.php(232): CodeIgniter\View\View->CodeIgniter\View\{closure}()
#3 C:\xampp\htdocs\magang-main\system\Common.php(1271): CodeIgniter\View\View->render('subbahan/Kertas', Array, true)
#4 C:\xampp\htdocs\magang-main\app\Controllers\Supplier.php(25): view('subbahan/Kertas', Array)
#5 C:\xampp\htdocs\magang-main\system\CodeIgniter.php(928): App\Controllers\Supplier->Kertas()
#6 C:\xampp\htdocs\magang-main\system\CodeIgniter.php(436): CodeIgniter\CodeIgniter->runController(Object(App\Controllers\Supplier))
#7 C:\xampp\htdocs\magang-main\system\CodeIgniter.php(336): CodeIgniter\CodeIgniter->handleRequest(NULL, Object(Config\Cache), false)
#8 C:\xampp\htdocs\magang-main\public\index.php(37): CodeIgniter\CodeIgniter->run()
#9 C:\xampp\htdocs\magang-main\system\Commands\Server\rewrite.php(45): require_once('C:\\xampp\\htdocs...')
#10 {main}
