ERROR - 2021-07-30 05:59:24 --> Error connecting to the database: No connection could be made because the target machine actively refused it.

CRITICAL - 2021-07-30 05:59:24 --> Unable to connect to the database.
Main connection [MySQLi]: No connection could be made because the target machine actively refused it.

#0 C:\xampp\htdocs\magang-main\system\Database\BaseConnection.php(625): CodeIgniter\Database\BaseConnection->initialize()
#1 C:\xampp\htdocs\magang-main\system\Database\BaseBuilder.php(1881): CodeIgniter\Database\BaseConnection->query('SELECT *\nFROM `...', Array, false)
#2 C:\xampp\htdocs\magang-main\system\Model.php(197): CodeIgniter\Database\BaseBuilder->get()
#3 C:\xampp\htdocs\magang-main\system\BaseModel.php(603): CodeIgniter\Model->doFindAll(0, 0)
#4 C:\xampp\htdocs\magang-main\app\Controllers\Supplier.php(16): CodeIgniter\BaseModel->findAll()
#5 C:\xampp\htdocs\magang-main\system\CodeIgniter.php(928): App\Controllers\Supplier->Kertas()
#6 C:\xampp\htdocs\magang-main\system\CodeIgniter.php(436): CodeIgniter\CodeIgniter->runController(Object(App\Controllers\Supplier))
#7 C:\xampp\htdocs\magang-main\system\CodeIgniter.php(336): CodeIgniter\CodeIgniter->handleRequest(NULL, Object(Config\Cache), false)
#8 C:\xampp\htdocs\magang-main\public\index.php(37): CodeIgniter\CodeIgniter->run()
#9 C:\xampp\htdocs\magang-main\system\Commands\Server\rewrite.php(45): require_once('C:\\xampp\\htdocs...')
#10 {main}
ERROR - 2021-07-30 06:00:26 --> Error connecting to the database: No connection could be made because the target machine actively refused it.

CRITICAL - 2021-07-30 06:00:26 --> Unable to connect to the database.
Main connection [MySQLi]: No connection could be made because the target machine actively refused it.

#0 C:\xampp\htdocs\magang-main\system\Database\BaseConnection.php(625): CodeIgniter\Database\BaseConnection->initialize()
#1 C:\xampp\htdocs\magang-main\system\Database\BaseBuilder.php(1881): CodeIgniter\Database\BaseConnection->query('SELECT *\nFROM `...', Array, false)
#2 C:\xampp\htdocs\magang-main\system\Model.php(197): CodeIgniter\Database\BaseBuilder->get()
#3 C:\xampp\htdocs\magang-main\system\BaseModel.php(603): CodeIgniter\Model->doFindAll(0, 0)
#4 C:\xampp\htdocs\magang-main\app\Controllers\Supplier.php(16): CodeIgniter\BaseModel->findAll()
#5 C:\xampp\htdocs\magang-main\system\CodeIgniter.php(928): App\Controllers\Supplier->Kertas()
#6 C:\xampp\htdocs\magang-main\system\CodeIgniter.php(436): CodeIgniter\CodeIgniter->runController(Object(App\Controllers\Supplier))
#7 C:\xampp\htdocs\magang-main\system\CodeIgniter.php(336): CodeIgniter\CodeIgniter->handleRequest(NULL, Object(Config\Cache), false)
#8 C:\xampp\htdocs\magang-main\public\index.php(37): CodeIgniter\CodeIgniter->run()
#9 C:\xampp\htdocs\magang-main\system\Commands\Server\rewrite.php(45): require_once('C:\\xampp\\htdocs...')
#10 {main}
ERROR - 2021-07-30 06:00:33 --> Error connecting to the database: No connection could be made because the target machine actively refused it.

CRITICAL - 2021-07-30 06:00:33 --> Unable to connect to the database.
Main connection [MySQLi]: No connection could be made because the target machine actively refused it.

#0 C:\xampp\htdocs\magang-main\system\Database\BaseConnection.php(625): CodeIgniter\Database\BaseConnection->initialize()
#1 C:\xampp\htdocs\magang-main\system\Database\BaseBuilder.php(1881): CodeIgniter\Database\BaseConnection->query('SELECT *\nFROM `...', Array, false)
#2 C:\xampp\htdocs\magang-main\system\Model.php(197): CodeIgniter\Database\BaseBuilder->get()
#3 C:\xampp\htdocs\magang-main\system\BaseModel.php(603): CodeIgniter\Model->doFindAll(0, 0)
#4 C:\xampp\htdocs\magang-main\app\Controllers\Supplier.php(16): CodeIgniter\BaseModel->findAll()
#5 C:\xampp\htdocs\magang-main\system\CodeIgniter.php(928): App\Controllers\Supplier->Kertas()
#6 C:\xampp\htdocs\magang-main\system\CodeIgniter.php(436): CodeIgniter\CodeIgniter->runController(Object(App\Controllers\Supplier))
#7 C:\xampp\htdocs\magang-main\system\CodeIgniter.php(336): CodeIgniter\CodeIgniter->handleRequest(NULL, Object(Config\Cache), false)
#8 C:\xampp\htdocs\magang-main\public\index.php(37): CodeIgniter\CodeIgniter->run()
#9 C:\xampp\htdocs\magang-main\system\Commands\Server\rewrite.php(45): require_once('C:\\xampp\\htdocs...')
#10 {main}
CRITICAL - 2021-07-30 06:10:23 --> syntax error, unexpected ';', expecting ')'
#0 C:\xampp\htdocs\magang-main\system\Router\Router.php(169): CodeIgniter\Router\Router->autoRoute('Supplier/Kertas')
#1 C:\xampp\htdocs\magang-main\system\CodeIgniter.php(809): CodeIgniter\Router\Router->handle('Supplier/Kertas')
#2 C:\xampp\htdocs\magang-main\system\CodeIgniter.php(389): CodeIgniter\CodeIgniter->tryToRouteIt(Object(CodeIgniter\Router\RouteCollection))
#3 C:\xampp\htdocs\magang-main\system\CodeIgniter.php(336): CodeIgniter\CodeIgniter->handleRequest(NULL, Object(Config\Cache), false)
#4 C:\xampp\htdocs\magang-main\public\index.php(37): CodeIgniter\CodeIgniter->run()
#5 C:\xampp\htdocs\magang-main\system\Commands\Server\rewrite.php(45): require_once('C:\\xampp\\htdocs...')
#6 {main}
CRITICAL - 2021-07-30 06:10:44 --> Undefined variable: kertas
#0 C:\xampp\htdocs\magang-main\app\Views\subbahan\kertas.php(33): CodeIgniter\Debug\Exceptions->errorHandler(8, 'Undefined varia...', 'C:\\xampp\\htdocs...', 33, Array)
#1 C:\xampp\htdocs\magang-main\system\View\View.php(230): include('C:\\xampp\\htdocs...')
#2 C:\xampp\htdocs\magang-main\system\View\View.php(232): CodeIgniter\View\View->CodeIgniter\View\{closure}()
#3 C:\xampp\htdocs\magang-main\system\Common.php(1271): CodeIgniter\View\View->render('subbahan/Kertas', Array, true)
#4 C:\xampp\htdocs\magang-main\app\Controllers\Supplier.php(25): view('subbahan/Kertas', Array)
#5 C:\xampp\htdocs\magang-main\system\CodeIgniter.php(928): App\Controllers\Supplier->Kertas()
#6 C:\xampp\htdocs\magang-main\system\CodeIgniter.php(436): CodeIgniter\CodeIgniter->runController(Object(App\Controllers\Supplier))
#7 C:\xampp\htdocs\magang-main\system\CodeIgniter.php(336): CodeIgniter\CodeIgniter->handleRequest(NULL, Object(Config\Cache), false)
#8 C:\xampp\htdocs\magang-main\public\index.php(37): CodeIgniter\CodeIgniter->run()
#9 C:\xampp\htdocs\magang-main\system\Commands\Server\rewrite.php(45): require_once('C:\\xampp\\htdocs...')
#10 {main}
CRITICAL - 2021-07-30 06:10:56 --> compact(): Undefined variable: Kertas
#0 [internal function]: CodeIgniter\Debug\Exceptions->errorHandler(8, 'compact(): Unde...', 'C:\\xampp\\htdocs...', 25, Array)
#1 C:\xampp\htdocs\magang-main\app\Controllers\Supplier.php(25): compact(Array)
#2 C:\xampp\htdocs\magang-main\system\CodeIgniter.php(928): App\Controllers\Supplier->Kertas()
#3 C:\xampp\htdocs\magang-main\system\CodeIgniter.php(436): CodeIgniter\CodeIgniter->runController(Object(App\Controllers\Supplier))
#4 C:\xampp\htdocs\magang-main\system\CodeIgniter.php(336): CodeIgniter\CodeIgniter->handleRequest(NULL, Object(Config\Cache), false)
#5 C:\xampp\htdocs\magang-main\public\index.php(37): CodeIgniter\CodeIgniter->run()
#6 C:\xampp\htdocs\magang-main\system\Commands\Server\rewrite.php(45): require_once('C:\\xampp\\htdocs...')
#7 {main}
CRITICAL - 2021-07-30 06:12:48 --> Invalid argument supplied for foreach()
#0 C:\xampp\htdocs\magang-main\app\Views\subbahan\kertas.php(34): CodeIgniter\Debug\Exceptions->errorHandler(2, 'Invalid argumen...', 'C:\\xampp\\htdocs...', 34, Array)
#1 C:\xampp\htdocs\magang-main\system\View\View.php(230): include('C:\\xampp\\htdocs...')
#2 C:\xampp\htdocs\magang-main\system\View\View.php(232): CodeIgniter\View\View->CodeIgniter\View\{closure}()
#3 C:\xampp\htdocs\magang-main\system\Common.php(1271): CodeIgniter\View\View->render('subbahan/Kertas', Array, true)
#4 C:\xampp\htdocs\magang-main\app\Controllers\Supplier.php(25): view('subbahan/Kertas', Array)
#5 C:\xampp\htdocs\magang-main\system\CodeIgniter.php(928): App\Controllers\Supplier->Kertas()
#6 C:\xampp\htdocs\magang-main\system\CodeIgniter.php(436): CodeIgniter\CodeIgniter->runController(Object(App\Controllers\Supplier))
#7 C:\xampp\htdocs\magang-main\system\CodeIgniter.php(336): CodeIgniter\CodeIgniter->handleRequest(NULL, Object(Config\Cache), false)
#8 C:\xampp\htdocs\magang-main\public\index.php(37): CodeIgniter\CodeIgniter->run()
#9 C:\xampp\htdocs\magang-main\system\Commands\Server\rewrite.php(45): require_once('C:\\xampp\\htdocs...')
#10 {main}
CRITICAL - 2021-07-30 06:13:36 --> Invalid argument supplied for foreach()
#0 C:\xampp\htdocs\magang-main\app\Views\subbahan\kertas.php(35): CodeIgniter\Debug\Exceptions->errorHandler(2, 'Invalid argumen...', 'C:\\xampp\\htdocs...', 35, Array)
#1 C:\xampp\htdocs\magang-main\system\View\View.php(230): include('C:\\xampp\\htdocs...')
#2 C:\xampp\htdocs\magang-main\system\View\View.php(232): CodeIgniter\View\View->CodeIgniter\View\{closure}()
#3 C:\xampp\htdocs\magang-main\system\Common.php(1271): CodeIgniter\View\View->render('subbahan/Kertas', Array, true)
#4 C:\xampp\htdocs\magang-main\app\Controllers\Supplier.php(25): view('subbahan/Kertas', Array)
#5 C:\xampp\htdocs\magang-main\system\CodeIgniter.php(928): App\Controllers\Supplier->Kertas()
#6 C:\xampp\htdocs\magang-main\system\CodeIgniter.php(436): CodeIgniter\CodeIgniter->runController(Object(App\Controllers\Supplier))
#7 C:\xampp\htdocs\magang-main\system\CodeIgniter.php(336): CodeIgniter\CodeIgniter->handleRequest(NULL, Object(Config\Cache), false)
#8 C:\xampp\htdocs\magang-main\public\index.php(37): CodeIgniter\CodeIgniter->run()
#9 C:\xampp\htdocs\magang-main\system\Commands\Server\rewrite.php(45): require_once('C:\\xampp\\htdocs...')
#10 {main}
CRITICAL - 2021-07-30 06:13:53 --> Undefined variable: data
#0 C:\xampp\htdocs\magang-main\app\Views\subbahan\kertas.php(35): CodeIgniter\Debug\Exceptions->errorHandler(8, 'Undefined varia...', 'C:\\xampp\\htdocs...', 35, Array)
#1 C:\xampp\htdocs\magang-main\system\View\View.php(230): include('C:\\xampp\\htdocs...')
#2 C:\xampp\htdocs\magang-main\system\View\View.php(232): CodeIgniter\View\View->CodeIgniter\View\{closure}()
#3 C:\xampp\htdocs\magang-main\system\Common.php(1271): CodeIgniter\View\View->render('subbahan/Kertas', Array, true)
#4 C:\xampp\htdocs\magang-main\app\Controllers\Supplier.php(25): view('subbahan/Kertas', Array)
#5 C:\xampp\htdocs\magang-main\system\CodeIgniter.php(928): App\Controllers\Supplier->Kertas()
#6 C:\xampp\htdocs\magang-main\system\CodeIgniter.php(436): CodeIgniter\CodeIgniter->runController(Object(App\Controllers\Supplier))
#7 C:\xampp\htdocs\magang-main\system\CodeIgniter.php(336): CodeIgniter\CodeIgniter->handleRequest(NULL, Object(Config\Cache), false)
#8 C:\xampp\htdocs\magang-main\public\index.php(37): CodeIgniter\CodeIgniter->run()
#9 C:\xampp\htdocs\magang-main\system\Commands\Server\rewrite.php(45): require_once('C:\\xampp\\htdocs...')
#10 {main}
CRITICAL - 2021-07-30 06:14:02 --> Invalid argument supplied for foreach()
#0 C:\xampp\htdocs\magang-main\app\Views\subbahan\kertas.php(35): CodeIgniter\Debug\Exceptions->errorHandler(2, 'Invalid argumen...', 'C:\\xampp\\htdocs...', 35, Array)
#1 C:\xampp\htdocs\magang-main\system\View\View.php(230): include('C:\\xampp\\htdocs...')
#2 C:\xampp\htdocs\magang-main\system\View\View.php(232): CodeIgniter\View\View->CodeIgniter\View\{closure}()
#3 C:\xampp\htdocs\magang-main\system\Common.php(1271): CodeIgniter\View\View->render('subbahan/Kertas', Array, true)
#4 C:\xampp\htdocs\magang-main\app\Controllers\Supplier.php(25): view('subbahan/Kertas', Array)
#5 C:\xampp\htdocs\magang-main\system\CodeIgniter.php(928): App\Controllers\Supplier->Kertas()
#6 C:\xampp\htdocs\magang-main\system\CodeIgniter.php(436): CodeIgniter\CodeIgniter->runController(Object(App\Controllers\Supplier))
#7 C:\xampp\htdocs\magang-main\system\CodeIgniter.php(336): CodeIgniter\CodeIgniter->handleRequest(NULL, Object(Config\Cache), false)
#8 C:\xampp\htdocs\magang-main\public\index.php(37): CodeIgniter\CodeIgniter->run()
#9 C:\xampp\htdocs\magang-main\system\Commands\Server\rewrite.php(45): require_once('C:\\xampp\\htdocs...')
#10 {main}
CRITICAL - 2021-07-30 06:14:54 --> Invalid argument supplied for foreach()
#0 C:\xampp\htdocs\magang-main\app\Views\subbahan\kertas.php(35): CodeIgniter\Debug\Exceptions->errorHandler(2, 'Invalid argumen...', 'C:\\xampp\\htdocs...', 35, Array)
#1 C:\xampp\htdocs\magang-main\system\View\View.php(230): include('C:\\xampp\\htdocs...')
#2 C:\xampp\htdocs\magang-main\system\View\View.php(232): CodeIgniter\View\View->CodeIgniter\View\{closure}()
#3 C:\xampp\htdocs\magang-main\system\Common.php(1271): CodeIgniter\View\View->render('subbahan/Kertas', Array, true)
#4 C:\xampp\htdocs\magang-main\app\Controllers\Supplier.php(25): view('subbahan/Kertas', Array)
#5 C:\xampp\htdocs\magang-main\system\CodeIgniter.php(928): App\Controllers\Supplier->Kertas()
#6 C:\xampp\htdocs\magang-main\system\CodeIgniter.php(436): CodeIgniter\CodeIgniter->runController(Object(App\Controllers\Supplier))
#7 C:\xampp\htdocs\magang-main\system\CodeIgniter.php(336): CodeIgniter\CodeIgniter->handleRequest(NULL, Object(Config\Cache), false)
#8 C:\xampp\htdocs\magang-main\public\index.php(37): CodeIgniter\CodeIgniter->run()
#9 C:\xampp\htdocs\magang-main\system\Commands\Server\rewrite.php(45): require_once('C:\\xampp\\htdocs...')
#10 {main}
CRITICAL - 2021-07-30 06:15:18 --> Invalid argument supplied for foreach()
#0 C:\xampp\htdocs\magang-main\app\Views\subbahan\kertas.php(35): CodeIgniter\Debug\Exceptions->errorHandler(2, 'Invalid argumen...', 'C:\\xampp\\htdocs...', 35, Array)
#1 C:\xampp\htdocs\magang-main\system\View\View.php(230): include('C:\\xampp\\htdocs...')
#2 C:\xampp\htdocs\magang-main\system\View\View.php(232): CodeIgniter\View\View->CodeIgniter\View\{closure}()
#3 C:\xampp\htdocs\magang-main\system\Common.php(1271): CodeIgniter\View\View->render('subbahan/Kertas', Array, true)
#4 C:\xampp\htdocs\magang-main\app\Controllers\Supplier.php(25): view('subbahan/Kertas', Array)
#5 C:\xampp\htdocs\magang-main\system\CodeIgniter.php(928): App\Controllers\Supplier->Kertas()
#6 C:\xampp\htdocs\magang-main\system\CodeIgniter.php(436): CodeIgniter\CodeIgniter->runController(Object(App\Controllers\Supplier))
#7 C:\xampp\htdocs\magang-main\system\CodeIgniter.php(336): CodeIgniter\CodeIgniter->handleRequest(NULL, Object(Config\Cache), false)
#8 C:\xampp\htdocs\magang-main\public\index.php(37): CodeIgniter\CodeIgniter->run()
#9 C:\xampp\htdocs\magang-main\system\Commands\Server\rewrite.php(45): require_once('C:\\xampp\\htdocs...')
#10 {main}
CRITICAL - 2021-07-30 06:16:46 --> Trying to access array offset on value of type null
#0 C:\xampp\htdocs\magang-main\app\Views\subbahan\kertas.php(39): CodeIgniter\Debug\Exceptions->errorHandler(8, 'Trying to acces...', 'C:\\xampp\\htdocs...', 39, Array)
#1 C:\xampp\htdocs\magang-main\system\View\View.php(230): include('C:\\xampp\\htdocs...')
#2 C:\xampp\htdocs\magang-main\system\View\View.php(232): CodeIgniter\View\View->CodeIgniter\View\{closure}()
#3 C:\xampp\htdocs\magang-main\system\Common.php(1271): CodeIgniter\View\View->render('subbahan/Kertas', Array, true)
#4 C:\xampp\htdocs\magang-main\app\Controllers\Supplier.php(25): view('subbahan/Kertas', Array)
#5 C:\xampp\htdocs\magang-main\system\CodeIgniter.php(928): App\Controllers\Supplier->Kertas()
#6 C:\xampp\htdocs\magang-main\system\CodeIgniter.php(436): CodeIgniter\CodeIgniter->runController(Object(App\Controllers\Supplier))
#7 C:\xampp\htdocs\magang-main\system\CodeIgniter.php(336): CodeIgniter\CodeIgniter->handleRequest(NULL, Object(Config\Cache), false)
#8 C:\xampp\htdocs\magang-main\public\index.php(37): CodeIgniter\CodeIgniter->run()
#9 C:\xampp\htdocs\magang-main\system\Commands\Server\rewrite.php(45): require_once('C:\\xampp\\htdocs...')
#10 {main}
CRITICAL - 2021-07-30 21:34:38 --> Undefined array key "id_kertas"
#0 C:\xampp\htdocs\magang-tabel\app\Views\subbahan\kertas.php(40): CodeIgniter\Debug\Exceptions->errorHandler(2, 'Undefined array...', 'C:\\xampp\\htdocs...', 40)
#1 C:\xampp\htdocs\magang-tabel\system\View\View.php(230): include('C:\\xampp\\htdocs...')
#2 C:\xampp\htdocs\magang-tabel\system\View\View.php(232): CodeIgniter\View\View->CodeIgniter\View\{closure}()
#3 C:\xampp\htdocs\magang-tabel\system\Common.php(1271): CodeIgniter\View\View->render('subbahan/Kertas', Array, true)
#4 C:\xampp\htdocs\magang-tabel\app\Controllers\Supplier.php(25): view('subbahan/Kertas', Array)
#5 C:\xampp\htdocs\magang-tabel\system\CodeIgniter.php(928): App\Controllers\Supplier->Kertas()
#6 C:\xampp\htdocs\magang-tabel\system\CodeIgniter.php(436): CodeIgniter\CodeIgniter->runController(Object(App\Controllers\Supplier))
#7 C:\xampp\htdocs\magang-tabel\system\CodeIgniter.php(336): CodeIgniter\CodeIgniter->handleRequest(NULL, Object(Config\Cache), false)
#8 C:\xampp\htdocs\magang-tabel\public\index.php(37): CodeIgniter\CodeIgniter->run()
#9 C:\xampp\htdocs\magang-tabel\system\Commands\Server\rewrite.php(45): require_once('C:\\xampp\\htdocs...')
#10 {main}
CRITICAL - 2021-07-30 21:46:55 --> Undefined array key "slug"
#0 C:\xampp\htdocs\magang-tabel\app\Views\subbahan\kertas.php(48): CodeIgniter\Debug\Exceptions->errorHandler(2, 'Undefined array...', 'C:\\xampp\\htdocs...', 48)
#1 C:\xampp\htdocs\magang-tabel\system\View\View.php(230): include('C:\\xampp\\htdocs...')
#2 C:\xampp\htdocs\magang-tabel\system\View\View.php(232): CodeIgniter\View\View->CodeIgniter\View\{closure}()
#3 C:\xampp\htdocs\magang-tabel\system\Common.php(1271): CodeIgniter\View\View->render('subbahan/Kertas', Array, true)
#4 C:\xampp\htdocs\magang-tabel\app\Controllers\Supplier.php(25): view('subbahan/Kertas', Array)
#5 C:\xampp\htdocs\magang-tabel\system\CodeIgniter.php(928): App\Controllers\Supplier->Kertas()
#6 C:\xampp\htdocs\magang-tabel\system\CodeIgniter.php(436): CodeIgniter\CodeIgniter->runController(Object(App\Controllers\Supplier))
#7 C:\xampp\htdocs\magang-tabel\system\CodeIgniter.php(336): CodeIgniter\CodeIgniter->handleRequest(NULL, Object(Config\Cache), false)
#8 C:\xampp\htdocs\magang-tabel\public\index.php(37): CodeIgniter\CodeIgniter->run()
#9 C:\xampp\htdocs\magang-tabel\system\Commands\Server\rewrite.php(45): require_once('C:\\xampp\\htdocs...')
#10 {main}
CRITICAL - 2021-07-30 21:46:57 --> Undefined array key "slug"
#0 C:\xampp\htdocs\magang-tabel\app\Views\subbahan\kertas.php(48): CodeIgniter\Debug\Exceptions->errorHandler(2, 'Undefined array...', 'C:\\xampp\\htdocs...', 48)
#1 C:\xampp\htdocs\magang-tabel\system\View\View.php(230): include('C:\\xampp\\htdocs...')
#2 C:\xampp\htdocs\magang-tabel\system\View\View.php(232): CodeIgniter\View\View->CodeIgniter\View\{closure}()
#3 C:\xampp\htdocs\magang-tabel\system\Common.php(1271): CodeIgniter\View\View->render('subbahan/Kertas', Array, true)
#4 C:\xampp\htdocs\magang-tabel\app\Controllers\Supplier.php(25): view('subbahan/Kertas', Array)
#5 C:\xampp\htdocs\magang-tabel\system\CodeIgniter.php(928): App\Controllers\Supplier->Kertas()
#6 C:\xampp\htdocs\magang-tabel\system\CodeIgniter.php(436): CodeIgniter\CodeIgniter->runController(Object(App\Controllers\Supplier))
#7 C:\xampp\htdocs\magang-tabel\system\CodeIgniter.php(336): CodeIgniter\CodeIgniter->handleRequest(NULL, Object(Config\Cache), false)
#8 C:\xampp\htdocs\magang-tabel\public\index.php(37): CodeIgniter\CodeIgniter->run()
#9 C:\xampp\htdocs\magang-tabel\system\Commands\Server\rewrite.php(45): require_once('C:\\xampp\\htdocs...')
#10 {main}
CRITICAL - 2021-07-30 21:46:58 --> Undefined array key "slug"
#0 C:\xampp\htdocs\magang-tabel\app\Views\subbahan\kertas.php(48): CodeIgniter\Debug\Exceptions->errorHandler(2, 'Undefined array...', 'C:\\xampp\\htdocs...', 48)
#1 C:\xampp\htdocs\magang-tabel\system\View\View.php(230): include('C:\\xampp\\htdocs...')
#2 C:\xampp\htdocs\magang-tabel\system\View\View.php(232): CodeIgniter\View\View->CodeIgniter\View\{closure}()
#3 C:\xampp\htdocs\magang-tabel\system\Common.php(1271): CodeIgniter\View\View->render('subbahan/Kertas', Array, true)
#4 C:\xampp\htdocs\magang-tabel\app\Controllers\Supplier.php(25): view('subbahan/Kertas', Array)
#5 C:\xampp\htdocs\magang-tabel\system\CodeIgniter.php(928): App\Controllers\Supplier->Kertas()
#6 C:\xampp\htdocs\magang-tabel\system\CodeIgniter.php(436): CodeIgniter\CodeIgniter->runController(Object(App\Controllers\Supplier))
#7 C:\xampp\htdocs\magang-tabel\system\CodeIgniter.php(336): CodeIgniter\CodeIgniter->handleRequest(NULL, Object(Config\Cache), false)
#8 C:\xampp\htdocs\magang-tabel\public\index.php(37): CodeIgniter\CodeIgniter->run()
#9 C:\xampp\htdocs\magang-tabel\system\Commands\Server\rewrite.php(45): require_once('C:\\xampp\\htdocs...')
#10 {main}
CRITICAL - 2021-07-30 21:46:59 --> Undefined array key "slug"
#0 C:\xampp\htdocs\magang-tabel\app\Views\subbahan\kertas.php(48): CodeIgniter\Debug\Exceptions->errorHandler(2, 'Undefined array...', 'C:\\xampp\\htdocs...', 48)
#1 C:\xampp\htdocs\magang-tabel\system\View\View.php(230): include('C:\\xampp\\htdocs...')
#2 C:\xampp\htdocs\magang-tabel\system\View\View.php(232): CodeIgniter\View\View->CodeIgniter\View\{closure}()
#3 C:\xampp\htdocs\magang-tabel\system\Common.php(1271): CodeIgniter\View\View->render('subbahan/Kertas', Array, true)
#4 C:\xampp\htdocs\magang-tabel\app\Controllers\Supplier.php(25): view('subbahan/Kertas', Array)
#5 C:\xampp\htdocs\magang-tabel\system\CodeIgniter.php(928): App\Controllers\Supplier->Kertas()
#6 C:\xampp\htdocs\magang-tabel\system\CodeIgniter.php(436): CodeIgniter\CodeIgniter->runController(Object(App\Controllers\Supplier))
#7 C:\xampp\htdocs\magang-tabel\system\CodeIgniter.php(336): CodeIgniter\CodeIgniter->handleRequest(NULL, Object(Config\Cache), false)
#8 C:\xampp\htdocs\magang-tabel\public\index.php(37): CodeIgniter\CodeIgniter->run()
#9 C:\xampp\htdocs\magang-tabel\system\Commands\Server\rewrite.php(45): require_once('C:\\xampp\\htdocs...')
#10 {main}
CRITICAL - 2021-07-30 21:49:06 --> Invalid file: layout/bahan.php
#0 C:\xampp\htdocs\magang-tabel\system\View\View.php(213): CodeIgniter\Exceptions\FrameworkException::forInvalidFile('layout/bahan.ph...')
#1 C:\xampp\htdocs\magang-tabel\system\View\View.php(246): CodeIgniter\View\View->render('layout/bahan', Array, true)
#2 C:\xampp\htdocs\magang-tabel\system\Common.php(1271): CodeIgniter\View\View->render('button/create', Array, true)
#3 C:\xampp\htdocs\magang-tabel\app\Controllers\InputButton.php(12): view('button/create')
#4 C:\xampp\htdocs\magang-tabel\system\CodeIgniter.php(928): App\Controllers\InputButton->create()
#5 C:\xampp\htdocs\magang-tabel\system\CodeIgniter.php(436): CodeIgniter\CodeIgniter->runController(Object(App\Controllers\InputButton))
#6 C:\xampp\htdocs\magang-tabel\system\CodeIgniter.php(336): CodeIgniter\CodeIgniter->handleRequest(NULL, Object(Config\Cache), false)
#7 C:\xampp\htdocs\magang-tabel\public\index.php(37): CodeIgniter\CodeIgniter->run()
#8 C:\xampp\htdocs\magang-tabel\system\Commands\Server\rewrite.php(45): require_once('C:\\xampp\\htdocs...')
#9 {main}
CRITICAL - 2021-07-30 21:49:51 --> Undefined variable $title
#0 C:\xampp\htdocs\magang-tabel\app\Views\layout\template.php(11): CodeIgniter\Debug\Exceptions->errorHandler(2, 'Undefined varia...', 'C:\\xampp\\htdocs...', 11)
#1 C:\xampp\htdocs\magang-tabel\system\View\View.php(230): include('C:\\xampp\\htdocs...')
#2 C:\xampp\htdocs\magang-tabel\system\View\View.php(232): CodeIgniter\View\View->CodeIgniter\View\{closure}()
#3 C:\xampp\htdocs\magang-tabel\system\View\View.php(246): CodeIgniter\View\View->render('layout/template', Array, true)
#4 C:\xampp\htdocs\magang-tabel\system\Common.php(1271): CodeIgniter\View\View->render('button/create', Array, true)
#5 C:\xampp\htdocs\magang-tabel\app\Controllers\InputButton.php(12): view('button/create')
#6 C:\xampp\htdocs\magang-tabel\system\CodeIgniter.php(928): App\Controllers\InputButton->create()
#7 C:\xampp\htdocs\magang-tabel\system\CodeIgniter.php(436): CodeIgniter\CodeIgniter->runController(Object(App\Controllers\InputButton))
#8 C:\xampp\htdocs\magang-tabel\system\CodeIgniter.php(336): CodeIgniter\CodeIgniter->handleRequest(NULL, Object(Config\Cache), false)
#9 C:\xampp\htdocs\magang-tabel\public\index.php(37): CodeIgniter\CodeIgniter->run()
#10 C:\xampp\htdocs\magang-tabel\system\Commands\Server\rewrite.php(45): require_once('C:\\xampp\\htdocs...')
#11 {main}
CRITICAL - 2021-07-30 21:51:00 --> Undefined variable $title
#0 C:\xampp\htdocs\magang-tabel\app\Views\layout\template.php(11): CodeIgniter\Debug\Exceptions->errorHandler(2, 'Undefined varia...', 'C:\\xampp\\htdocs...', 11)
#1 C:\xampp\htdocs\magang-tabel\system\View\View.php(230): include('C:\\xampp\\htdocs...')
#2 C:\xampp\htdocs\magang-tabel\system\View\View.php(232): CodeIgniter\View\View->CodeIgniter\View\{closure}()
#3 C:\xampp\htdocs\magang-tabel\system\View\View.php(246): CodeIgniter\View\View->render('layout/template', Array, true)
#4 C:\xampp\htdocs\magang-tabel\system\Common.php(1271): CodeIgniter\View\View->render('button/create', Array, true)
#5 C:\xampp\htdocs\magang-tabel\app\Controllers\InputButton.php(16): view('button/create')
#6 C:\xampp\htdocs\magang-tabel\system\CodeIgniter.php(928): App\Controllers\InputButton->create()
#7 C:\xampp\htdocs\magang-tabel\system\CodeIgniter.php(436): CodeIgniter\CodeIgniter->runController(Object(App\Controllers\InputButton))
#8 C:\xampp\htdocs\magang-tabel\system\CodeIgniter.php(336): CodeIgniter\CodeIgniter->handleRequest(NULL, Object(Config\Cache), false)
#9 C:\xampp\htdocs\magang-tabel\public\index.php(37): CodeIgniter\CodeIgniter->run()
#10 C:\xampp\htdocs\magang-tabel\system\Commands\Server\rewrite.php(45): require_once('C:\\xampp\\htdocs...')
#11 {main}
CRITICAL - 2021-07-30 21:51:08 --> Undefined variable $title
#0 C:\xampp\htdocs\magang-tabel\app\Views\layout\template.php(11): CodeIgniter\Debug\Exceptions->errorHandler(2, 'Undefined varia...', 'C:\\xampp\\htdocs...', 11)
#1 C:\xampp\htdocs\magang-tabel\system\View\View.php(230): include('C:\\xampp\\htdocs...')
#2 C:\xampp\htdocs\magang-tabel\system\View\View.php(232): CodeIgniter\View\View->CodeIgniter\View\{closure}()
#3 C:\xampp\htdocs\magang-tabel\system\View\View.php(246): CodeIgniter\View\View->render('layout/template', Array, true)
#4 C:\xampp\htdocs\magang-tabel\system\Common.php(1271): CodeIgniter\View\View->render('button/create', Array, true)
#5 C:\xampp\htdocs\magang-tabel\app\Controllers\InputButton.php(16): view('button/create')
#6 C:\xampp\htdocs\magang-tabel\system\CodeIgniter.php(928): App\Controllers\InputButton->create()
#7 C:\xampp\htdocs\magang-tabel\system\CodeIgniter.php(436): CodeIgniter\CodeIgniter->runController(Object(App\Controllers\InputButton))
#8 C:\xampp\htdocs\magang-tabel\system\CodeIgniter.php(336): CodeIgniter\CodeIgniter->handleRequest(NULL, Object(Config\Cache), false)
#9 C:\xampp\htdocs\magang-tabel\public\index.php(37): CodeIgniter\CodeIgniter->run()
#10 C:\xampp\htdocs\magang-tabel\system\Commands\Server\rewrite.php(45): require_once('C:\\xampp\\htdocs...')
#11 {main}
CRITICAL - 2021-07-30 21:51:08 --> Undefined variable $title
#0 C:\xampp\htdocs\magang-tabel\app\Views\layout\template.php(11): CodeIgniter\Debug\Exceptions->errorHandler(2, 'Undefined varia...', 'C:\\xampp\\htdocs...', 11)
#1 C:\xampp\htdocs\magang-tabel\system\View\View.php(230): include('C:\\xampp\\htdocs...')
#2 C:\xampp\htdocs\magang-tabel\system\View\View.php(232): CodeIgniter\View\View->CodeIgniter\View\{closure}()
#3 C:\xampp\htdocs\magang-tabel\system\View\View.php(246): CodeIgniter\View\View->render('layout/template', Array, true)
#4 C:\xampp\htdocs\magang-tabel\system\Common.php(1271): CodeIgniter\View\View->render('button/create', Array, true)
#5 C:\xampp\htdocs\magang-tabel\app\Controllers\InputButton.php(16): view('button/create')
#6 C:\xampp\htdocs\magang-tabel\system\CodeIgniter.php(928): App\Controllers\InputButton->create()
#7 C:\xampp\htdocs\magang-tabel\system\CodeIgniter.php(436): CodeIgniter\CodeIgniter->runController(Object(App\Controllers\InputButton))
#8 C:\xampp\htdocs\magang-tabel\system\CodeIgniter.php(336): CodeIgniter\CodeIgniter->handleRequest(NULL, Object(Config\Cache), false)
#9 C:\xampp\htdocs\magang-tabel\public\index.php(37): CodeIgniter\CodeIgniter->run()
#10 C:\xampp\htdocs\magang-tabel\system\Commands\Server\rewrite.php(45): require_once('C:\\xampp\\htdocs...')
#11 {main}
CRITICAL - 2021-07-30 21:51:08 --> Undefined variable $title
#0 C:\xampp\htdocs\magang-tabel\app\Views\layout\template.php(11): CodeIgniter\Debug\Exceptions->errorHandler(2, 'Undefined varia...', 'C:\\xampp\\htdocs...', 11)
#1 C:\xampp\htdocs\magang-tabel\system\View\View.php(230): include('C:\\xampp\\htdocs...')
#2 C:\xampp\htdocs\magang-tabel\system\View\View.php(232): CodeIgniter\View\View->CodeIgniter\View\{closure}()
#3 C:\xampp\htdocs\magang-tabel\system\View\View.php(246): CodeIgniter\View\View->render('layout/template', Array, true)
#4 C:\xampp\htdocs\magang-tabel\system\Common.php(1271): CodeIgniter\View\View->render('button/create', Array, true)
#5 C:\xampp\htdocs\magang-tabel\app\Controllers\InputButton.php(16): view('button/create')
#6 C:\xampp\htdocs\magang-tabel\system\CodeIgniter.php(928): App\Controllers\InputButton->create()
#7 C:\xampp\htdocs\magang-tabel\system\CodeIgniter.php(436): CodeIgniter\CodeIgniter->runController(Object(App\Controllers\InputButton))
#8 C:\xampp\htdocs\magang-tabel\system\CodeIgniter.php(336): CodeIgniter\CodeIgniter->handleRequest(NULL, Object(Config\Cache), false)
#9 C:\xampp\htdocs\magang-tabel\public\index.php(37): CodeIgniter\CodeIgniter->run()
#10 C:\xampp\htdocs\magang-tabel\system\Commands\Server\rewrite.php(45): require_once('C:\\xampp\\htdocs...')
#11 {main}
CRITICAL - 2021-07-30 21:51:08 --> Undefined variable $title
#0 C:\xampp\htdocs\magang-tabel\app\Views\layout\template.php(11): CodeIgniter\Debug\Exceptions->errorHandler(2, 'Undefined varia...', 'C:\\xampp\\htdocs...', 11)
#1 C:\xampp\htdocs\magang-tabel\system\View\View.php(230): include('C:\\xampp\\htdocs...')
#2 C:\xampp\htdocs\magang-tabel\system\View\View.php(232): CodeIgniter\View\View->CodeIgniter\View\{closure}()
#3 C:\xampp\htdocs\magang-tabel\system\View\View.php(246): CodeIgniter\View\View->render('layout/template', Array, true)
#4 C:\xampp\htdocs\magang-tabel\system\Common.php(1271): CodeIgniter\View\View->render('button/create', Array, true)
#5 C:\xampp\htdocs\magang-tabel\app\Controllers\InputButton.php(16): view('button/create')
#6 C:\xampp\htdocs\magang-tabel\system\CodeIgniter.php(928): App\Controllers\InputButton->create()
#7 C:\xampp\htdocs\magang-tabel\system\CodeIgniter.php(436): CodeIgniter\CodeIgniter->runController(Object(App\Controllers\InputButton))
#8 C:\xampp\htdocs\magang-tabel\system\CodeIgniter.php(336): CodeIgniter\CodeIgniter->handleRequest(NULL, Object(Config\Cache), false)
#9 C:\xampp\htdocs\magang-tabel\public\index.php(37): CodeIgniter\CodeIgniter->run()
#10 C:\xampp\htdocs\magang-tabel\system\Commands\Server\rewrite.php(45): require_once('C:\\xampp\\htdocs...')
#11 {main}
CRITICAL - 2021-07-30 21:51:09 --> Undefined variable $title
#0 C:\xampp\htdocs\magang-tabel\app\Views\layout\template.php(11): CodeIgniter\Debug\Exceptions->errorHandler(2, 'Undefined varia...', 'C:\\xampp\\htdocs...', 11)
#1 C:\xampp\htdocs\magang-tabel\system\View\View.php(230): include('C:\\xampp\\htdocs...')
#2 C:\xampp\htdocs\magang-tabel\system\View\View.php(232): CodeIgniter\View\View->CodeIgniter\View\{closure}()
#3 C:\xampp\htdocs\magang-tabel\system\View\View.php(246): CodeIgniter\View\View->render('layout/template', Array, true)
#4 C:\xampp\htdocs\magang-tabel\system\Common.php(1271): CodeIgniter\View\View->render('button/create', Array, true)
#5 C:\xampp\htdocs\magang-tabel\app\Controllers\InputButton.php(16): view('button/create')
#6 C:\xampp\htdocs\magang-tabel\system\CodeIgniter.php(928): App\Controllers\InputButton->create()
#7 C:\xampp\htdocs\magang-tabel\system\CodeIgniter.php(436): CodeIgniter\CodeIgniter->runController(Object(App\Controllers\InputButton))
#8 C:\xampp\htdocs\magang-tabel\system\CodeIgniter.php(336): CodeIgniter\CodeIgniter->handleRequest(NULL, Object(Config\Cache), false)
#9 C:\xampp\htdocs\magang-tabel\public\index.php(37): CodeIgniter\CodeIgniter->run()
#10 C:\xampp\htdocs\magang-tabel\system\Commands\Server\rewrite.php(45): require_once('C:\\xampp\\htdocs...')
#11 {main}
CRITICAL - 2021-07-30 21:51:09 --> Undefined variable $title
#0 C:\xampp\htdocs\magang-tabel\app\Views\layout\template.php(11): CodeIgniter\Debug\Exceptions->errorHandler(2, 'Undefined varia...', 'C:\\xampp\\htdocs...', 11)
#1 C:\xampp\htdocs\magang-tabel\system\View\View.php(230): include('C:\\xampp\\htdocs...')
#2 C:\xampp\htdocs\magang-tabel\system\View\View.php(232): CodeIgniter\View\View->CodeIgniter\View\{closure}()
#3 C:\xampp\htdocs\magang-tabel\system\View\View.php(246): CodeIgniter\View\View->render('layout/template', Array, true)
#4 C:\xampp\htdocs\magang-tabel\system\Common.php(1271): CodeIgniter\View\View->render('button/create', Array, true)
#5 C:\xampp\htdocs\magang-tabel\app\Controllers\InputButton.php(16): view('button/create')
#6 C:\xampp\htdocs\magang-tabel\system\CodeIgniter.php(928): App\Controllers\InputButton->create()
#7 C:\xampp\htdocs\magang-tabel\system\CodeIgniter.php(436): CodeIgniter\CodeIgniter->runController(Object(App\Controllers\InputButton))
#8 C:\xampp\htdocs\magang-tabel\system\CodeIgniter.php(336): CodeIgniter\CodeIgniter->handleRequest(NULL, Object(Config\Cache), false)
#9 C:\xampp\htdocs\magang-tabel\public\index.php(37): CodeIgniter\CodeIgniter->run()
#10 C:\xampp\htdocs\magang-tabel\system\Commands\Server\rewrite.php(45): require_once('C:\\xampp\\htdocs...')
#11 {main}
CRITICAL - 2021-07-30 21:52:36 --> Undefined variable $title
#0 C:\xampp\htdocs\magang-tabel\app\Views\layout\template.php(11): CodeIgniter\Debug\Exceptions->errorHandler(2, 'Undefined varia...', 'C:\\xampp\\htdocs...', 11)
#1 C:\xampp\htdocs\magang-tabel\system\View\View.php(230): include('C:\\xampp\\htdocs...')
#2 C:\xampp\htdocs\magang-tabel\system\View\View.php(232): CodeIgniter\View\View->CodeIgniter\View\{closure}()
#3 C:\xampp\htdocs\magang-tabel\system\View\View.php(246): CodeIgniter\View\View->render('layout/template', Array, true)
#4 C:\xampp\htdocs\magang-tabel\system\Common.php(1271): CodeIgniter\View\View->render('button/create', Array, true)
#5 C:\xampp\htdocs\magang-tabel\app\Controllers\InputButton.php(16): view('button/create')
#6 C:\xampp\htdocs\magang-tabel\system\CodeIgniter.php(928): App\Controllers\InputButton->create()
#7 C:\xampp\htdocs\magang-tabel\system\CodeIgniter.php(436): CodeIgniter\CodeIgniter->runController(Object(App\Controllers\InputButton))
#8 C:\xampp\htdocs\magang-tabel\system\CodeIgniter.php(336): CodeIgniter\CodeIgniter->handleRequest(NULL, Object(Config\Cache), false)
#9 C:\xampp\htdocs\magang-tabel\public\index.php(37): CodeIgniter\CodeIgniter->run()
#10 C:\xampp\htdocs\magang-tabel\system\Commands\Server\rewrite.php(45): require_once('C:\\xampp\\htdocs...')
#11 {main}
CRITICAL - 2021-07-30 22:03:08 --> Undefined variable $create
#0 C:\xampp\htdocs\magang-tabel\app\Views\layout\template.php(69): CodeIgniter\Debug\Exceptions->errorHandler(2, 'Undefined varia...', 'C:\\xampp\\htdocs...', 69)
#1 C:\xampp\htdocs\magang-tabel\system\View\View.php(230): include('C:\\xampp\\htdocs...')
#2 C:\xampp\htdocs\magang-tabel\system\View\View.php(232): CodeIgniter\View\View->CodeIgniter\View\{closure}()
#3 C:\xampp\htdocs\magang-tabel\system\View\View.php(246): CodeIgniter\View\View->render('layout/template', Array, true)
#4 C:\xampp\htdocs\magang-tabel\system\Common.php(1271): CodeIgniter\View\View->render('button/create', Array, true)
#5 C:\xampp\htdocs\magang-tabel\app\Controllers\InputButton.php(16): view('button/create', Array)
#6 C:\xampp\htdocs\magang-tabel\system\CodeIgniter.php(928): App\Controllers\InputButton->create()
#7 C:\xampp\htdocs\magang-tabel\system\CodeIgniter.php(436): CodeIgniter\CodeIgniter->runController(Object(App\Controllers\InputButton))
#8 C:\xampp\htdocs\magang-tabel\system\CodeIgniter.php(336): CodeIgniter\CodeIgniter->handleRequest(NULL, Object(Config\Cache), false)
#9 C:\xampp\htdocs\magang-tabel\public\index.php(37): CodeIgniter\CodeIgniter->run()
#10 C:\xampp\htdocs\magang-tabel\system\Commands\Server\rewrite.php(45): require_once('C:\\xampp\\htdocs...')
#11 {main}
CRITICAL - 2021-07-30 22:06:08 --> Undefined variable $create
#0 C:\xampp\htdocs\magang-tabel\app\Views\layout\template.php(69): CodeIgniter\Debug\Exceptions->errorHandler(2, 'Undefined varia...', 'C:\\xampp\\htdocs...', 69)
#1 C:\xampp\htdocs\magang-tabel\system\View\View.php(230): include('C:\\xampp\\htdocs...')
#2 C:\xampp\htdocs\magang-tabel\system\View\View.php(232): CodeIgniter\View\View->CodeIgniter\View\{closure}()
#3 C:\xampp\htdocs\magang-tabel\system\View\View.php(246): CodeIgniter\View\View->render('layout/template', Array, true)
#4 C:\xampp\htdocs\magang-tabel\system\Common.php(1271): CodeIgniter\View\View->render('button/create', Array, true)
#5 C:\xampp\htdocs\magang-tabel\app\Controllers\InputButton.php(16): view('button/create', Array)
#6 C:\xampp\htdocs\magang-tabel\system\CodeIgniter.php(928): App\Controllers\InputButton->create()
#7 C:\xampp\htdocs\magang-tabel\system\CodeIgniter.php(436): CodeIgniter\CodeIgniter->runController(Object(App\Controllers\InputButton))
#8 C:\xampp\htdocs\magang-tabel\system\CodeIgniter.php(336): CodeIgniter\CodeIgniter->handleRequest(NULL, Object(Config\Cache), false)
#9 C:\xampp\htdocs\magang-tabel\public\index.php(37): CodeIgniter\CodeIgniter->run()
#10 C:\xampp\htdocs\magang-tabel\system\Commands\Server\rewrite.php(45): require_once('C:\\xampp\\htdocs...')
#11 {main}
CRITICAL - 2021-07-30 22:08:38 --> Undefined variable $create
#0 C:\xampp\htdocs\magang-tabel\app\Views\layout\template.php(69): CodeIgniter\Debug\Exceptions->errorHandler(2, 'Undefined varia...', 'C:\\xampp\\htdocs...', 69)
#1 C:\xampp\htdocs\magang-tabel\system\View\View.php(230): include('C:\\xampp\\htdocs...')
#2 C:\xampp\htdocs\magang-tabel\system\View\View.php(232): CodeIgniter\View\View->CodeIgniter\View\{closure}()
#3 C:\xampp\htdocs\magang-tabel\system\View\View.php(246): CodeIgniter\View\View->render('layout/template', Array, true)
#4 C:\xampp\htdocs\magang-tabel\system\Common.php(1271): CodeIgniter\View\View->render('button/create', Array, true)
#5 C:\xampp\htdocs\magang-tabel\app\Controllers\InputButton.php(17): view('button/create', Array)
#6 C:\xampp\htdocs\magang-tabel\system\CodeIgniter.php(928): App\Controllers\InputButton->create()
#7 C:\xampp\htdocs\magang-tabel\system\CodeIgniter.php(436): CodeIgniter\CodeIgniter->runController(Object(App\Controllers\InputButton))
#8 C:\xampp\htdocs\magang-tabel\system\CodeIgniter.php(336): CodeIgniter\CodeIgniter->handleRequest(NULL, Object(Config\Cache), false)
#9 C:\xampp\htdocs\magang-tabel\public\index.php(37): CodeIgniter\CodeIgniter->run()
#10 C:\xampp\htdocs\magang-tabel\system\Commands\Server\rewrite.php(45): require_once('C:\\xampp\\htdocs...')
#11 {main}
CRITICAL - 2021-07-30 22:08:42 --> Undefined variable $create
#0 C:\xampp\htdocs\magang-tabel\app\Views\layout\template.php(69): CodeIgniter\Debug\Exceptions->errorHandler(2, 'Undefined varia...', 'C:\\xampp\\htdocs...', 69)
#1 C:\xampp\htdocs\magang-tabel\system\View\View.php(230): include('C:\\xampp\\htdocs...')
#2 C:\xampp\htdocs\magang-tabel\system\View\View.php(232): CodeIgniter\View\View->CodeIgniter\View\{closure}()
#3 C:\xampp\htdocs\magang-tabel\system\View\View.php(246): CodeIgniter\View\View->render('layout/template', Array, true)
#4 C:\xampp\htdocs\magang-tabel\system\Common.php(1271): CodeIgniter\View\View->render('button/create', Array, true)
#5 C:\xampp\htdocs\magang-tabel\app\Controllers\InputButton.php(17): view('button/create', Array)
#6 C:\xampp\htdocs\magang-tabel\system\CodeIgniter.php(928): App\Controllers\InputButton->create()
#7 C:\xampp\htdocs\magang-tabel\system\CodeIgniter.php(436): CodeIgniter\CodeIgniter->runController(Object(App\Controllers\InputButton))
#8 C:\xampp\htdocs\magang-tabel\system\CodeIgniter.php(336): CodeIgniter\CodeIgniter->handleRequest(NULL, Object(Config\Cache), false)
#9 C:\xampp\htdocs\magang-tabel\public\index.php(37): CodeIgniter\CodeIgniter->run()
#10 C:\xampp\htdocs\magang-tabel\system\Commands\Server\rewrite.php(45): require_once('C:\\xampp\\htdocs...')
#11 {main}
CRITICAL - 2021-07-30 22:35:28 --> Undefined variable $kertas
#0 C:\xampp\htdocs\magang-tabel\app\Views\subbahan\plastik.php(33): CodeIgniter\Debug\Exceptions->errorHandler(2, 'Undefined varia...', 'C:\\xampp\\htdocs...', 33)
#1 C:\xampp\htdocs\magang-tabel\system\View\View.php(230): include('C:\\xampp\\htdocs...')
#2 C:\xampp\htdocs\magang-tabel\system\View\View.php(232): CodeIgniter\View\View->CodeIgniter\View\{closure}()
#3 C:\xampp\htdocs\magang-tabel\system\Common.php(1271): CodeIgniter\View\View->render('subbahan/Plasti...', Array, true)
#4 C:\xampp\htdocs\magang-tabel\app\Controllers\Supplier.php(46): view('subbahan/Plasti...', Array)
#5 C:\xampp\htdocs\magang-tabel\system\CodeIgniter.php(928): App\Controllers\Supplier->Plastik()
#6 C:\xampp\htdocs\magang-tabel\system\CodeIgniter.php(436): CodeIgniter\CodeIgniter->runController(Object(App\Controllers\Supplier))
#7 C:\xampp\htdocs\magang-tabel\system\CodeIgniter.php(336): CodeIgniter\CodeIgniter->handleRequest(NULL, Object(Config\Cache), false)
#8 C:\xampp\htdocs\magang-tabel\public\index.php(37): CodeIgniter\CodeIgniter->run()
#9 C:\xampp\htdocs\magang-tabel\system\Commands\Server\rewrite.php(45): require_once('C:\\xampp\\htdocs...')
#10 {main}
CRITICAL - 2021-07-30 23:33:52 --> Undefined variable $kertas
#0 C:\xampp\htdocs\magang-tabel\app\Views\subbahan\plastik.php(33): CodeIgniter\Debug\Exceptions->errorHandler(2, 'Undefined varia...', 'C:\\xampp\\htdocs...', 33)
#1 C:\xampp\htdocs\magang-tabel\system\View\View.php(230): include('C:\\xampp\\htdocs...')
#2 C:\xampp\htdocs\magang-tabel\system\View\View.php(232): CodeIgniter\View\View->CodeIgniter\View\{closure}()
#3 C:\xampp\htdocs\magang-tabel\system\Common.php(1271): CodeIgniter\View\View->render('subbahan/Plasti...', Array, true)
#4 C:\xampp\htdocs\magang-tabel\app\Controllers\Supplier.php(46): view('subbahan/Plasti...', Array)
#5 C:\xampp\htdocs\magang-tabel\system\CodeIgniter.php(928): App\Controllers\Supplier->Plastik()
#6 C:\xampp\htdocs\magang-tabel\system\CodeIgniter.php(436): CodeIgniter\CodeIgniter->runController(Object(App\Controllers\Supplier))
#7 C:\xampp\htdocs\magang-tabel\system\CodeIgniter.php(336): CodeIgniter\CodeIgniter->handleRequest(NULL, Object(Config\Cache), false)
#8 C:\xampp\htdocs\magang-tabel\public\index.php(37): CodeIgniter\CodeIgniter->run()
#9 C:\xampp\htdocs\magang-tabel\system\Commands\Server\rewrite.php(45): require_once('C:\\xampp\\htdocs...')
#10 {main}
CRITICAL - 2021-07-30 23:39:49 --> Undefined variable $kertas
#0 C:\xampp\htdocs\magang-tabel\app\Views\subbahan\plastik.php(33): CodeIgniter\Debug\Exceptions->errorHandler(2, 'Undefined varia...', 'C:\\xampp\\htdocs...', 33)
#1 C:\xampp\htdocs\magang-tabel\system\View\View.php(230): include('C:\\xampp\\htdocs...')
#2 C:\xampp\htdocs\magang-tabel\system\View\View.php(232): CodeIgniter\View\View->CodeIgniter\View\{closure}()
#3 C:\xampp\htdocs\magang-tabel\system\Common.php(1271): CodeIgniter\View\View->render('subbahan/Plasti...', Array, true)
#4 C:\xampp\htdocs\magang-tabel\app\Controllers\Supplier.php(46): view('subbahan/Plasti...', Array)
#5 C:\xampp\htdocs\magang-tabel\system\CodeIgniter.php(928): App\Controllers\Supplier->Plastik()
#6 C:\xampp\htdocs\magang-tabel\system\CodeIgniter.php(436): CodeIgniter\CodeIgniter->runController(Object(App\Controllers\Supplier))
#7 C:\xampp\htdocs\magang-tabel\system\CodeIgniter.php(336): CodeIgniter\CodeIgniter->handleRequest(NULL, Object(Config\Cache), false)
#8 C:\xampp\htdocs\magang-tabel\public\index.php(37): CodeIgniter\CodeIgniter->run()
#9 C:\xampp\htdocs\magang-tabel\system\Commands\Server\rewrite.php(45): require_once('C:\\xampp\\htdocs...')
#10 {main}
