CRITICAL - 2021-08-11 09:28:33 --> Undefined array key "thead"
#0 C:\xampp\htdocs\magang-tabel\vendor\tecnickcom\tcpdf\tcpdf.php(16609): CodeIgniter\Debug\Exceptions->errorHandler(2, 'Undefined array...', 'C:\\xampp\\htdocs...', 16609)
#1 C:\xampp\htdocs\magang-tabel\vendor\tecnickcom\tcpdf\tcpdf.php(17320): TCPDF->getHtmlDomArray('<body>&nbsp; <t...')
#2 C:\xampp\htdocs\magang-tabel\app\Controllers\Supplier.php(76): TCPDF->writeHTML('<!-- DEBUG-VIEW...', true, false, true, false, '')
#3 C:\xampp\htdocs\magang-tabel\system\CodeIgniter.php(928): App\Controllers\Supplier->pdf('1')
#4 C:\xampp\htdocs\magang-tabel\system\CodeIgniter.php(436): CodeIgniter\CodeIgniter->runController(Object(App\Controllers\Supplier))
#5 C:\xampp\htdocs\magang-tabel\system\CodeIgniter.php(336): CodeIgniter\CodeIgniter->handleRequest(NULL, Object(Config\Cache), false)
#6 C:\xampp\htdocs\magang-tabel\public\index.php(37): CodeIgniter\CodeIgniter->run()
#7 C:\xampp\htdocs\magang-tabel\system\Commands\Server\rewrite.php(45): require_once('C:\\xampp\\htdocs...')
#8 {main}
CRITICAL - 2021-08-11 09:29:24 --> Undefined variable $kertas
#0 C:\xampp\htdocs\magang-tabel\app\Views\Button\inv\inv_kertas.php(37): CodeIgniter\Debug\Exceptions->errorHandler(2, 'Undefined varia...', 'C:\\xampp\\htdocs...', 37)
#1 C:\xampp\htdocs\magang-tabel\system\View\View.php(230): include('C:\\xampp\\htdocs...')
#2 C:\xampp\htdocs\magang-tabel\system\View\View.php(232): CodeIgniter\View\View->CodeIgniter\View\{closure}()
#3 C:\xampp\htdocs\magang-tabel\system\Common.php(1271): CodeIgniter\View\View->render('/button/inv/inv...', Array, true)
#4 C:\xampp\htdocs\magang-tabel\app\Controllers\Supplier.php(66): view('/button/inv/inv...', Array)
#5 C:\xampp\htdocs\magang-tabel\system\CodeIgniter.php(928): App\Controllers\Supplier->pdf('1')
#6 C:\xampp\htdocs\magang-tabel\system\CodeIgniter.php(436): CodeIgniter\CodeIgniter->runController(Object(App\Controllers\Supplier))
#7 C:\xampp\htdocs\magang-tabel\system\CodeIgniter.php(336): CodeIgniter\CodeIgniter->handleRequest(NULL, Object(Config\Cache), false)
#8 C:\xampp\htdocs\magang-tabel\public\index.php(37): CodeIgniter\CodeIgniter->run()
#9 C:\xampp\htdocs\magang-tabel\system\Commands\Server\rewrite.php(45): require_once('C:\\xampp\\htdocs...')
#10 {main}
CRITICAL - 2021-08-11 09:34:15 --> Undefined array key "thead"
#0 C:\xampp\htdocs\magang-tabel\vendor\tecnickcom\tcpdf\tcpdf.php(16609): CodeIgniter\Debug\Exceptions->errorHandler(2, 'Undefined array...', 'C:\\xampp\\htdocs...', 16609)
#1 C:\xampp\htdocs\magang-tabel\vendor\tecnickcom\tcpdf\tcpdf.php(17320): TCPDF->getHtmlDomArray('<body>&nbsp; <t...')
#2 C:\xampp\htdocs\magang-tabel\app\Controllers\Supplier.php(77): TCPDF->writeHTML('<!-- DEBUG-VIEW...', true, false, true, false, '')
#3 C:\xampp\htdocs\magang-tabel\system\CodeIgniter.php(928): App\Controllers\Supplier->pdf('12321312')
#4 C:\xampp\htdocs\magang-tabel\system\CodeIgniter.php(436): CodeIgniter\CodeIgniter->runController(Object(App\Controllers\Supplier))
#5 C:\xampp\htdocs\magang-tabel\system\CodeIgniter.php(336): CodeIgniter\CodeIgniter->handleRequest(NULL, Object(Config\Cache), false)
#6 C:\xampp\htdocs\magang-tabel\public\index.php(37): CodeIgniter\CodeIgniter->run()
#7 C:\xampp\htdocs\magang-tabel\system\Commands\Server\rewrite.php(45): require_once('C:\\xampp\\htdocs...')
#8 {main}
CRITICAL - 2021-08-11 09:36:46 --> Undefined array key "thead"
#0 C:\xampp\htdocs\magang-tabel\vendor\tecnickcom\tcpdf\tcpdf.php(16609): CodeIgniter\Debug\Exceptions->errorHandler(2, 'Undefined array...', 'C:\\xampp\\htdocs...', 16609)
#1 C:\xampp\htdocs\magang-tabel\vendor\tecnickcom\tcpdf\tcpdf.php(17320): TCPDF->getHtmlDomArray('<body>&nbsp; <t...')
#2 C:\xampp\htdocs\magang-tabel\app\Controllers\Supplier.php(77): TCPDF->writeHTML('<!-- DEBUG-VIEW...', true, false, true, false, '')
#3 C:\xampp\htdocs\magang-tabel\system\CodeIgniter.php(928): App\Controllers\Supplier->pdf('12321312')
#4 C:\xampp\htdocs\magang-tabel\system\CodeIgniter.php(436): CodeIgniter\CodeIgniter->runController(Object(App\Controllers\Supplier))
#5 C:\xampp\htdocs\magang-tabel\system\CodeIgniter.php(336): CodeIgniter\CodeIgniter->handleRequest(NULL, Object(Config\Cache), false)
#6 C:\xampp\htdocs\magang-tabel\public\index.php(37): CodeIgniter\CodeIgniter->run()
#7 C:\xampp\htdocs\magang-tabel\system\Commands\Server\rewrite.php(45): require_once('C:\\xampp\\htdocs...')
#8 {main}
CRITICAL - 2021-08-11 09:51:04 --> Cannot use object of type stdClass as array
#0 C:\xampp\htdocs\magang-tabel\system\View\View.php(230): include()
#1 C:\xampp\htdocs\magang-tabel\system\View\View.php(232): CodeIgniter\View\View->CodeIgniter\View\{closure}()
#2 C:\xampp\htdocs\magang-tabel\system\Common.php(1271): CodeIgniter\View\View->render('/button/inv/inv...', Array, true)
#3 C:\xampp\htdocs\magang-tabel\app\Controllers\Supplier.php(67): view('/button/inv/inv...', Array)
#4 C:\xampp\htdocs\magang-tabel\system\CodeIgniter.php(928): App\Controllers\Supplier->pdf('12321312')
#5 C:\xampp\htdocs\magang-tabel\system\CodeIgniter.php(436): CodeIgniter\CodeIgniter->runController(Object(App\Controllers\Supplier))
#6 C:\xampp\htdocs\magang-tabel\system\CodeIgniter.php(336): CodeIgniter\CodeIgniter->handleRequest(NULL, Object(Config\Cache), false)
#7 C:\xampp\htdocs\magang-tabel\public\index.php(37): CodeIgniter\CodeIgniter->run()
#8 C:\xampp\htdocs\magang-tabel\system\Commands\Server\rewrite.php(45): require_once('C:\\xampp\\htdocs...')
#9 {main}
CRITICAL - 2021-08-11 09:52:21 --> Cannot use object of type stdClass as array
#0 C:\xampp\htdocs\magang-tabel\system\View\View.php(230): include()
#1 C:\xampp\htdocs\magang-tabel\system\View\View.php(232): CodeIgniter\View\View->CodeIgniter\View\{closure}()
#2 C:\xampp\htdocs\magang-tabel\system\Common.php(1271): CodeIgniter\View\View->render('/button/inv/inv...', Array, true)
#3 C:\xampp\htdocs\magang-tabel\app\Controllers\Supplier.php(67): view('/button/inv/inv...', Array)
#4 C:\xampp\htdocs\magang-tabel\system\CodeIgniter.php(928): App\Controllers\Supplier->pdf('12321312')
#5 C:\xampp\htdocs\magang-tabel\system\CodeIgniter.php(436): CodeIgniter\CodeIgniter->runController(Object(App\Controllers\Supplier))
#6 C:\xampp\htdocs\magang-tabel\system\CodeIgniter.php(336): CodeIgniter\CodeIgniter->handleRequest(NULL, Object(Config\Cache), false)
#7 C:\xampp\htdocs\magang-tabel\public\index.php(37): CodeIgniter\CodeIgniter->run()
#8 C:\xampp\htdocs\magang-tabel\system\Commands\Server\rewrite.php(45): require_once('C:\\xampp\\htdocs...')
#9 {main}
CRITICAL - 2021-08-11 09:54:51 --> Call to a member function FindAll() on null
#0 C:\xampp\htdocs\magang-tabel\app\Controllers\Supplier.php(66): App\Models\kertasModel->tampil('kertas')
#1 C:\xampp\htdocs\magang-tabel\system\CodeIgniter.php(928): App\Controllers\Supplier->pdf('12321312')
#2 C:\xampp\htdocs\magang-tabel\system\CodeIgniter.php(436): CodeIgniter\CodeIgniter->runController(Object(App\Controllers\Supplier))
#3 C:\xampp\htdocs\magang-tabel\system\CodeIgniter.php(336): CodeIgniter\CodeIgniter->handleRequest(NULL, Object(Config\Cache), false)
#4 C:\xampp\htdocs\magang-tabel\public\index.php(37): CodeIgniter\CodeIgniter->run()
#5 C:\xampp\htdocs\magang-tabel\system\Commands\Server\rewrite.php(45): require_once('C:\\xampp\\htdocs...')
#6 {main}
CRITICAL - 2021-08-11 09:55:19 --> Call to a member function FindAll() on null
#0 C:\xampp\htdocs\magang-tabel\app\Controllers\Supplier.php(66): App\Models\kertasModel->tampil('kertas')
#1 C:\xampp\htdocs\magang-tabel\system\CodeIgniter.php(928): App\Controllers\Supplier->pdf('12321312')
#2 C:\xampp\htdocs\magang-tabel\system\CodeIgniter.php(436): CodeIgniter\CodeIgniter->runController(Object(App\Controllers\Supplier))
#3 C:\xampp\htdocs\magang-tabel\system\CodeIgniter.php(336): CodeIgniter\CodeIgniter->handleRequest(NULL, Object(Config\Cache), false)
#4 C:\xampp\htdocs\magang-tabel\public\index.php(37): CodeIgniter\CodeIgniter->run()
#5 C:\xampp\htdocs\magang-tabel\system\Commands\Server\rewrite.php(45): require_once('C:\\xampp\\htdocs...')
#6 {main}
CRITICAL - 2021-08-11 09:55:31 --> Call to a member function findAll() on null
#0 C:\xampp\htdocs\magang-tabel\app\Controllers\Supplier.php(66): App\Models\kertasModel->tampil('kertas')
#1 C:\xampp\htdocs\magang-tabel\system\CodeIgniter.php(928): App\Controllers\Supplier->pdf('12321312')
#2 C:\xampp\htdocs\magang-tabel\system\CodeIgniter.php(436): CodeIgniter\CodeIgniter->runController(Object(App\Controllers\Supplier))
#3 C:\xampp\htdocs\magang-tabel\system\CodeIgniter.php(336): CodeIgniter\CodeIgniter->handleRequest(NULL, Object(Config\Cache), false)
#4 C:\xampp\htdocs\magang-tabel\public\index.php(37): CodeIgniter\CodeIgniter->run()
#5 C:\xampp\htdocs\magang-tabel\system\Commands\Server\rewrite.php(45): require_once('C:\\xampp\\htdocs...')
#6 {main}
CRITICAL - 2021-08-11 09:58:06 --> Call to a member function getResult() on null
#0 C:\xampp\htdocs\magang-tabel\system\CodeIgniter.php(928): App\Controllers\Supplier->pdf('12321312')
#1 C:\xampp\htdocs\magang-tabel\system\CodeIgniter.php(436): CodeIgniter\CodeIgniter->runController(Object(App\Controllers\Supplier))
#2 C:\xampp\htdocs\magang-tabel\system\CodeIgniter.php(336): CodeIgniter\CodeIgniter->handleRequest(NULL, Object(Config\Cache), false)
#3 C:\xampp\htdocs\magang-tabel\public\index.php(37): CodeIgniter\CodeIgniter->run()
#4 C:\xampp\htdocs\magang-tabel\system\Commands\Server\rewrite.php(45): require_once('C:\\xampp\\htdocs...')
#5 {main}
CRITICAL - 2021-08-11 10:06:29 --> Undefined variable $kertas
#0 C:\xampp\htdocs\magang-tabel\app\Views\Button\inv\inv_kertas.php(37): CodeIgniter\Debug\Exceptions->errorHandler(2, 'Undefined varia...', 'C:\\xampp\\htdocs...', 37)
#1 C:\xampp\htdocs\magang-tabel\system\View\View.php(230): include('C:\\xampp\\htdocs...')
#2 C:\xampp\htdocs\magang-tabel\system\View\View.php(232): CodeIgniter\View\View->CodeIgniter\View\{closure}()
#3 C:\xampp\htdocs\magang-tabel\system\Common.php(1271): CodeIgniter\View\View->render('/button/inv/inv...', Array, true)
#4 C:\xampp\htdocs\magang-tabel\app\Controllers\Supplier.php(67): view('/button/inv/inv...', Array)
#5 C:\xampp\htdocs\magang-tabel\system\CodeIgniter.php(928): App\Controllers\Supplier->pdf('12321312')
#6 C:\xampp\htdocs\magang-tabel\system\CodeIgniter.php(436): CodeIgniter\CodeIgniter->runController(Object(App\Controllers\Supplier))
#7 C:\xampp\htdocs\magang-tabel\system\CodeIgniter.php(336): CodeIgniter\CodeIgniter->handleRequest(NULL, Object(Config\Cache), false)
#8 C:\xampp\htdocs\magang-tabel\public\index.php(37): CodeIgniter\CodeIgniter->run()
#9 C:\xampp\htdocs\magang-tabel\system\Commands\Server\rewrite.php(45): require_once('C:\\xampp\\htdocs...')
#10 {main}
CRITICAL - 2021-08-11 10:07:15 --> Cannot use object of type stdClass as array
#0 C:\xampp\htdocs\magang-tabel\system\View\View.php(230): include()
#1 C:\xampp\htdocs\magang-tabel\system\View\View.php(232): CodeIgniter\View\View->CodeIgniter\View\{closure}()
#2 C:\xampp\htdocs\magang-tabel\system\Common.php(1271): CodeIgniter\View\View->render('/button/inv/inv...', Array, true)
#3 C:\xampp\htdocs\magang-tabel\app\Controllers\Supplier.php(67): view('/button/inv/inv...', Array)
#4 C:\xampp\htdocs\magang-tabel\system\CodeIgniter.php(928): App\Controllers\Supplier->pdf('12321312')
#5 C:\xampp\htdocs\magang-tabel\system\CodeIgniter.php(436): CodeIgniter\CodeIgniter->runController(Object(App\Controllers\Supplier))
#6 C:\xampp\htdocs\magang-tabel\system\CodeIgniter.php(336): CodeIgniter\CodeIgniter->handleRequest(NULL, Object(Config\Cache), false)
#7 C:\xampp\htdocs\magang-tabel\public\index.php(37): CodeIgniter\CodeIgniter->run()
#8 C:\xampp\htdocs\magang-tabel\system\Commands\Server\rewrite.php(45): require_once('C:\\xampp\\htdocs...')
#9 {main}
CRITICAL - 2021-08-11 10:17:35 --> Cannot use object of type stdClass as array
#0 C:\xampp\htdocs\magang-tabel\system\View\View.php(230): include()
#1 C:\xampp\htdocs\magang-tabel\system\View\View.php(232): CodeIgniter\View\View->CodeIgniter\View\{closure}()
#2 C:\xampp\htdocs\magang-tabel\system\Common.php(1271): CodeIgniter\View\View->render('/button/inv/inv...', Array, true)
#3 C:\xampp\htdocs\magang-tabel\app\Controllers\Supplier.php(67): view('/button/inv/inv...', Array)
#4 C:\xampp\htdocs\magang-tabel\system\CodeIgniter.php(928): App\Controllers\Supplier->pdf('12321312')
#5 C:\xampp\htdocs\magang-tabel\system\CodeIgniter.php(436): CodeIgniter\CodeIgniter->runController(Object(App\Controllers\Supplier))
#6 C:\xampp\htdocs\magang-tabel\system\CodeIgniter.php(336): CodeIgniter\CodeIgniter->handleRequest(NULL, Object(Config\Cache), false)
#7 C:\xampp\htdocs\magang-tabel\public\index.php(37): CodeIgniter\CodeIgniter->run()
#8 C:\xampp\htdocs\magang-tabel\system\Commands\Server\rewrite.php(45): require_once('C:\\xampp\\htdocs...')
#9 {main}
CRITICAL - 2021-08-11 10:23:02 --> Undefined variable $t
#0 C:\xampp\htdocs\magang-tabel\app\Views\Button\inv\inv_kertas.php(41): CodeIgniter\Debug\Exceptions->errorHandler(2, 'Undefined varia...', 'C:\\xampp\\htdocs...', 41)
#1 C:\xampp\htdocs\magang-tabel\system\View\View.php(230): include('C:\\xampp\\htdocs...')
#2 C:\xampp\htdocs\magang-tabel\system\View\View.php(232): CodeIgniter\View\View->CodeIgniter\View\{closure}()
#3 C:\xampp\htdocs\magang-tabel\system\Common.php(1271): CodeIgniter\View\View->render('/button/inv/inv...', Array, true)
#4 C:\xampp\htdocs\magang-tabel\app\Controllers\Supplier.php(67): view('/button/inv/inv...', Array)
#5 C:\xampp\htdocs\magang-tabel\system\CodeIgniter.php(928): App\Controllers\Supplier->pdf('1')
#6 C:\xampp\htdocs\magang-tabel\system\CodeIgniter.php(436): CodeIgniter\CodeIgniter->runController(Object(App\Controllers\Supplier))
#7 C:\xampp\htdocs\magang-tabel\system\CodeIgniter.php(336): CodeIgniter\CodeIgniter->handleRequest(NULL, Object(Config\Cache), false)
#8 C:\xampp\htdocs\magang-tabel\public\index.php(37): CodeIgniter\CodeIgniter->run()
#9 C:\xampp\htdocs\magang-tabel\system\Commands\Server\rewrite.php(45): require_once('C:\\xampp\\htdocs...')
#10 {main}
CRITICAL - 2021-08-11 10:23:10 --> Attempt to read property "id_kertas" on array
#0 C:\xampp\htdocs\magang-tabel\app\Views\Button\inv\inv_kertas.php(41): CodeIgniter\Debug\Exceptions->errorHandler(2, 'Attempt to read...', 'C:\\xampp\\htdocs...', 41)
#1 C:\xampp\htdocs\magang-tabel\system\View\View.php(230): include('C:\\xampp\\htdocs...')
#2 C:\xampp\htdocs\magang-tabel\system\View\View.php(232): CodeIgniter\View\View->CodeIgniter\View\{closure}()
#3 C:\xampp\htdocs\magang-tabel\system\Common.php(1271): CodeIgniter\View\View->render('/button/inv/inv...', Array, true)
#4 C:\xampp\htdocs\magang-tabel\app\Controllers\Supplier.php(67): view('/button/inv/inv...', Array)
#5 C:\xampp\htdocs\magang-tabel\system\CodeIgniter.php(928): App\Controllers\Supplier->pdf('1')
#6 C:\xampp\htdocs\magang-tabel\system\CodeIgniter.php(436): CodeIgniter\CodeIgniter->runController(Object(App\Controllers\Supplier))
#7 C:\xampp\htdocs\magang-tabel\system\CodeIgniter.php(336): CodeIgniter\CodeIgniter->handleRequest(NULL, Object(Config\Cache), false)
#8 C:\xampp\htdocs\magang-tabel\public\index.php(37): CodeIgniter\CodeIgniter->run()
#9 C:\xampp\htdocs\magang-tabel\system\Commands\Server\rewrite.php(45): require_once('C:\\xampp\\htdocs...')
#10 {main}
CRITICAL - 2021-08-11 10:23:55 --> Attempt to read property "id_kertas" on array
#0 C:\xampp\htdocs\magang-tabel\app\Views\Button\inv\inv_kertas.php(41): CodeIgniter\Debug\Exceptions->errorHandler(2, 'Attempt to read...', 'C:\\xampp\\htdocs...', 41)
#1 C:\xampp\htdocs\magang-tabel\system\View\View.php(230): include('C:\\xampp\\htdocs...')
#2 C:\xampp\htdocs\magang-tabel\system\View\View.php(232): CodeIgniter\View\View->CodeIgniter\View\{closure}()
#3 C:\xampp\htdocs\magang-tabel\system\Common.php(1271): CodeIgniter\View\View->render('/button/inv/inv...', Array, true)
#4 C:\xampp\htdocs\magang-tabel\app\Controllers\Supplier.php(67): view('/button/inv/inv...', Array)
#5 C:\xampp\htdocs\magang-tabel\system\CodeIgniter.php(928): App\Controllers\Supplier->pdf('1')
#6 C:\xampp\htdocs\magang-tabel\system\CodeIgniter.php(436): CodeIgniter\CodeIgniter->runController(Object(App\Controllers\Supplier))
#7 C:\xampp\htdocs\magang-tabel\system\CodeIgniter.php(336): CodeIgniter\CodeIgniter->handleRequest(NULL, Object(Config\Cache), false)
#8 C:\xampp\htdocs\magang-tabel\public\index.php(37): CodeIgniter\CodeIgniter->run()
#9 C:\xampp\htdocs\magang-tabel\system\Commands\Server\rewrite.php(45): require_once('C:\\xampp\\htdocs...')
#10 {main}
CRITICAL - 2021-08-11 10:26:11 --> Attempt to read property "tanggal_pemesanan" on array
#0 C:\xampp\htdocs\magang-tabel\app\Views\Button\inv\inv_kertas.php(42): CodeIgniter\Debug\Exceptions->errorHandler(2, 'Attempt to read...', 'C:\\xampp\\htdocs...', 42)
#1 C:\xampp\htdocs\magang-tabel\system\View\View.php(230): include('C:\\xampp\\htdocs...')
#2 C:\xampp\htdocs\magang-tabel\system\View\View.php(232): CodeIgniter\View\View->CodeIgniter\View\{closure}()
#3 C:\xampp\htdocs\magang-tabel\system\Common.php(1271): CodeIgniter\View\View->render('/button/inv/inv...', Array, true)
#4 C:\xampp\htdocs\magang-tabel\app\Controllers\Supplier.php(67): view('/button/inv/inv...', Array)
#5 C:\xampp\htdocs\magang-tabel\system\CodeIgniter.php(928): App\Controllers\Supplier->pdf('1')
#6 C:\xampp\htdocs\magang-tabel\system\CodeIgniter.php(436): CodeIgniter\CodeIgniter->runController(Object(App\Controllers\Supplier))
#7 C:\xampp\htdocs\magang-tabel\system\CodeIgniter.php(336): CodeIgniter\CodeIgniter->handleRequest(NULL, Object(Config\Cache), false)
#8 C:\xampp\htdocs\magang-tabel\public\index.php(37): CodeIgniter\CodeIgniter->run()
#9 C:\xampp\htdocs\magang-tabel\system\Commands\Server\rewrite.php(45): require_once('C:\\xampp\\htdocs...')
#10 {main}
CRITICAL - 2021-08-11 10:26:22 --> Undefined variable $kertas
#0 C:\xampp\htdocs\magang-tabel\app\Views\Button\inv\inv_kertas.php(36): CodeIgniter\Debug\Exceptions->errorHandler(2, 'Undefined varia...', 'C:\\xampp\\htdocs...', 36)
#1 C:\xampp\htdocs\magang-tabel\system\View\View.php(230): include('C:\\xampp\\htdocs...')
#2 C:\xampp\htdocs\magang-tabel\system\View\View.php(232): CodeIgniter\View\View->CodeIgniter\View\{closure}()
#3 C:\xampp\htdocs\magang-tabel\system\Common.php(1271): CodeIgniter\View\View->render('/button/inv/inv...', Array, true)
#4 C:\xampp\htdocs\magang-tabel\app\Controllers\Supplier.php(67): view('/button/inv/inv...', Array)
#5 C:\xampp\htdocs\magang-tabel\system\CodeIgniter.php(928): App\Controllers\Supplier->pdf('1')
#6 C:\xampp\htdocs\magang-tabel\system\CodeIgniter.php(436): CodeIgniter\CodeIgniter->runController(Object(App\Controllers\Supplier))
#7 C:\xampp\htdocs\magang-tabel\system\CodeIgniter.php(336): CodeIgniter\CodeIgniter->handleRequest(NULL, Object(Config\Cache), false)
#8 C:\xampp\htdocs\magang-tabel\public\index.php(37): CodeIgniter\CodeIgniter->run()
#9 C:\xampp\htdocs\magang-tabel\system\Commands\Server\rewrite.php(45): require_once('C:\\xampp\\htdocs...')
#10 {main}
CRITICAL - 2021-08-11 10:26:27 --> Attempt to read property "id_kertas" on array
#0 C:\xampp\htdocs\magang-tabel\app\Views\Button\inv\inv_kertas.php(41): CodeIgniter\Debug\Exceptions->errorHandler(2, 'Attempt to read...', 'C:\\xampp\\htdocs...', 41)
#1 C:\xampp\htdocs\magang-tabel\system\View\View.php(230): include('C:\\xampp\\htdocs...')
#2 C:\xampp\htdocs\magang-tabel\system\View\View.php(232): CodeIgniter\View\View->CodeIgniter\View\{closure}()
#3 C:\xampp\htdocs\magang-tabel\system\Common.php(1271): CodeIgniter\View\View->render('/button/inv/inv...', Array, true)
#4 C:\xampp\htdocs\magang-tabel\app\Controllers\Supplier.php(67): view('/button/inv/inv...', Array)
#5 C:\xampp\htdocs\magang-tabel\system\CodeIgniter.php(928): App\Controllers\Supplier->pdf('1')
#6 C:\xampp\htdocs\magang-tabel\system\CodeIgniter.php(436): CodeIgniter\CodeIgniter->runController(Object(App\Controllers\Supplier))
#7 C:\xampp\htdocs\magang-tabel\system\CodeIgniter.php(336): CodeIgniter\CodeIgniter->handleRequest(NULL, Object(Config\Cache), false)
#8 C:\xampp\htdocs\magang-tabel\public\index.php(37): CodeIgniter\CodeIgniter->run()
#9 C:\xampp\htdocs\magang-tabel\system\Commands\Server\rewrite.php(45): require_once('C:\\xampp\\htdocs...')
#10 {main}
CRITICAL - 2021-08-11 10:30:44 --> Trying to access array offset on value of type int
#0 C:\xampp\htdocs\magang-tabel\vendor\tecnickcom\tcpdf\tcpdf.php(2283): CodeIgniter\Debug\Exceptions->errorHandler(2, 'Trying to acces...', 'C:\\xampp\\htdocs...', 2283)
#1 C:\xampp\htdocs\magang-tabel\vendor\tecnickcom\tcpdf\tcpdf.php(10123): TCPDF->setPageOrientation(2)
#2 C:\xampp\htdocs\magang-tabel\vendor\tecnickcom\tcpdf\tcpdf.php(3264): TCPDF->_beginpage(2, '')
#3 C:\xampp\htdocs\magang-tabel\vendor\tecnickcom\tcpdf\tcpdf.php(3184): TCPDF->startPage(2, '', false)
#4 C:\xampp\htdocs\magang-tabel\app\Controllers\Supplier.php(75): TCPDF->AddPage(2)
#5 C:\xampp\htdocs\magang-tabel\system\CodeIgniter.php(928): App\Controllers\Supplier->pdf('1')
#6 C:\xampp\htdocs\magang-tabel\system\CodeIgniter.php(436): CodeIgniter\CodeIgniter->runController(Object(App\Controllers\Supplier))
#7 C:\xampp\htdocs\magang-tabel\system\CodeIgniter.php(336): CodeIgniter\CodeIgniter->handleRequest(NULL, Object(Config\Cache), false)
#8 C:\xampp\htdocs\magang-tabel\public\index.php(37): CodeIgniter\CodeIgniter->run()
#9 C:\xampp\htdocs\magang-tabel\system\Commands\Server\rewrite.php(45): require_once('C:\\xampp\\htdocs...')
#10 {main}
CRITICAL - 2021-08-11 10:31:06 --> Array to string conversion
#0 C:\xampp\htdocs\magang-tabel\app\Controllers\Supplier.php(79): CodeIgniter\Debug\Exceptions->errorHandler(2, 'Array to string...', 'C:\\xampp\\htdocs...', 79)
#1 C:\xampp\htdocs\magang-tabel\system\CodeIgniter.php(928): App\Controllers\Supplier->pdf('1')
#2 C:\xampp\htdocs\magang-tabel\system\CodeIgniter.php(436): CodeIgniter\CodeIgniter->runController(Object(App\Controllers\Supplier))
#3 C:\xampp\htdocs\magang-tabel\system\CodeIgniter.php(336): CodeIgniter\CodeIgniter->handleRequest(NULL, Object(Config\Cache), false)
#4 C:\xampp\htdocs\magang-tabel\public\index.php(37): CodeIgniter\CodeIgniter->run()
#5 C:\xampp\htdocs\magang-tabel\system\Commands\Server\rewrite.php(45): require_once('C:\\xampp\\htdocs...')
#6 {main}
ERROR - 2021-08-11 10:52:07 --> Table 'nusita.id_kertas' doesn't exist
CRITICAL - 2021-08-11 10:52:07 --> Table 'nusita.id_kertas' doesn't exist
#0 C:\xampp\htdocs\magang-tabel\system\Database\MySQLi\Connection.php(329): mysqli->query('SELECT *\nFROM `...')
#1 C:\xampp\htdocs\magang-tabel\system\Database\BaseConnection.php(732): CodeIgniter\Database\MySQLi\Connection->execute('SELECT *\nFROM `...')
#2 C:\xampp\htdocs\magang-tabel\system\Database\BaseConnection.php(647): CodeIgniter\Database\BaseConnection->simpleQuery('SELECT *\nFROM `...')
#3 C:\xampp\htdocs\magang-tabel\system\Database\BaseBuilder.php(1881): CodeIgniter\Database\BaseConnection->query('SELECT *\nFROM `...', Array, false)
#4 C:\xampp\htdocs\magang-tabel\app\Models\kertasModel.php(17): CodeIgniter\Database\BaseBuilder->get()
#5 C:\xampp\htdocs\magang-tabel\app\Controllers\Supplier.php(66): App\Models\kertasModel->tampil('kertas')
#6 C:\xampp\htdocs\magang-tabel\system\CodeIgniter.php(928): App\Controllers\Supplier->pdf('1')
#7 C:\xampp\htdocs\magang-tabel\system\CodeIgniter.php(436): CodeIgniter\CodeIgniter->runController(Object(App\Controllers\Supplier))
#8 C:\xampp\htdocs\magang-tabel\system\CodeIgniter.php(336): CodeIgniter\CodeIgniter->handleRequest(NULL, Object(Config\Cache), false)
#9 C:\xampp\htdocs\magang-tabel\public\index.php(37): CodeIgniter\CodeIgniter->run()
#10 C:\xampp\htdocs\magang-tabel\system\Commands\Server\rewrite.php(45): require_once('C:\\xampp\\htdocs...')
#11 {main}
CRITICAL - 2021-08-11 11:06:21 --> Undefined array key "thead"
#0 C:\xampp\htdocs\magang-tabel\vendor\tecnickcom\tcpdf\tcpdf.php(16597): CodeIgniter\Debug\Exceptions->errorHandler(2, 'Undefined array...', 'C:\\xampp\\htdocs...', 16597)
#1 C:\xampp\htdocs\magang-tabel\vendor\tecnickcom\tcpdf\tcpdf.php(17320): TCPDF->getHtmlDomArray('<body>&nbsp; < ...')
#2 C:\xampp\htdocs\magang-tabel\app\Controllers\Supplier.php(80): TCPDF->writeHTML('<!-- DEBUG-VIEW...', true, false, true, false, '')
#3 C:\xampp\htdocs\magang-tabel\system\CodeIgniter.php(928): App\Controllers\Supplier->pdf('1')
#4 C:\xampp\htdocs\magang-tabel\system\CodeIgniter.php(436): CodeIgniter\CodeIgniter->runController(Object(App\Controllers\Supplier))
#5 C:\xampp\htdocs\magang-tabel\system\CodeIgniter.php(336): CodeIgniter\CodeIgniter->handleRequest(NULL, Object(Config\Cache), false)
#6 C:\xampp\htdocs\magang-tabel\public\index.php(37): CodeIgniter\CodeIgniter->run()
#7 C:\xampp\htdocs\magang-tabel\system\Commands\Server\rewrite.php(45): require_once('C:\\xampp\\htdocs...')
#8 {main}
CRITICAL - 2021-08-11 11:22:49 --> substr(): Argument #1 ($string) must be of type string, CodeIgniter\Database\MySQLi\Result given
#0 C:\xampp\htdocs\magang-tabel\app\Controllers\InputButton.php(31): substr(Object(CodeIgniter\Database\MySQLi\Result), 3, 4)
#1 C:\xampp\htdocs\magang-tabel\system\CodeIgniter.php(928): App\Controllers\InputButton->createClient()
#2 C:\xampp\htdocs\magang-tabel\system\CodeIgniter.php(436): CodeIgniter\CodeIgniter->runController(Object(App\Controllers\InputButton))
#3 C:\xampp\htdocs\magang-tabel\system\CodeIgniter.php(336): CodeIgniter\CodeIgniter->handleRequest(NULL, Object(Config\Cache), false)
#4 C:\xampp\htdocs\magang-tabel\public\index.php(37): CodeIgniter\CodeIgniter->run()
#5 C:\xampp\htdocs\magang-tabel\system\Commands\Server\rewrite.php(45): require_once('C:\\xampp\\htdocs...')
#6 {main}
CRITICAL - 2021-08-11 11:29:55 --> substr(): Argument #1 ($string) must be of type string, CodeIgniter\Database\MySQLi\Result given
#0 C:\xampp\htdocs\magang-tabel\app\Controllers\InputButton.php(29): substr(Object(CodeIgniter\Database\MySQLi\Result), 3, 4)
#1 C:\xampp\htdocs\magang-tabel\system\CodeIgniter.php(928): App\Controllers\InputButton->createClient()
#2 C:\xampp\htdocs\magang-tabel\system\CodeIgniter.php(436): CodeIgniter\CodeIgniter->runController(Object(App\Controllers\InputButton))
#3 C:\xampp\htdocs\magang-tabel\system\CodeIgniter.php(336): CodeIgniter\CodeIgniter->handleRequest(NULL, Object(Config\Cache), false)
#4 C:\xampp\htdocs\magang-tabel\public\index.php(37): CodeIgniter\CodeIgniter->run()
#5 C:\xampp\htdocs\magang-tabel\system\Commands\Server\rewrite.php(45): require_once('C:\\xampp\\htdocs...')
#6 {main}
CRITICAL - 2021-08-11 13:29:51 --> Undefined variable $model
#0 C:\xampp\htdocs\magang-tabel\app\Views\Button\inv\inv_kertas.php(52): CodeIgniter\Debug\Exceptions->errorHandler(2, 'Undefined varia...', 'C:\\xampp\\htdocs...', 52)
#1 C:\xampp\htdocs\magang-tabel\system\View\View.php(230): include('C:\\xampp\\htdocs...')
#2 C:\xampp\htdocs\magang-tabel\system\View\View.php(232): CodeIgniter\View\View->CodeIgniter\View\{closure}()
#3 C:\xampp\htdocs\magang-tabel\system\Common.php(1271): CodeIgniter\View\View->render('/button/inv/inv...', Array, true)
#4 C:\xampp\htdocs\magang-tabel\app\Controllers\Supplier.php(67): view('/button/inv/inv...', Array)
#5 C:\xampp\htdocs\magang-tabel\system\CodeIgniter.php(928): App\Controllers\Supplier->pdf('1')
#6 C:\xampp\htdocs\magang-tabel\system\CodeIgniter.php(436): CodeIgniter\CodeIgniter->runController(Object(App\Controllers\Supplier))
#7 C:\xampp\htdocs\magang-tabel\system\CodeIgniter.php(336): CodeIgniter\CodeIgniter->handleRequest(NULL, Object(Config\Cache), false)
#8 C:\xampp\htdocs\magang-tabel\public\index.php(37): CodeIgniter\CodeIgniter->run()
#9 C:\xampp\htdocs\magang-tabel\system\Commands\Server\rewrite.php(45): require_once('C:\\xampp\\htdocs...')
#10 {main}
CRITICAL - 2021-08-11 13:30:46 --> Undefined variable $table
#0 C:\xampp\htdocs\magang-tabel\app\Views\Button\inv\inv_kertas.php(52): CodeIgniter\Debug\Exceptions->errorHandler(2, 'Undefined varia...', 'C:\\xampp\\htdocs...', 52)
#1 C:\xampp\htdocs\magang-tabel\system\View\View.php(230): include('C:\\xampp\\htdocs...')
#2 C:\xampp\htdocs\magang-tabel\system\View\View.php(232): CodeIgniter\View\View->CodeIgniter\View\{closure}()
#3 C:\xampp\htdocs\magang-tabel\system\Common.php(1271): CodeIgniter\View\View->render('/button/inv/inv...', Array, true)
#4 C:\xampp\htdocs\magang-tabel\app\Controllers\Supplier.php(67): view('/button/inv/inv...', Array)
#5 C:\xampp\htdocs\magang-tabel\system\CodeIgniter.php(928): App\Controllers\Supplier->pdf('1')
#6 C:\xampp\htdocs\magang-tabel\system\CodeIgniter.php(436): CodeIgniter\CodeIgniter->runController(Object(App\Controllers\Supplier))
#7 C:\xampp\htdocs\magang-tabel\system\CodeIgniter.php(336): CodeIgniter\CodeIgniter->handleRequest(NULL, Object(Config\Cache), false)
#8 C:\xampp\htdocs\magang-tabel\public\index.php(37): CodeIgniter\CodeIgniter->run()
#9 C:\xampp\htdocs\magang-tabel\system\Commands\Server\rewrite.php(45): require_once('C:\\xampp\\htdocs...')
#10 {main}
CRITICAL - 2021-08-11 13:32:33 --> Undefined variable $model
#0 C:\xampp\htdocs\magang-tabel\app\Views\Button\inv\inv_kertas.php(52): CodeIgniter\Debug\Exceptions->errorHandler(2, 'Undefined varia...', 'C:\\xampp\\htdocs...', 52)
#1 C:\xampp\htdocs\magang-tabel\system\View\View.php(230): include('C:\\xampp\\htdocs...')
#2 C:\xampp\htdocs\magang-tabel\system\View\View.php(232): CodeIgniter\View\View->CodeIgniter\View\{closure}()
#3 C:\xampp\htdocs\magang-tabel\system\Common.php(1271): CodeIgniter\View\View->render('/button/inv/inv...', Array, true)
#4 C:\xampp\htdocs\magang-tabel\app\Controllers\Supplier.php(67): view('/button/inv/inv...', Array)
#5 C:\xampp\htdocs\magang-tabel\system\CodeIgniter.php(928): App\Controllers\Supplier->pdf('1')
#6 C:\xampp\htdocs\magang-tabel\system\CodeIgniter.php(436): CodeIgniter\CodeIgniter->runController(Object(App\Controllers\Supplier))
#7 C:\xampp\htdocs\magang-tabel\system\CodeIgniter.php(336): CodeIgniter\CodeIgniter->handleRequest(NULL, Object(Config\Cache), false)
#8 C:\xampp\htdocs\magang-tabel\public\index.php(37): CodeIgniter\CodeIgniter->run()
#9 C:\xampp\htdocs\magang-tabel\system\Commands\Server\rewrite.php(45): require_once('C:\\xampp\\htdocs...')
#10 {main}
CRITICAL - 2021-08-11 13:38:22 --> Undefined variable $query
#0 C:\xampp\htdocs\magang-tabel\app\Views\Button\inv\inv_kertas.php(52): CodeIgniter\Debug\Exceptions->errorHandler(2, 'Undefined varia...', 'C:\\xampp\\htdocs...', 52)
#1 C:\xampp\htdocs\magang-tabel\system\View\View.php(230): include('C:\\xampp\\htdocs...')
#2 C:\xampp\htdocs\magang-tabel\system\View\View.php(232): CodeIgniter\View\View->CodeIgniter\View\{closure}()
#3 C:\xampp\htdocs\magang-tabel\system\Common.php(1271): CodeIgniter\View\View->render('/button/inv/inv...', Array, true)
#4 C:\xampp\htdocs\magang-tabel\app\Controllers\Supplier.php(67): view('/button/inv/inv...', Array)
#5 C:\xampp\htdocs\magang-tabel\system\CodeIgniter.php(928): App\Controllers\Supplier->pdf('1')
#6 C:\xampp\htdocs\magang-tabel\system\CodeIgniter.php(436): CodeIgniter\CodeIgniter->runController(Object(App\Controllers\Supplier))
#7 C:\xampp\htdocs\magang-tabel\system\CodeIgniter.php(336): CodeIgniter\CodeIgniter->handleRequest(NULL, Object(Config\Cache), false)
#8 C:\xampp\htdocs\magang-tabel\public\index.php(37): CodeIgniter\CodeIgniter->run()
#9 C:\xampp\htdocs\magang-tabel\system\Commands\Server\rewrite.php(45): require_once('C:\\xampp\\htdocs...')
#10 {main}
CRITICAL - 2021-08-11 13:38:35 --> Undefined variable $query
#0 C:\xampp\htdocs\magang-tabel\app\Views\Button\inv\inv_kertas.php(52): CodeIgniter\Debug\Exceptions->errorHandler(2, 'Undefined varia...', 'C:\\xampp\\htdocs...', 52)
#1 C:\xampp\htdocs\magang-tabel\system\View\View.php(230): include('C:\\xampp\\htdocs...')
#2 C:\xampp\htdocs\magang-tabel\system\View\View.php(232): CodeIgniter\View\View->CodeIgniter\View\{closure}()
#3 C:\xampp\htdocs\magang-tabel\system\Common.php(1271): CodeIgniter\View\View->render('/button/inv/inv...', Array, true)
#4 C:\xampp\htdocs\magang-tabel\app\Controllers\Supplier.php(67): view('/button/inv/inv...', Array)
#5 C:\xampp\htdocs\magang-tabel\system\CodeIgniter.php(928): App\Controllers\Supplier->pdf('1')
#6 C:\xampp\htdocs\magang-tabel\system\CodeIgniter.php(436): CodeIgniter\CodeIgniter->runController(Object(App\Controllers\Supplier))
#7 C:\xampp\htdocs\magang-tabel\system\CodeIgniter.php(336): CodeIgniter\CodeIgniter->handleRequest(NULL, Object(Config\Cache), false)
#8 C:\xampp\htdocs\magang-tabel\public\index.php(37): CodeIgniter\CodeIgniter->run()
#9 C:\xampp\htdocs\magang-tabel\system\Commands\Server\rewrite.php(45): require_once('C:\\xampp\\htdocs...')
#10 {main}
CRITICAL - 2021-08-11 13:39:57 --> Undefined variable $query
#0 C:\xampp\htdocs\magang-tabel\app\Views\Button\inv\inv_kertas.php(52): CodeIgniter\Debug\Exceptions->errorHandler(2, 'Undefined varia...', 'C:\\xampp\\htdocs...', 52)
#1 C:\xampp\htdocs\magang-tabel\system\View\View.php(230): include('C:\\xampp\\htdocs...')
#2 C:\xampp\htdocs\magang-tabel\system\View\View.php(232): CodeIgniter\View\View->CodeIgniter\View\{closure}()
#3 C:\xampp\htdocs\magang-tabel\system\Common.php(1271): CodeIgniter\View\View->render('/button/inv/inv...', Array, true)
#4 C:\xampp\htdocs\magang-tabel\app\Controllers\Supplier.php(67): view('/button/inv/inv...', Array)
#5 C:\xampp\htdocs\magang-tabel\system\CodeIgniter.php(928): App\Controllers\Supplier->pdf('1')
#6 C:\xampp\htdocs\magang-tabel\system\CodeIgniter.php(436): CodeIgniter\CodeIgniter->runController(Object(App\Controllers\Supplier))
#7 C:\xampp\htdocs\magang-tabel\system\CodeIgniter.php(336): CodeIgniter\CodeIgniter->handleRequest(NULL, Object(Config\Cache), false)
#8 C:\xampp\htdocs\magang-tabel\public\index.php(37): CodeIgniter\CodeIgniter->run()
#9 C:\xampp\htdocs\magang-tabel\system\Commands\Server\rewrite.php(45): require_once('C:\\xampp\\htdocs...')
#10 {main}
CRITICAL - 2021-08-11 13:40:31 --> Undefined variable $query
#0 C:\xampp\htdocs\magang-tabel\app\Views\Button\inv\inv_kertas.php(52): CodeIgniter\Debug\Exceptions->errorHandler(2, 'Undefined varia...', 'C:\\xampp\\htdocs...', 52)
#1 C:\xampp\htdocs\magang-tabel\system\View\View.php(230): include('C:\\xampp\\htdocs...')
#2 C:\xampp\htdocs\magang-tabel\system\View\View.php(232): CodeIgniter\View\View->CodeIgniter\View\{closure}()
#3 C:\xampp\htdocs\magang-tabel\system\Common.php(1271): CodeIgniter\View\View->render('/button/inv/inv...', Array, true)
#4 C:\xampp\htdocs\magang-tabel\app\Controllers\Supplier.php(67): view('/button/inv/inv...', Array)
#5 C:\xampp\htdocs\magang-tabel\system\CodeIgniter.php(928): App\Controllers\Supplier->pdf('1')
#6 C:\xampp\htdocs\magang-tabel\system\CodeIgniter.php(436): CodeIgniter\CodeIgniter->runController(Object(App\Controllers\Supplier))
#7 C:\xampp\htdocs\magang-tabel\system\CodeIgniter.php(336): CodeIgniter\CodeIgniter->handleRequest(NULL, Object(Config\Cache), false)
#8 C:\xampp\htdocs\magang-tabel\public\index.php(37): CodeIgniter\CodeIgniter->run()
#9 C:\xampp\htdocs\magang-tabel\system\Commands\Server\rewrite.php(45): require_once('C:\\xampp\\htdocs...')
#10 {main}
CRITICAL - 2021-08-11 13:40:32 --> Undefined variable $query
#0 C:\xampp\htdocs\magang-tabel\app\Views\Button\inv\inv_kertas.php(52): CodeIgniter\Debug\Exceptions->errorHandler(2, 'Undefined varia...', 'C:\\xampp\\htdocs...', 52)
#1 C:\xampp\htdocs\magang-tabel\system\View\View.php(230): include('C:\\xampp\\htdocs...')
#2 C:\xampp\htdocs\magang-tabel\system\View\View.php(232): CodeIgniter\View\View->CodeIgniter\View\{closure}()
#3 C:\xampp\htdocs\magang-tabel\system\Common.php(1271): CodeIgniter\View\View->render('/button/inv/inv...', Array, true)
#4 C:\xampp\htdocs\magang-tabel\app\Controllers\Supplier.php(67): view('/button/inv/inv...', Array)
#5 C:\xampp\htdocs\magang-tabel\system\CodeIgniter.php(928): App\Controllers\Supplier->pdf('1')
#6 C:\xampp\htdocs\magang-tabel\system\CodeIgniter.php(436): CodeIgniter\CodeIgniter->runController(Object(App\Controllers\Supplier))
#7 C:\xampp\htdocs\magang-tabel\system\CodeIgniter.php(336): CodeIgniter\CodeIgniter->handleRequest(NULL, Object(Config\Cache), false)
#8 C:\xampp\htdocs\magang-tabel\public\index.php(37): CodeIgniter\CodeIgniter->run()
#9 C:\xampp\htdocs\magang-tabel\system\Commands\Server\rewrite.php(45): require_once('C:\\xampp\\htdocs...')
#10 {main}
CRITICAL - 2021-08-11 13:41:04 --> Too few arguments to function App\Models\kertasModel::tampil(), 1 passed in C:\xampp\htdocs\magang-tabel\app\Controllers\Supplier.php on line 66 and exactly 2 expected
#0 C:\xampp\htdocs\magang-tabel\app\Controllers\Supplier.php(66): App\Models\kertasModel->tampil('kertas')
#1 C:\xampp\htdocs\magang-tabel\system\CodeIgniter.php(928): App\Controllers\Supplier->pdf('1')
#2 C:\xampp\htdocs\magang-tabel\system\CodeIgniter.php(436): CodeIgniter\CodeIgniter->runController(Object(App\Controllers\Supplier))
#3 C:\xampp\htdocs\magang-tabel\system\CodeIgniter.php(336): CodeIgniter\CodeIgniter->handleRequest(NULL, Object(Config\Cache), false)
#4 C:\xampp\htdocs\magang-tabel\public\index.php(37): CodeIgniter\CodeIgniter->run()
#5 C:\xampp\htdocs\magang-tabel\system\Commands\Server\rewrite.php(45): require_once('C:\\xampp\\htdocs...')
#6 {main}
CRITICAL - 2021-08-11 13:41:30 --> Undefined variable $query
#0 C:\xampp\htdocs\magang-tabel\app\Views\Button\inv\inv_kertas.php(52): CodeIgniter\Debug\Exceptions->errorHandler(2, 'Undefined varia...', 'C:\\xampp\\htdocs...', 52)
#1 C:\xampp\htdocs\magang-tabel\system\View\View.php(230): include('C:\\xampp\\htdocs...')
#2 C:\xampp\htdocs\magang-tabel\system\View\View.php(232): CodeIgniter\View\View->CodeIgniter\View\{closure}()
#3 C:\xampp\htdocs\magang-tabel\system\Common.php(1271): CodeIgniter\View\View->render('/button/inv/inv...', Array, true)
#4 C:\xampp\htdocs\magang-tabel\app\Controllers\Supplier.php(67): view('/button/inv/inv...', Array)
#5 C:\xampp\htdocs\magang-tabel\system\CodeIgniter.php(928): App\Controllers\Supplier->pdf('1')
#6 C:\xampp\htdocs\magang-tabel\system\CodeIgniter.php(436): CodeIgniter\CodeIgniter->runController(Object(App\Controllers\Supplier))
#7 C:\xampp\htdocs\magang-tabel\system\CodeIgniter.php(336): CodeIgniter\CodeIgniter->handleRequest(NULL, Object(Config\Cache), false)
#8 C:\xampp\htdocs\magang-tabel\public\index.php(37): CodeIgniter\CodeIgniter->run()
#9 C:\xampp\htdocs\magang-tabel\system\Commands\Server\rewrite.php(45): require_once('C:\\xampp\\htdocs...')
#10 {main}
CRITICAL - 2021-08-11 13:42:09 --> Undefined property: CodeIgniter\View\View::$kertasModel
#0 C:\xampp\htdocs\magang-tabel\app\Views\Button\inv\inv_kertas.php(49): CodeIgniter\Debug\Exceptions->errorHandler(2, 'Undefined prope...', 'C:\\xampp\\htdocs...', 49)
#1 C:\xampp\htdocs\magang-tabel\system\View\View.php(230): include('C:\\xampp\\htdocs...')
#2 C:\xampp\htdocs\magang-tabel\system\View\View.php(232): CodeIgniter\View\View->CodeIgniter\View\{closure}()
#3 C:\xampp\htdocs\magang-tabel\system\Common.php(1271): CodeIgniter\View\View->render('/button/inv/inv...', Array, true)
#4 C:\xampp\htdocs\magang-tabel\app\Controllers\Supplier.php(67): view('/button/inv/inv...', Array)
#5 C:\xampp\htdocs\magang-tabel\system\CodeIgniter.php(928): App\Controllers\Supplier->pdf('1')
#6 C:\xampp\htdocs\magang-tabel\system\CodeIgniter.php(436): CodeIgniter\CodeIgniter->runController(Object(App\Controllers\Supplier))
#7 C:\xampp\htdocs\magang-tabel\system\CodeIgniter.php(336): CodeIgniter\CodeIgniter->handleRequest(NULL, Object(Config\Cache), false)
#8 C:\xampp\htdocs\magang-tabel\public\index.php(37): CodeIgniter\CodeIgniter->run()
#9 C:\xampp\htdocs\magang-tabel\system\Commands\Server\rewrite.php(45): require_once('C:\\xampp\\htdocs...')
#10 {main}
CRITICAL - 2021-08-11 14:06:42 --> Undefined property: CodeIgniter\View\View::$kertasModel
#0 C:\xampp\htdocs\magang-tabel\app\Views\Button\inv\inv_kertas.php(49): CodeIgniter\Debug\Exceptions->errorHandler(2, 'Undefined prope...', 'C:\\xampp\\htdocs...', 49)
#1 C:\xampp\htdocs\magang-tabel\system\View\View.php(230): include('C:\\xampp\\htdocs...')
#2 C:\xampp\htdocs\magang-tabel\system\View\View.php(232): CodeIgniter\View\View->CodeIgniter\View\{closure}()
#3 C:\xampp\htdocs\magang-tabel\system\Common.php(1271): CodeIgniter\View\View->render('/button/inv/inv...', Array, true)
#4 C:\xampp\htdocs\magang-tabel\app\Controllers\Supplier.php(67): view('/button/inv/inv...', Array)
#5 C:\xampp\htdocs\magang-tabel\system\CodeIgniter.php(928): App\Controllers\Supplier->pdf('1')
#6 C:\xampp\htdocs\magang-tabel\system\CodeIgniter.php(436): CodeIgniter\CodeIgniter->runController(Object(App\Controllers\Supplier))
#7 C:\xampp\htdocs\magang-tabel\system\CodeIgniter.php(336): CodeIgniter\CodeIgniter->handleRequest(NULL, Object(Config\Cache), false)
#8 C:\xampp\htdocs\magang-tabel\public\index.php(37): CodeIgniter\CodeIgniter->run()
#9 C:\xampp\htdocs\magang-tabel\system\Commands\Server\rewrite.php(45): require_once('C:\\xampp\\htdocs...')
#10 {main}
CRITICAL - 2021-08-11 14:18:16 --> Undefined array key "harga_sebelum"
#0 C:\xampp\htdocs\magang-tabel\app\Views\Button\create.php(53): CodeIgniter\Debug\Exceptions->errorHandler(2, 'Undefined array...', 'C:\\xampp\\htdocs...', 53)
#1 C:\xampp\htdocs\magang-tabel\system\View\View.php(230): include('C:\\xampp\\htdocs...')
#2 C:\xampp\htdocs\magang-tabel\system\View\View.php(232): CodeIgniter\View\View->CodeIgniter\View\{closure}()
#3 C:\xampp\htdocs\magang-tabel\system\Common.php(1271): CodeIgniter\View\View->render('button/create', Array, true)
#4 C:\xampp\htdocs\magang-tabel\app\Controllers\InputButton.php(47): view('button/create', Array)
#5 C:\xampp\htdocs\magang-tabel\system\CodeIgniter.php(928): App\Controllers\InputButton->create()
#6 C:\xampp\htdocs\magang-tabel\system\CodeIgniter.php(436): CodeIgniter\CodeIgniter->runController(Object(App\Controllers\InputButton))
#7 C:\xampp\htdocs\magang-tabel\system\CodeIgniter.php(336): CodeIgniter\CodeIgniter->handleRequest(NULL, Object(Config\Cache), false)
#8 C:\xampp\htdocs\magang-tabel\public\index.php(37): CodeIgniter\CodeIgniter->run()
#9 C:\xampp\htdocs\magang-tabel\system\Commands\Server\rewrite.php(45): require_once('C:\\xampp\\htdocs...')
#10 {main}
CRITICAL - 2021-08-11 15:26:01 --> Undefined variable $k
#0 C:\xampp\htdocs\magang-tabel\app\Views\Button\inv\inv_kertas.php(39): CodeIgniter\Debug\Exceptions->errorHandler(2, 'Undefined varia...', 'C:\\xampp\\htdocs...', 39)
#1 C:\xampp\htdocs\magang-tabel\system\View\View.php(230): include('C:\\xampp\\htdocs...')
#2 C:\xampp\htdocs\magang-tabel\system\View\View.php(232): CodeIgniter\View\View->CodeIgniter\View\{closure}()
#3 C:\xampp\htdocs\magang-tabel\system\Common.php(1271): CodeIgniter\View\View->render('/button/inv/inv...', Array, true)
#4 C:\xampp\htdocs\magang-tabel\app\Controllers\Supplier.php(67): view('/button/inv/inv...', Array)
#5 C:\xampp\htdocs\magang-tabel\system\CodeIgniter.php(928): App\Controllers\Supplier->pdf('1')
#6 C:\xampp\htdocs\magang-tabel\system\CodeIgniter.php(436): CodeIgniter\CodeIgniter->runController(Object(App\Controllers\Supplier))
#7 C:\xampp\htdocs\magang-tabel\system\CodeIgniter.php(336): CodeIgniter\CodeIgniter->handleRequest(NULL, Object(Config\Cache), false)
#8 C:\xampp\htdocs\magang-tabel\public\index.php(37): CodeIgniter\CodeIgniter->run()
#9 C:\xampp\htdocs\magang-tabel\system\Commands\Server\rewrite.php(45): require_once('C:\\xampp\\htdocs...')
#10 {main}
CRITICAL - 2021-08-11 15:26:28 --> Undefined variable $t
#0 C:\xampp\htdocs\magang-tabel\app\Views\Button\inv\inv_kertas.php(39): CodeIgniter\Debug\Exceptions->errorHandler(2, 'Undefined varia...', 'C:\\xampp\\htdocs...', 39)
#1 C:\xampp\htdocs\magang-tabel\system\View\View.php(230): include('C:\\xampp\\htdocs...')
#2 C:\xampp\htdocs\magang-tabel\system\View\View.php(232): CodeIgniter\View\View->CodeIgniter\View\{closure}()
#3 C:\xampp\htdocs\magang-tabel\system\Common.php(1271): CodeIgniter\View\View->render('/button/inv/inv...', Array, true)
#4 C:\xampp\htdocs\magang-tabel\app\Controllers\Supplier.php(67): view('/button/inv/inv...', Array)
#5 C:\xampp\htdocs\magang-tabel\system\CodeIgniter.php(928): App\Controllers\Supplier->pdf('1')
#6 C:\xampp\htdocs\magang-tabel\system\CodeIgniter.php(436): CodeIgniter\CodeIgniter->runController(Object(App\Controllers\Supplier))
#7 C:\xampp\htdocs\magang-tabel\system\CodeIgniter.php(336): CodeIgniter\CodeIgniter->handleRequest(NULL, Object(Config\Cache), false)
#8 C:\xampp\htdocs\magang-tabel\public\index.php(37): CodeIgniter\CodeIgniter->run()
#9 C:\xampp\htdocs\magang-tabel\system\Commands\Server\rewrite.php(45): require_once('C:\\xampp\\htdocs...')
#10 {main}
CRITICAL - 2021-08-11 15:26:42 --> Undefined variable $t
#0 C:\xampp\htdocs\magang-tabel\app\Views\Button\inv\inv_kertas.php(39): CodeIgniter\Debug\Exceptions->errorHandler(2, 'Undefined varia...', 'C:\\xampp\\htdocs...', 39)
#1 C:\xampp\htdocs\magang-tabel\system\View\View.php(230): include('C:\\xampp\\htdocs...')
#2 C:\xampp\htdocs\magang-tabel\system\View\View.php(232): CodeIgniter\View\View->CodeIgniter\View\{closure}()
#3 C:\xampp\htdocs\magang-tabel\system\Common.php(1271): CodeIgniter\View\View->render('/button/inv/inv...', Array, true)
#4 C:\xampp\htdocs\magang-tabel\app\Controllers\Supplier.php(67): view('/button/inv/inv...', Array)
#5 C:\xampp\htdocs\magang-tabel\system\CodeIgniter.php(928): App\Controllers\Supplier->pdf('1')
#6 C:\xampp\htdocs\magang-tabel\system\CodeIgniter.php(436): CodeIgniter\CodeIgniter->runController(Object(App\Controllers\Supplier))
#7 C:\xampp\htdocs\magang-tabel\system\CodeIgniter.php(336): CodeIgniter\CodeIgniter->handleRequest(NULL, Object(Config\Cache), false)
#8 C:\xampp\htdocs\magang-tabel\public\index.php(37): CodeIgniter\CodeIgniter->run()
#9 C:\xampp\htdocs\magang-tabel\system\Commands\Server\rewrite.php(45): require_once('C:\\xampp\\htdocs...')
#10 {main}
